       0.000   0.000000E+00   0.000000E+00
       7.582   0.445016E+04   0.125895E+07
      15.163   0.117207E+05   0.331579E+07
      22.745   0.280952E+05   0.794814E+07
      30.327   0.375525E+05   0.106236E+08
      37.909   0.431720E+05   0.122134E+08
      45.490   0.464774E+05   0.131484E+08
      53.072   0.478675E+05   0.135417E+08
      60.654   0.475771E+05   0.134596E+08
      68.235   0.455608E+05   0.128891E+08
      75.817   0.425294E+05   0.120316E+08
      83.399   0.393977E+05   0.111456E+08
      90.981   0.367724E+05   0.104029E+08
      98.562   0.343919E+05   0.972947E+07
     106.144   0.330432E+05   0.934792E+07
     113.726   0.340573E+05   0.963481E+07
     121.307   0.370828E+05   0.104907E+08
     128.889   0.397698E+05   0.112509E+08
     136.471   0.402375E+05   0.113832E+08
     144.052   0.384313E+05   0.108722E+08
     151.634   0.380154E+05   0.107546E+08
     159.216   0.379026E+05   0.107226E+08
     166.798   0.380494E+05   0.107642E+08
     174.379   0.378583E+05   0.107101E+08
     181.961   0.371923E+05   0.105217E+08
     189.543   0.360938E+05   0.102109E+08
     197.124   0.347090E+05   0.981918E+07
     204.706   0.332482E+05   0.940592E+07
     212.288   0.319572E+05   0.904068E+07
     219.870   0.310865E+05   0.879438E+07
     227.451   0.308172E+05   0.871820E+07
     235.033   0.312099E+05   0.882929E+07
     242.615   0.321838E+05   0.910480E+07
     250.196   0.335470E+05   0.949044E+07
     257.778   0.350667E+05   0.992037E+07
     265.360   0.365120E+05   0.103292E+08
     272.942   0.376982E+05   0.106648E+08
     280.523   0.385010E+05   0.108919E+08
     288.105   0.388515E+05   0.109911E+08
     295.687   0.387433E+05   0.109605E+08
     303.268   0.382246E+05   0.108137E+08
     310.850   0.373958E+05   0.105793E+08
     318.432   0.363973E+05   0.102968E+08
     326.013   0.353931E+05   0.100127E+08
     333.595   0.345585E+05   0.977659E+07
     341.177   0.340393E+05   0.962973E+07
     348.759   0.339243E+05   0.959717E+07
     356.340   0.342281E+05   0.968312E+07
     363.922   0.348845E+05   0.986883E+07
     371.504   0.357744E+05   0.101206E+08
     379.085   0.367521E+05   0.103972E+08
     386.667   0.376779E+05   0.106591E+08
     394.249   0.384410E+05   0.108750E+08
     401.831   0.389659E+05   0.110234E+08
     409.412   0.392162E+05   0.110943E+08
     416.994   0.391975E+05   0.110890E+08
     424.576   0.389504E+05   0.110191E+08
     432.157   0.385449E+05   0.109044E+08
     439.739   0.380685E+05   0.107696E+08
     447.321   0.376137E+05   0.106409E+08
     454.903   0.372687E+05   0.105433E+08
     462.484   0.370964E+05   0.104946E+08
     470.066   0.371278E+05   0.105035E+08
     477.648   0.373596E+05   0.105690E+08
     485.229   0.377539E+05   0.106806E+08
     492.811   0.382532E+05   0.108218E+08
     500.393   0.387897E+05   0.109736E+08
     507.974   0.392994E+05   0.111178E+08
     515.556   0.397331E+05   0.112405E+08
     523.138   0.400581E+05   0.113324E+08
     530.720   0.402625E+05   0.113903E+08
     538.301   0.403543E+05   0.114162E+08
     545.883   0.403563E+05   0.114168E+08
     553.465   0.403012E+05   0.114012E+08
     561.046   0.402260E+05   0.113799E+08
     568.628   0.401665E+05   0.113631E+08
     576.210   0.401498E+05   0.113584E+08
     583.792   0.401921E+05   0.113704E+08
     591.373   0.402992E+05   0.114007E+08
     598.955   0.404640E+05   0.114473E+08
     606.537   0.406722E+05   0.115062E+08
     614.118   0.409063E+05   0.115724E+08
     621.700   0.411470E+05   0.116405E+08
     629.282   0.413789E+05   0.117061E+08
     636.864   0.415917E+05   0.117663E+08
     644.445   0.417791E+05   0.118193E+08
     652.027   0.419411E+05   0.118651E+08
     659.609   0.420818E+05   0.119050E+08
     667.190   0.422071E+05   0.119404E+08
     674.772   0.423248E+05   0.119737E+08
     682.354   0.424441E+05   0.120074E+08
     689.935   0.425724E+05   0.120437E+08
     697.517   0.427169E+05   0.120846E+08
     705.099   0.428841E+05   0.121319E+08
     712.681   0.430767E+05   0.121864E+08
     720.262   0.432959E+05   0.122484E+08
     727.844   0.435389E+05   0.123172E+08
     735.426   0.437980E+05   0.123904E+08
     743.007   0.440621E+05   0.124652E+08
     750.589   0.443175E+05   0.125374E+08
     758.171   0.445479E+05   0.126026E+08
     765.753   0.447389E+05   0.126566E+08
     773.334   0.448816E+05   0.126970E+08
     780.916   0.449726E+05   0.127227E+08
     788.498   0.450172E+05   0.127354E+08
     796.079   0.450330E+05   0.127398E+08
     803.661   0.450473E+05   0.127439E+08
     811.243   0.450946E+05   0.127573E+08
     818.825   0.452198E+05   0.127927E+08
     826.406   0.454871E+05   0.128683E+08
     833.988   0.460066E+05   0.130153E+08
     841.570   0.470223E+05   0.133026E+08
     849.151   0.482214E+05   0.136418E+08
     856.733   0.493832E+05   0.139705E+08
     864.315   0.499948E+05   0.141435E+08
     871.896   0.503094E+05   0.142325E+08
     879.478   0.504291E+05   0.142664E+08
     887.060   0.504033E+05   0.142591E+08
     894.642   0.502712E+05   0.142217E+08
     902.223   0.500759E+05   0.141665E+08
     909.805   0.498634E+05   0.141064E+08
     917.387   0.496824E+05   0.140552E+08
     924.968   0.495836E+05   0.140272E+08
     932.550   0.496110E+05   0.140349E+08
     940.132   0.497942E+05   0.140868E+08
     947.714   0.501454E+05   0.141861E+08
     955.295   0.506583E+05   0.143312E+08
     962.877   0.513068E+05   0.145147E+08
     970.459   0.520426E+05   0.147228E+08
     978.040   0.528057E+05   0.149387E+08
     985.622   0.535308E+05   0.151439E+08
     993.204   0.541577E+05   0.153212E+08
    1000.786   0.546370E+05   0.154568E+08
    1008.367   0.549377E+05   0.155419E+08
    1015.949   0.550531E+05   0.155745E+08
    1023.531   0.550002E+05   0.155595E+08
    1031.112   0.548192E+05   0.155084E+08
    1038.694   0.545662E+05   0.154368E+08
    1046.276   0.542980E+05   0.153609E+08
    1053.857   0.540632E+05   0.152945E+08
    1061.439   0.538903E+05   0.152456E+08
    1069.021   0.537923E+05   0.152179E+08
    1076.603   0.537681E+05   0.152110E+08
    1084.184   0.538099E+05   0.152228E+08
    1091.766   0.539278E+05   0.152562E+08
    1099.348   0.541623E+05   0.153225E+08
    1106.929   0.545825E+05   0.154414E+08
    1114.511   0.552753E+05   0.156374E+08
    1122.093   0.563143E+05   0.159313E+08
    1129.675   0.577276E+05   0.163311E+08
    1137.256   0.594519E+05   0.168189E+08
    1144.838   0.613156E+05   0.173462E+08
    1152.420   0.630621E+05   0.178403E+08
    1160.001   0.643827E+05   0.182139E+08
    1167.583   0.649646E+05   0.183785E+08
    1175.165   0.645487E+05   0.182608E+08
    1182.747   0.629967E+05   0.178218E+08
    1190.328   0.603403E+05   0.170703E+08
    1197.910   0.568416E+05   0.160805E+08
    1205.492   0.530795E+05   0.150162E+08
    1213.073   0.499692E+05   0.141363E+08
    1220.655   0.485841E+05   0.137444E+08
    1228.237   0.497115E+05   0.140634E+08
    1235.819   0.533483E+05   0.150922E+08
    1243.400   0.586752E+05   0.165992E+08
    1250.982   0.645076E+05   0.182492E+08
    1258.564   0.697539E+05   0.197334E+08
    1266.145   0.735822E+05   0.208164E+08
    1273.727   0.754775E+05   0.213526E+08
    1281.309   0.752415E+05   0.212858E+08
    1288.890   0.730284E+05   0.206597E+08
    1296.472   0.693520E+05   0.196197E+08
    1304.054   0.650446E+05   0.184011E+08
    1311.636   0.611705E+05   0.173051E+08
    1319.217   0.587389E+05   0.166172E+08
    1326.799   0.582125E+05   0.164683E+08
    1334.381   0.592055E+05   0.167492E+08
    1341.962   0.606150E+05   0.171480E+08
    1349.544   0.609878E+05   0.172534E+08
    1357.126   0.585625E+05   0.165673E+08
    1364.708   0.506689E+05   0.143342E+08
    1372.289   0.421183E+05   0.119153E+08
    1379.871   0.357403E+05   0.101109E+08
    1387.453   0.343615E+05   0.972088E+07
    1395.034   0.366380E+05   0.103649E+08
    1402.616   0.415166E+05   0.117450E+08
    1410.198   0.480515E+05   0.135938E+08
    1417.780   0.554572E+05   0.156888E+08
    1425.361   0.630086E+05   0.178251E+08
    1432.943   0.700659E+05   0.198216E+08
    1440.525   0.760172E+05   0.215053E+08
    1448.106   0.802386E+05   0.226995E+08
    1455.688   0.821121E+05   0.232295E+08
    1463.270   0.809701E+05   0.229064E+08
    1470.851   0.761205E+05   0.215345E+08
    1478.433   0.667016E+05   0.188699E+08
    1486.015   0.514679E+05   0.145603E+08
    1493.597   0.287862E+05   0.814362E+07
    1501.178   0.111981E+05   0.316794E+07
    1508.760   0.600838E+05   0.169977E+08
