       0.000   0.120000E+01
       7.582   0.120000E+01
      15.163   0.120000E+01
      22.745   0.129048E+01
      30.327   0.134318E+01
      37.909   0.137775E+01
      45.490   0.139871E+01
      53.072   0.140683E+01
      60.654   0.140862E+01
      68.235   0.139598E+01
      75.817   0.138843E+01
      83.399   0.142344E+01
      90.981   0.143723E+01
      98.562   0.143660E+01
     106.144   0.149281E+01
     113.726   0.153091E+01
     121.307   0.151961E+01
     128.889   0.150273E+01
     136.471   0.157982E+01
     144.052   0.155323E+01
     151.634   0.141290E+01
     159.216   0.142937E+01
     166.798   0.182970E+01
     174.379   0.181960E+01
     181.961   0.182545E+01
     189.543   0.185199E+01
     197.124   0.186684E+01
     204.706   0.186942E+01
     212.288   0.186694E+01
     219.870   0.191684E+01
     227.451   0.195641E+01
     235.033   0.198436E+01
     242.615   0.199978E+01
     250.196   0.200213E+01
     257.778   0.199123E+01
     265.360   0.196723E+01
     272.942   0.193069E+01
     280.523   0.188253E+01
     288.105   0.190809E+01
     295.687   0.192822E+01
     303.268   0.193788E+01
     310.850   0.193677E+01
     318.432   0.192481E+01
     326.013   0.192842E+01
     333.595   0.194410E+01
     341.177   0.195928E+01
     348.759   0.197392E+01
     356.340   0.198802E+01
     363.922   0.200156E+01
     371.504   0.201452E+01
     379.085   0.202688E+01
     386.667   0.203863E+01
     394.249   0.204974E+01
     401.831   0.206022E+01
     409.412   0.207004E+01
     416.994   0.207918E+01
     424.576   0.209248E+01
     432.157   0.211074E+01
     439.739   0.212892E+01
     447.321   0.214702E+01
     454.903   0.216504E+01
     462.484   0.218298E+01
     470.066   0.220082E+01
     477.648   0.221857E+01
     485.229   0.223622E+01
     492.811   0.225378E+01
     500.393   0.227123E+01
     507.974   0.228857E+01
     515.556   0.230580E+01
     523.138   0.232293E+01
     530.720   0.233993E+01
     538.301   0.235681E+01
     545.883   0.237358E+01
     553.465   0.239021E+01
     561.046   0.240672E+01
     568.628   0.242309E+01
     576.210   0.243932E+01
     583.792   0.245541E+01
     591.373   0.247137E+01
     598.955   0.248717E+01
     606.537   0.250282E+01
     614.118   0.251832E+01
     621.700   0.253366E+01
     629.282   0.254884E+01
     636.864   0.256385E+01
     644.445   0.257870E+01
     652.027   0.259337E+01
     659.609   0.260787E+01
     667.190   0.262219E+01
     674.772   0.263632E+01
     682.354   0.265027E+01
     689.935   0.266403E+01
     697.517   0.267759E+01
     705.099   0.269096E+01
     712.681   0.270412E+01
     720.262   0.271708E+01
     727.844   0.272983E+01
     735.426   0.274236E+01
     743.007   0.275468E+01
     750.589   0.276677E+01
     758.171   0.277864E+01
     765.753   0.279028E+01
     773.334   0.280168E+01
     780.916   0.281285E+01
     788.498   0.282378E+01
     796.079   0.283446E+01
     803.661   0.284489E+01
     811.243   0.285507E+01
     818.825   0.286499E+01
     826.406   0.287464E+01
     833.988   0.288402E+01
     841.570   0.289310E+01
     849.151   0.288414E+01
     856.733   0.289236E+01
     864.315   0.290011E+01
     871.896   0.290736E+01
     879.478   0.291410E+01
     887.060   0.292032E+01
     894.642   0.292602E+01
     902.223   0.293118E+01
     909.805   0.293580E+01
     917.387   0.293987E+01
     924.968   0.294339E+01
     932.550   0.294635E+01
     940.132   0.294874E+01
     947.714   0.295056E+01
     955.295   0.295181E+01
     962.877   0.295247E+01
     970.459   0.295254E+01
     978.040   0.295201E+01
     985.622   0.295089E+01
     993.204   0.294916E+01
    1000.786   0.294681E+01
    1008.367   0.294385E+01
    1015.949   0.294027E+01
    1023.531   0.293606E+01
    1031.112   0.293122E+01
    1038.694   0.292575E+01
    1046.276   0.291963E+01
    1053.857   0.291287E+01
    1061.439   0.290545E+01
    1069.021   0.289739E+01
    1076.603   0.288866E+01
    1084.184   0.287928E+01
    1091.766   0.286923E+01
    1099.348   0.285851E+01
    1106.929   0.284712E+01
    1114.511   0.283505E+01
    1122.093   0.282231E+01
    1129.675   0.280889E+01
    1137.256   0.279478E+01
    1144.838   0.277999E+01
    1152.420   0.276452E+01
    1160.001   0.274835E+01
    1167.583   0.273149E+01
    1175.165   0.271394E+01
    1182.747   0.269570E+01
    1190.328   0.267676E+01
    1197.910   0.265713E+01
    1205.492   0.263680E+01
    1213.073   0.261577E+01
    1220.655   0.259405E+01
    1228.237   0.257164E+01
    1235.819   0.254853E+01
    1243.400   0.252472E+01
    1250.982   0.250022E+01
    1258.564   0.247503E+01
    1266.145   0.244915E+01
    1273.727   0.242258E+01
    1281.309   0.239533E+01
    1288.890   0.236739E+01
    1296.472   0.233877E+01
    1304.054   0.230948E+01
    1311.636   0.227951E+01
    1319.217   0.224887E+01
    1326.799   0.221756E+01
    1334.381   0.218560E+01
    1341.962   0.215298E+01
    1349.544   0.211970E+01
    1357.126   0.208577E+01
    1364.708   0.205117E+01
    1372.289   0.365000E+01
    1379.871   0.365000E+01
    1387.453   0.365000E+01
    1395.034   0.365000E+01
    1402.616   0.365000E+01
    1410.198   0.365000E+01
    1417.780   0.365000E+01
    1425.361   0.365000E+01
    1432.943   0.365000E+01
    1440.525   0.365000E+01
    1448.106   0.365000E+01
    1455.688   0.365000E+01
    1463.270   0.365000E+01
    1470.851   0.365000E+01
    1478.433   0.365000E+01
    1486.015   0.365000E+01
    1493.597   0.322049E+01
    1501.178   0.262406E+01
    1508.760   0.262406E+01
