     0.00    0.000
     7.58    0.000
    15.16    0.000
    22.75    0.000
    30.33    0.000
    37.91    0.000
    45.49    0.000
    53.07    0.000
    60.65    0.000
    68.24    0.000
    75.82    0.000
    83.40    0.000
    90.98    0.000
    98.56    0.000
   106.14    0.000
   113.73    0.000
   121.31    0.000
   128.89    0.000
   136.47    0.000
   144.05    0.000
   151.63    0.000
   159.22    0.000
   166.80    0.573
   174.38    0.956
   181.96    0.956
   189.54    0.956
   197.12    0.956
   204.71    0.956
   212.29    0.956
   219.87    0.956
   227.45    0.956
   235.03    0.956
   242.61    0.956
   250.20    0.956
   257.78    0.956
   265.36    0.956
   272.94    0.956
   280.52    0.956
   288.10    0.956
   295.69    0.956
   303.27    0.956
   310.85    0.956
   318.43    0.956
   326.01    0.956
   333.60    0.956
   341.18    0.956
   348.76    0.956
   356.34    0.956
   363.92    0.956
   371.50    0.956
   379.09    0.956
   386.67    0.956
   394.25    0.956
   401.83    0.956
   409.41    0.956
   416.99    0.956
   424.58    0.956
   432.16    0.956
   439.74    0.956
   447.32    0.956
   454.90    0.956
   462.48    0.956
   470.07    0.956
   477.65    0.956
   485.23    0.956
   492.81    0.956
   500.39    0.956
   507.97    0.956
   515.56    0.956
   523.14    0.956
   530.72    0.956
   538.30    0.956
   545.88    0.956
   553.46    0.956
   561.05    0.956
   568.63    0.956
   576.21    0.956
   583.79    0.956
   591.37    0.956
   598.95    0.956
   606.54    0.956
   614.12    0.956
   621.70    0.956
   629.28    0.956
   636.86    0.956
   644.45    0.956
   652.03    0.956
   659.61    0.956
   667.19    0.956
   674.77    0.956
   682.35    0.956
   689.94    0.956
   697.52    0.956
   705.10    0.956
   712.68    0.956
   720.26    0.956
   727.84    0.956
   735.43    0.956
   743.01    0.956
   750.59    0.956
   758.17    0.956
   765.75    0.956
   773.33    0.956
   780.92    0.956
   788.50    0.956
   796.08    0.956
   803.66    0.956
   811.24    0.956
   818.82    0.956
   826.41    0.956
   833.99    0.956
   841.57    0.956
   849.15    0.986
   856.73    0.986
   864.31    0.986
   871.90    0.986
   879.48    0.986
   887.06    0.986
   894.64    0.986
   902.22    0.986
   909.81    0.986
   917.39    0.986
   924.97    0.986
   932.55    0.986
   940.13    0.986
   947.71    0.986
   955.30    0.986
   962.88    0.986
   970.46    0.986
   978.04    0.986
   985.62    0.986
   993.20    0.986
  1000.79    0.986
  1008.37    0.986
  1015.95    0.986
  1023.53    0.986
  1031.11    0.986
  1038.69    0.986
  1046.28    0.986
  1053.86    0.986
  1061.44    0.986
  1069.02    0.986
  1076.60    0.986
  1084.18    0.986
  1091.77    0.986
  1099.35    0.986
  1106.93    0.986
  1114.51    0.986
  1122.09    0.986
  1129.67    0.986
  1137.26    0.986
  1144.84    0.986
  1152.42    0.986
  1160.00    0.986
  1167.58    0.986
  1175.16    0.986
  1182.75    0.986
  1190.33    0.986
  1197.91    0.986
  1205.49    0.986
  1213.07    0.986
  1220.66    0.986
  1228.24    0.986
  1235.82    0.986
  1243.40    0.986
  1250.98    0.986
  1258.56    0.986
  1266.15    0.986
  1273.73    0.986
  1281.31    0.986
  1288.89    0.986
  1296.47    0.986
  1304.05    0.986
  1311.64    0.986
  1319.22    0.986
  1326.80    0.986
  1334.38    0.986
  1341.96    0.986
  1349.54    0.986
  1357.13    0.986
  1364.71    0.986
  1372.29    0.057
  1379.87    0.057
  1387.45    0.057
  1395.03    0.057
  1402.62    0.057
  1410.20    0.057
  1417.78    0.057
  1425.36    0.057
  1432.94    0.057
  1440.52    0.057
  1448.11    0.057
  1455.69    0.057
  1463.27    0.057
  1470.85    0.057
  1478.43    0.057
  1486.01    0.057
  1493.60    0.057
  1501.18    0.057
  1508.76    0.057
     0.00    0.000
     7.58    0.000
    15.16    0.000
    22.75    0.000
    30.33    0.000
    37.91    0.000
    45.49    0.000
    53.07    0.000
    60.65    0.000
    68.24    0.000
    75.82    0.000
    83.40    0.000
    90.98    0.000
    98.56    0.000
   106.14    0.000
   113.73    0.000
   121.31    0.000
   128.89    0.000
   136.47    0.000
   144.05    0.000
   151.63    0.000
   159.22    0.000
   166.80    0.700
   174.38    0.700
   181.96    0.700
   189.54    0.700
   197.12    0.700
   204.71    0.700
   212.29    0.700
   219.87    0.700
   227.45    0.700
   235.03    0.700
   242.61    0.700
   250.20    0.700
   257.78    0.700
   265.36    0.700
   272.94    0.700
   280.52    0.700
   288.10    0.700
   295.69    0.700
   303.27    0.700
   310.85    0.700
   318.43    0.700
   326.01    0.700
   333.60    0.700
   341.18    0.700
   348.76    0.700
   356.34    0.700
   363.92    0.700
   371.50    0.700
   379.09    0.700
   386.67    0.700
   394.25    0.700
   401.83    0.700
   409.41    0.700
   416.99    0.700
   424.58    0.700
   432.16    0.700
   439.74    0.700
   447.32    0.700
   454.90    0.700
   462.48    0.700
   470.07    0.700
   477.65    0.700
   485.23    0.700
   492.81    0.700
   500.39    0.700
   507.97    0.700
   515.56    0.700
   523.14    0.700
   530.72    0.700
   538.30    0.700
   545.88    0.700
   553.46    0.700
   561.05    0.700
   568.63    0.700
   576.21    0.700
   583.79    0.700
   591.37    0.700
   598.95    0.700
   606.54    0.700
   614.12    0.700
   621.70    0.700
   629.28    0.700
   636.86    0.700
   644.45    0.700
   652.03    0.700
   659.61    0.700
   667.19    0.700
   674.77    0.700
   682.35    0.700
   689.94    0.700
   697.52    0.700
   705.10    0.700
   712.68    0.700
   720.26    0.700
   727.84    0.700
   735.43    0.700
   743.01    0.700
   750.59    0.700
   758.17    0.700
   765.75    0.700
   773.33    0.700
   780.92    0.700
   788.50    0.700
   796.08    0.700
   803.66    0.700
   811.24    0.700
   818.82    0.700
   826.41    0.700
   833.99    0.700
   841.57    0.700
   849.15    0.697
   856.73    0.697
   864.31    0.697
   871.90    0.697
   879.48    0.697
   887.06    0.697
   894.64    0.697
   902.22    0.697
   909.81    0.697
   917.39    0.697
   924.97    0.697
   932.55    0.697
   940.13    0.697
   947.71    0.697
   955.30    0.697
   962.88    0.697
   970.46    0.697
   978.04    0.697
   985.62    0.697
   993.20    0.697
  1000.79    0.697
  1008.37    0.697
  1015.95    0.697
  1023.53    0.697
  1031.11    0.697
  1038.69    0.697
  1046.28    0.697
  1053.86    0.697
  1061.44    0.697
  1069.02    0.697
  1076.60    0.697
  1084.18    0.697
  1091.77    0.697
  1099.35    0.697
  1106.93    0.697
  1114.51    0.697
  1122.09    0.697
  1129.67    0.697
  1137.26    0.697
  1144.84    0.697
  1152.42    0.697
  1160.00    0.697
  1167.58    0.697
  1175.16    0.697
  1182.75    0.697
  1190.33    0.697
  1197.91    0.697
  1205.49    0.697
  1213.07    0.697
  1220.66    0.697
  1228.24    0.697
  1235.82    0.697
  1243.40    0.697
  1250.98    0.697
  1258.56    0.697
  1266.15    0.697
  1273.73    0.697
  1281.31    0.697
  1288.89    0.697
  1296.47    0.697
  1304.05    0.697
  1311.64    0.697
  1319.22    0.697
  1326.80    0.697
  1334.38    0.697
  1341.96    0.697
  1349.54    0.697
  1357.13    0.697
  1364.71    0.697
  1372.29    0.055
  1379.87    0.055
  1387.45    0.055
  1395.03    0.055
  1402.62    0.055
  1410.20    0.055
  1417.78    0.055
  1425.36    0.055
  1432.94    0.055
  1440.52    0.055
  1448.11    0.055
  1455.69    0.055
  1463.27    0.055
  1470.85    0.055
  1478.43    0.055
  1486.01    0.055
  1493.60    0.055
  1501.18    0.055
  1508.76    0.055
     0.00    0.000
     7.58    0.000
    15.16    0.000
    22.75    0.000
    30.33    0.000
    37.91    0.000
    45.49    0.000
    53.07    0.000
    60.65    0.000
    68.24    0.000
    75.82    0.000
    83.40    0.000
    90.98    0.000
    98.56    0.000
   106.14    0.000
   113.73    0.000
   121.31    0.000
   128.89    0.000
   136.47    0.000
   144.05    0.000
   151.63    0.349
   159.22    0.467
   166.80    0.000
   174.38    0.000
   181.96    0.000
   189.54    0.000
   197.12    0.000
   204.71    0.000
   212.29    0.000
   219.87    0.000
   227.45    0.000
   235.03    0.000
   242.61    0.000
   250.20    0.000
   257.78    0.000
   265.36    0.000
   272.94    0.000
   280.52    0.000
   288.10    0.000
   295.69    0.000
   303.27    0.000
   310.85    0.000
   318.43    0.000
   326.01    0.000
   333.60    0.000
   341.18    0.000
   348.76    0.000
   356.34    0.000
   363.92    0.000
   371.50    0.000
   379.09    0.000
   386.67    0.000
   394.25    0.000
   401.83    0.000
   409.41    0.000
   416.99    0.000
   424.58    0.000
   432.16    0.000
   439.74    0.000
   447.32    0.000
   454.90    0.000
   462.48    0.000
   470.07    0.000
   477.65    0.000
   485.23    0.000
   492.81    0.000
   500.39    0.000
   507.97    0.000
   515.56    0.000
   523.14    0.000
   530.72    0.000
   538.30    0.000
   545.88    0.000
   553.46    0.000
   561.05    0.000
   568.63    0.000
   576.21    0.000
   583.79    0.000
   591.37    0.000
   598.95    0.000
   606.54    0.000
   614.12    0.000
   621.70    0.000
   629.28    0.000
   636.86    0.000
   644.45    0.000
   652.03    0.000
   659.61    0.000
   667.19    0.000
   674.77    0.000
   682.35    0.000
   689.94    0.000
   697.52    0.000
   705.10    0.000
   712.68    0.000
   720.26    0.000
   727.84    0.000
   735.43    0.000
   743.01    0.000
   750.59    0.000
   758.17    0.000
   765.75    0.000
   773.33    0.000
   780.92    0.000
   788.50    0.000
   796.08    0.000
   803.66    0.000
   811.24    0.000
   818.82    0.000
   826.41    0.000
   833.99    0.000
   841.57    0.000
   849.15    0.000
   856.73    0.000
   864.31    0.000
   871.90    0.000
   879.48    0.000
   887.06    0.000
   894.64    0.000
   902.22    0.000
   909.81    0.000
   917.39    0.000
   924.97    0.000
   932.55    0.000
   940.13    0.000
   947.71    0.000
   955.30    0.000
   962.88    0.000
   970.46    0.000
   978.04    0.000
   985.62    0.000
   993.20    0.000
  1000.79    0.000
  1008.37    0.000
  1015.95    0.000
  1023.53    0.000
  1031.11    0.000
  1038.69    0.000
  1046.28    0.000
  1053.86    0.000
  1061.44    0.000
  1069.02    0.000
  1076.60    0.000
  1084.18    0.000
  1091.77    0.000
  1099.35    0.000
  1106.93    0.000
  1114.51    0.000
  1122.09    0.000
  1129.67    0.000
  1137.26    0.000
  1144.84    0.000
  1152.42    0.000
  1160.00    0.000
  1167.58    0.000
  1175.16    0.000
  1182.75    0.000
  1190.33    0.000
  1197.91    0.000
  1205.49    0.000
  1213.07    0.000
  1220.66    0.000
  1228.24    0.000
  1235.82    0.000
  1243.40    0.000
  1250.98    0.000
  1258.56    0.000
  1266.15    0.000
  1273.73    0.000
  1281.31    0.000
  1288.89    0.000
  1296.47    0.000
  1304.05    0.000
  1311.64    0.000
  1319.22    0.000
  1326.80    0.000
  1334.38    0.000
  1341.96    0.000
  1349.54    0.000
  1357.13    0.000
  1364.71    0.000
  1372.29    0.000
  1379.87    0.000
  1387.45    0.000
  1395.03    0.000
  1402.62    0.000
  1410.20    0.000
  1417.78    0.000
  1425.36    0.000
  1432.94    0.000
  1440.52    0.000
  1448.11    0.000
  1455.69    0.000
  1463.27    0.000
  1470.85    0.000
  1478.43    0.000
  1486.01    0.000
  1493.60    0.000
  1501.18    0.000
  1508.76    0.000
     0.00    0.000
     7.58    0.000
    15.16    0.000
    22.75    0.000
    30.33    0.000
    37.91    0.000
    45.49    0.000
    53.07    0.000
    60.65    0.000
    68.24    0.000
    75.82    0.000
    83.40    0.000
    90.98    0.000
    98.56    0.000
   106.14    0.000
   113.73    0.000
   121.31    0.000
   128.89    0.000
   136.47    0.000
   144.05    0.251
   151.63    0.689
   159.22    0.453
   166.80    0.000
   174.38    0.000
   181.96    0.000
   189.54    0.000
   197.12    0.000
   204.71    0.000
   212.29    0.000
   219.87    0.000
   227.45    0.000
   235.03    0.000
   242.61    0.000
   250.20    0.000
   257.78    0.000
   265.36    0.000
   272.94    0.000
   280.52    0.000
   288.10    0.000
   295.69    0.000
   303.27    0.000
   310.85    0.000
   318.43    0.000
   326.01    0.000
   333.60    0.000
   341.18    0.000
   348.76    0.000
   356.34    0.000
   363.92    0.000
   371.50    0.000
   379.09    0.000
   386.67    0.000
   394.25    0.000
   401.83    0.000
   409.41    0.000
   416.99    0.000
   424.58    0.000
   432.16    0.000
   439.74    0.000
   447.32    0.000
   454.90    0.000
   462.48    0.000
   470.07    0.000
   477.65    0.000
   485.23    0.000
   492.81    0.000
   500.39    0.000
   507.97    0.000
   515.56    0.000
   523.14    0.000
   530.72    0.000
   538.30    0.000
   545.88    0.000
   553.46    0.000
   561.05    0.000
   568.63    0.000
   576.21    0.000
   583.79    0.000
   591.37    0.000
   598.95    0.000
   606.54    0.000
   614.12    0.000
   621.70    0.000
   629.28    0.000
   636.86    0.000
   644.45    0.000
   652.03    0.000
   659.61    0.000
   667.19    0.000
   674.77    0.000
   682.35    0.000
   689.94    0.000
   697.52    0.000
   705.10    0.000
   712.68    0.000
   720.26    0.000
   727.84    0.000
   735.43    0.000
   743.01    0.000
   750.59    0.000
   758.17    0.000
   765.75    0.000
   773.33    0.000
   780.92    0.000
   788.50    0.000
   796.08    0.000
   803.66    0.000
   811.24    0.000
   818.82    0.000
   826.41    0.000
   833.99    0.000
   841.57    0.000
   849.15    0.000
   856.73    0.000
   864.31    0.000
   871.90    0.000
   879.48    0.000
   887.06    0.000
   894.64    0.000
   902.22    0.000
   909.81    0.000
   917.39    0.000
   924.97    0.000
   932.55    0.000
   940.13    0.000
   947.71    0.000
   955.30    0.000
   962.88    0.000
   970.46    0.000
   978.04    0.000
   985.62    0.000
   993.20    0.000
  1000.79    0.000
  1008.37    0.000
  1015.95    0.000
  1023.53    0.000
  1031.11    0.000
  1038.69    0.000
  1046.28    0.000
  1053.86    0.000
  1061.44    0.000
  1069.02    0.000
  1076.60    0.000
  1084.18    0.000
  1091.77    0.000
  1099.35    0.000
  1106.93    0.000
  1114.51    0.000
  1122.09    0.000
  1129.67    0.000
  1137.26    0.000
  1144.84    0.000
  1152.42    0.000
  1160.00    0.000
  1167.58    0.000
  1175.16    0.000
  1182.75    0.000
  1190.33    0.000
  1197.91    0.000
  1205.49    0.000
  1213.07    0.000
  1220.66    0.000
  1228.24    0.000
  1235.82    0.000
  1243.40    0.000
  1250.98    0.000
  1258.56    0.000
  1266.15    0.000
  1273.73    0.000
  1281.31    0.000
  1288.89    0.000
  1296.47    0.000
  1304.05    0.000
  1311.64    0.000
  1319.22    0.000
  1326.80    0.000
  1334.38    0.000
  1341.96    0.000
  1349.54    0.000
  1357.13    0.000
  1364.71    0.000
  1372.29    0.000
  1379.87    0.000
  1387.45    0.000
  1395.03    0.000
  1402.62    0.000
  1410.20    0.000
  1417.78    0.000
  1425.36    0.000
  1432.94    0.000
  1440.52    0.000
  1448.11    0.000
  1455.69    0.000
  1463.27    0.000
  1470.85    0.000
  1478.43    0.000
  1486.01    0.000
  1493.60    0.000
  1501.18    0.000
  1508.76    0.000
     0.00    0.000
     7.58    0.000
    15.16    0.000
    22.75    0.000
    30.33    0.000
    37.91    0.000
    45.49    0.000
    53.07    0.000
    60.65    0.000
    68.24    0.000
    75.82    0.019
    83.40    0.041
    90.98    0.063
    98.56    0.087
   106.14    0.111
   113.73    0.137
   121.31    0.164
   128.89    0.192
   136.47    0.221
   144.05    0.533
   151.63    0.478
   159.22    0.000
   166.80    0.000
   174.38    0.000
   181.96    0.000
   189.54    0.000
   197.12    0.000
   204.71    0.000
   212.29    0.000
   219.87    0.000
   227.45    0.000
   235.03    0.000
   242.61    0.000
   250.20    0.000
   257.78    0.000
   265.36    0.000
   272.94    0.000
   280.52    0.000
   288.10    0.000
   295.69    0.000
   303.27    0.000
   310.85    0.000
   318.43    0.000
   326.01    0.000
   333.60    0.000
   341.18    0.000
   348.76    0.000
   356.34    0.000
   363.92    0.000
   371.50    0.000
   379.09    0.000
   386.67    0.000
   394.25    0.000
   401.83    0.000
   409.41    0.000
   416.99    0.000
   424.58    0.000
   432.16    0.000
   439.74    0.000
   447.32    0.000
   454.90    0.000
   462.48    0.000
   470.07    0.000
   477.65    0.000
   485.23    0.000
   492.81    0.000
   500.39    0.000
   507.97    0.000
   515.56    0.000
   523.14    0.000
   530.72    0.000
   538.30    0.000
   545.88    0.000
   553.46    0.000
   561.05    0.000
   568.63    0.000
   576.21    0.000
   583.79    0.000
   591.37    0.000
   598.95    0.000
   606.54    0.000
   614.12    0.000
   621.70    0.000
   629.28    0.000
   636.86    0.000
   644.45    0.000
   652.03    0.000
   659.61    0.000
   667.19    0.000
   674.77    0.000
   682.35    0.000
   689.94    0.000
   697.52    0.000
   705.10    0.000
   712.68    0.000
   720.26    0.000
   727.84    0.000
   735.43    0.000
   743.01    0.000
   750.59    0.000
   758.17    0.000
   765.75    0.000
   773.33    0.000
   780.92    0.000
   788.50    0.000
   796.08    0.000
   803.66    0.000
   811.24    0.000
   818.82    0.000
   826.41    0.000
   833.99    0.000
   841.57    0.000
   849.15    0.000
   856.73    0.000
   864.31    0.000
   871.90    0.000
   879.48    0.000
   887.06    0.000
   894.64    0.000
   902.22    0.000
   909.81    0.000
   917.39    0.000
   924.97    0.000
   932.55    0.000
   940.13    0.000
   947.71    0.000
   955.30    0.000
   962.88    0.000
   970.46    0.000
   978.04    0.000
   985.62    0.000
   993.20    0.000
  1000.79    0.000
  1008.37    0.000
  1015.95    0.000
  1023.53    0.000
  1031.11    0.000
  1038.69    0.000
  1046.28    0.000
  1053.86    0.000
  1061.44    0.000
  1069.02    0.000
  1076.60    0.000
  1084.18    0.000
  1091.77    0.000
  1099.35    0.000
  1106.93    0.000
  1114.51    0.000
  1122.09    0.000
  1129.67    0.000
  1137.26    0.000
  1144.84    0.000
  1152.42    0.000
  1160.00    0.000
  1167.58    0.000
  1175.16    0.000
  1182.75    0.000
  1190.33    0.000
  1197.91    0.000
  1205.49    0.000
  1213.07    0.000
  1220.66    0.000
  1228.24    0.000
  1235.82    0.000
  1243.40    0.000
  1250.98    0.000
  1258.56    0.000
  1266.15    0.000
  1273.73    0.000
  1281.31    0.000
  1288.89    0.000
  1296.47    0.000
  1304.05    0.000
  1311.64    0.000
  1319.22    0.000
  1326.80    0.000
  1334.38    0.000
  1341.96    0.000
  1349.54    0.000
  1357.13    0.000
  1364.71    0.000
  1372.29    0.000
  1379.87    0.000
  1387.45    0.000
  1395.03    0.000
  1402.62    0.000
  1410.20    0.000
  1417.78    0.000
  1425.36    0.000
  1432.94    0.000
  1440.52    0.000
  1448.11    0.000
  1455.69    0.000
  1463.27    0.000
  1470.85    0.000
  1478.43    0.000
  1486.01    0.000
  1493.60    0.000
  1501.18    0.000
  1508.76    0.000
     0.00    0.000
     7.58    0.000
    15.16    0.000
    22.75    0.070
    30.33    0.070
    37.91    0.089
    45.49    0.110
    53.07    0.132
    60.65    0.155
    68.24    0.178
    75.82    0.203
    83.40    0.228
    90.98    0.255
    98.56    0.282
   106.14    0.310
   113.73    0.340
   121.31    0.371
   128.89    0.404
   136.47    0.438
   144.05    0.677
   151.63    0.467
   159.22    0.000
   166.80    0.000
   174.38    0.000
   181.96    0.000
   189.54    0.000
   197.12    0.000
   204.71    0.000
   212.29    0.000
   219.87    0.000
   227.45    0.000
   235.03    0.000
   242.61    0.000
   250.20    0.000
   257.78    0.000
   265.36    0.000
   272.94    0.000
   280.52    0.000
   288.10    0.000
   295.69    0.000
   303.27    0.000
   310.85    0.000
   318.43    0.000
   326.01    0.000
   333.60    0.000
   341.18    0.000
   348.76    0.000
   356.34    0.000
   363.92    0.000
   371.50    0.000
   379.09    0.000
   386.67    0.000
   394.25    0.000
   401.83    0.000
   409.41    0.000
   416.99    0.000
   424.58    0.000
   432.16    0.000
   439.74    0.000
   447.32    0.000
   454.90    0.000
   462.48    0.000
   470.07    0.000
   477.65    0.000
   485.23    0.000
   492.81    0.000
   500.39    0.000
   507.97    0.000
   515.56    0.000
   523.14    0.000
   530.72    0.000
   538.30    0.000
   545.88    0.000
   553.46    0.000
   561.05    0.000
   568.63    0.000
   576.21    0.000
   583.79    0.000
   591.37    0.000
   598.95    0.000
   606.54    0.000
   614.12    0.000
   621.70    0.000
   629.28    0.000
   636.86    0.000
   644.45    0.000
   652.03    0.000
   659.61    0.000
   667.19    0.000
   674.77    0.000
   682.35    0.000
   689.94    0.000
   697.52    0.000
   705.10    0.000
   712.68    0.000
   720.26    0.000
   727.84    0.000
   735.43    0.000
   743.01    0.000
   750.59    0.000
   758.17    0.000
   765.75    0.000
   773.33    0.000
   780.92    0.000
   788.50    0.000
   796.08    0.000
   803.66    0.000
   811.24    0.000
   818.82    0.000
   826.41    0.000
   833.99    0.000
   841.57    0.000
   849.15    0.000
   856.73    0.000
   864.31    0.000
   871.90    0.000
   879.48    0.000
   887.06    0.000
   894.64    0.000
   902.22    0.000
   909.81    0.000
   917.39    0.000
   924.97    0.000
   932.55    0.000
   940.13    0.000
   947.71    0.000
   955.30    0.000
   962.88    0.000
   970.46    0.000
   978.04    0.000
   985.62    0.000
   993.20    0.000
  1000.79    0.000
  1008.37    0.000
  1015.95    0.000
  1023.53    0.000
  1031.11    0.000
  1038.69    0.000
  1046.28    0.000
  1053.86    0.000
  1061.44    0.000
  1069.02    0.000
  1076.60    0.000
  1084.18    0.000
  1091.77    0.000
  1099.35    0.000
  1106.93    0.000
  1114.51    0.000
  1122.09    0.000
  1129.67    0.000
  1137.26    0.000
  1144.84    0.000
  1152.42    0.000
  1160.00    0.000
  1167.58    0.000
  1175.16    0.000
  1182.75    0.000
  1190.33    0.000
  1197.91    0.000
  1205.49    0.000
  1213.07    0.000
  1220.66    0.000
  1228.24    0.000
  1235.82    0.000
  1243.40    0.000
  1250.98    0.000
  1258.56    0.000
  1266.15    0.000
  1273.73    0.000
  1281.31    0.000
  1288.89    0.000
  1296.47    0.000
  1304.05    0.000
  1311.64    0.000
  1319.22    0.000
  1326.80    0.000
  1334.38    0.000
  1341.96    0.000
  1349.54    0.000
  1357.13    0.000
  1364.71    0.000
  1372.29    0.000
  1379.87    0.000
  1387.45    0.000
  1395.03    0.000
  1402.62    0.000
  1410.20    0.000
  1417.78    0.000
  1425.36    0.000
  1432.94    0.000
  1440.52    0.000
  1448.11    0.000
  1455.69    0.000
  1463.27    0.000
  1470.85    0.000
  1478.43    0.000
  1486.01    0.000
  1493.60    0.000
  1501.18    0.000
  1508.76    0.000
     0.00    0.000
     7.58    0.000
    15.16    0.000
    22.75    0.230
    30.33    0.230
    37.91    0.253
    45.49    0.277
    53.07    0.302
    60.65    0.327
    68.24    0.354
    75.82    0.381
    83.40    0.410
    90.98    0.441
    98.56    0.472
   106.14    0.505
   113.73    0.539
   121.31    0.575
   128.89    0.613
   136.47    0.645
   144.05    0.492
   151.63    0.394
   159.22    0.000
   166.80    0.000
   174.38    0.000
   181.96    0.000
   189.54    0.000
   197.12    0.000
   204.71    0.000
   212.29    0.000
   219.87    0.000
   227.45    0.000
   235.03    0.000
   242.61    0.000
   250.20    0.000
   257.78    0.000
   265.36    0.000
   272.94    0.000
   280.52    0.000
   288.10    0.000
   295.69    0.000
   303.27    0.000
   310.85    0.000
   318.43    0.000
   326.01    0.000
   333.60    0.000
   341.18    0.000
   348.76    0.000
   356.34    0.000
   363.92    0.000
   371.50    0.000
   379.09    0.000
   386.67    0.000
   394.25    0.000
   401.83    0.000
   409.41    0.000
   416.99    0.000
   424.58    0.000
   432.16    0.000
   439.74    0.000
   447.32    0.000
   454.90    0.000
   462.48    0.000
   470.07    0.000
   477.65    0.000
   485.23    0.000
   492.81    0.000
   500.39    0.000
   507.97    0.000
   515.56    0.000
   523.14    0.000
   530.72    0.000
   538.30    0.000
   545.88    0.000
   553.46    0.000
   561.05    0.000
   568.63    0.000
   576.21    0.000
   583.79    0.000
   591.37    0.000
   598.95    0.000
   606.54    0.000
   614.12    0.000
   621.70    0.000
   629.28    0.000
   636.86    0.000
   644.45    0.000
   652.03    0.000
   659.61    0.000
   667.19    0.000
   674.77    0.000
   682.35    0.000
   689.94    0.000
   697.52    0.000
   705.10    0.000
   712.68    0.000
   720.26    0.000
   727.84    0.000
   735.43    0.000
   743.01    0.000
   750.59    0.000
   758.17    0.000
   765.75    0.000
   773.33    0.000
   780.92    0.000
   788.50    0.000
   796.08    0.000
   803.66    0.000
   811.24    0.000
   818.82    0.000
   826.41    0.000
   833.99    0.000
   841.57    0.000
   849.15    0.000
   856.73    0.000
   864.31    0.000
   871.90    0.000
   879.48    0.000
   887.06    0.000
   894.64    0.000
   902.22    0.000
   909.81    0.000
   917.39    0.000
   924.97    0.000
   932.55    0.000
   940.13    0.000
   947.71    0.000
   955.30    0.000
   962.88    0.000
   970.46    0.000
   978.04    0.000
   985.62    0.000
   993.20    0.000
  1000.79    0.000
  1008.37    0.000
  1015.95    0.000
  1023.53    0.000
  1031.11    0.000
  1038.69    0.000
  1046.28    0.000
  1053.86    0.000
  1061.44    0.000
  1069.02    0.000
  1076.60    0.000
  1084.18    0.000
  1091.77    0.000
  1099.35    0.000
  1106.93    0.000
  1114.51    0.000
  1122.09    0.000
  1129.67    0.000
  1137.26    0.000
  1144.84    0.000
  1152.42    0.000
  1160.00    0.000
  1167.58    0.000
  1175.16    0.000
  1182.75    0.000
  1190.33    0.000
  1197.91    0.000
  1205.49    0.000
  1213.07    0.000
  1220.66    0.000
  1228.24    0.000
  1235.82    0.000
  1243.40    0.000
  1250.98    0.000
  1258.56    0.000
  1266.15    0.000
  1273.73    0.000
  1281.31    0.000
  1288.89    0.000
  1296.47    0.000
  1304.05    0.000
  1311.64    0.000
  1319.22    0.000
  1326.80    0.000
  1334.38    0.000
  1341.96    0.000
  1349.54    0.000
  1357.13    0.000
  1364.71    0.000
  1372.29    0.000
  1379.87    0.000
  1387.45    0.000
  1395.03    0.000
  1402.62    0.000
  1410.20    0.000
  1417.78    0.000
  1425.36    0.000
  1432.94    0.000
  1440.52    0.000
  1448.11    0.000
  1455.69    0.000
  1463.27    0.000
  1470.85    0.000
  1478.43    0.000
  1486.01    0.000
  1493.60    0.000
  1501.18    0.000
  1508.76    0.000
     0.00    0.000
     7.58    0.000
    15.16    0.000
    22.75    0.365
    30.33    0.365
    37.91    0.389
    45.49    0.416
    53.07    0.444
    60.65    0.472
    68.24    0.502
    75.82    0.533
    83.40    0.565
    90.98    0.598
    98.56    0.633
   106.14    0.656
   113.73    0.678
   121.31    0.702
   128.89    0.690
   136.47    0.656
   144.05    0.467
   151.63    0.226
   159.22    0.000
   166.80    0.000
   174.38    0.000
   181.96    0.000
   189.54    0.000
   197.12    0.000
   204.71    0.000
   212.29    0.000
   219.87    0.000
   227.45    0.000
   235.03    0.000
   242.61    0.000
   250.20    0.000
   257.78    0.000
   265.36    0.000
   272.94    0.000
   280.52    0.000
   288.10    0.000
   295.69    0.000
   303.27    0.000
   310.85    0.000
   318.43    0.000
   326.01    0.000
   333.60    0.000
   341.18    0.000
   348.76    0.000
   356.34    0.000
   363.92    0.000
   371.50    0.000
   379.09    0.000
   386.67    0.000
   394.25    0.000
   401.83    0.000
   409.41    0.000
   416.99    0.000
   424.58    0.000
   432.16    0.000
   439.74    0.000
   447.32    0.000
   454.90    0.000
   462.48    0.000
   470.07    0.000
   477.65    0.000
   485.23    0.000
   492.81    0.000
   500.39    0.000
   507.97    0.000
   515.56    0.000
   523.14    0.000
   530.72    0.000
   538.30    0.000
   545.88    0.000
   553.46    0.000
   561.05    0.000
   568.63    0.000
   576.21    0.000
   583.79    0.000
   591.37    0.000
   598.95    0.000
   606.54    0.000
   614.12    0.000
   621.70    0.000
   629.28    0.000
   636.86    0.000
   644.45    0.000
   652.03    0.000
   659.61    0.000
   667.19    0.000
   674.77    0.000
   682.35    0.000
   689.94    0.000
   697.52    0.000
   705.10    0.000
   712.68    0.000
   720.26    0.000
   727.84    0.000
   735.43    0.000
   743.01    0.000
   750.59    0.000
   758.17    0.000
   765.75    0.000
   773.33    0.000
   780.92    0.000
   788.50    0.000
   796.08    0.000
   803.66    0.000
   811.24    0.000
   818.82    0.000
   826.41    0.000
   833.99    0.000
   841.57    0.000
   849.15    0.000
   856.73    0.000
   864.31    0.000
   871.90    0.000
   879.48    0.000
   887.06    0.000
   894.64    0.000
   902.22    0.000
   909.81    0.000
   917.39    0.000
   924.97    0.000
   932.55    0.000
   940.13    0.000
   947.71    0.000
   955.30    0.000
   962.88    0.000
   970.46    0.000
   978.04    0.000
   985.62    0.000
   993.20    0.000
  1000.79    0.000
  1008.37    0.000
  1015.95    0.000
  1023.53    0.000
  1031.11    0.000
  1038.69    0.000
  1046.28    0.000
  1053.86    0.000
  1061.44    0.000
  1069.02    0.000
  1076.60    0.000
  1084.18    0.000
  1091.77    0.000
  1099.35    0.000
  1106.93    0.000
  1114.51    0.000
  1122.09    0.000
  1129.67    0.000
  1137.26    0.000
  1144.84    0.000
  1152.42    0.000
  1160.00    0.000
  1167.58    0.000
  1175.16    0.000
  1182.75    0.000
  1190.33    0.000
  1197.91    0.000
  1205.49    0.000
  1213.07    0.000
  1220.66    0.000
  1228.24    0.000
  1235.82    0.000
  1243.40    0.000
  1250.98    0.000
  1258.56    0.000
  1266.15    0.000
  1273.73    0.000
  1281.31    0.000
  1288.89    0.000
  1296.47    0.000
  1304.05    0.000
  1311.64    0.000
  1319.22    0.000
  1326.80    0.000
  1334.38    0.000
  1341.96    0.000
  1349.54    0.000
  1357.13    0.000
  1364.71    0.000
  1372.29    0.000
  1379.87    0.000
  1387.45    0.000
  1395.03    0.000
  1402.62    0.000
  1410.20    0.000
  1417.78    0.000
  1425.36    0.000
  1432.94    0.000
  1440.52    0.000
  1448.11    0.000
  1455.69    0.000
  1463.27    0.000
  1470.85    0.000
  1478.43    0.000
  1486.01    0.000
  1493.60    0.000
  1501.18    0.000
  1508.76    0.000
     0.00    0.000
     7.58    0.000
    15.16    0.000
    22.75    0.488
    30.33    0.488
    37.91    0.515
    45.49    0.544
    53.07    0.574
    60.65    0.605
    68.24    0.636
    75.82    0.656
    83.40    0.677
    90.98    0.699
    98.56    0.697
   106.14    0.666
   113.73    0.633
   121.31    0.600
   128.89    0.565
   136.47    0.528
   144.05    0.467
   151.63    0.000
   159.22    0.000
   166.80    0.000
   174.38    0.000
   181.96    0.000
   189.54    0.000
   197.12    0.000
   204.71    0.000
   212.29    0.000
   219.87    0.000
   227.45    0.000
   235.03    0.000
   242.61    0.000
   250.20    0.000
   257.78    0.000
   265.36    0.000
   272.94    0.000
   280.52    0.000
   288.10    0.000
   295.69    0.000
   303.27    0.000
   310.85    0.000
   318.43    0.000
   326.01    0.000
   333.60    0.000
   341.18    0.000
   348.76    0.000
   356.34    0.000
   363.92    0.000
   371.50    0.000
   379.09    0.000
   386.67    0.000
   394.25    0.000
   401.83    0.000
   409.41    0.000
   416.99    0.000
   424.58    0.000
   432.16    0.000
   439.74    0.000
   447.32    0.000
   454.90    0.000
   462.48    0.000
   470.07    0.000
   477.65    0.000
   485.23    0.000
   492.81    0.000
   500.39    0.000
   507.97    0.000
   515.56    0.000
   523.14    0.000
   530.72    0.000
   538.30    0.000
   545.88    0.000
   553.46    0.000
   561.05    0.000
   568.63    0.000
   576.21    0.000
   583.79    0.000
   591.37    0.000
   598.95    0.000
   606.54    0.000
   614.12    0.000
   621.70    0.000
   629.28    0.000
   636.86    0.000
   644.45    0.000
   652.03    0.000
   659.61    0.000
   667.19    0.000
   674.77    0.000
   682.35    0.000
   689.94    0.000
   697.52    0.000
   705.10    0.000
   712.68    0.000
   720.26    0.000
   727.84    0.000
   735.43    0.000
   743.01    0.000
   750.59    0.000
   758.17    0.000
   765.75    0.000
   773.33    0.000
   780.92    0.000
   788.50    0.000
   796.08    0.000
   803.66    0.000
   811.24    0.000
   818.82    0.000
   826.41    0.000
   833.99    0.000
   841.57    0.000
   849.15    0.000
   856.73    0.000
   864.31    0.000
   871.90    0.000
   879.48    0.000
   887.06    0.000
   894.64    0.000
   902.22    0.000
   909.81    0.000
   917.39    0.000
   924.97    0.000
   932.55    0.000
   940.13    0.000
   947.71    0.000
   955.30    0.000
   962.88    0.000
   970.46    0.000
   978.04    0.000
   985.62    0.000
   993.20    0.000
  1000.79    0.000
  1008.37    0.000
  1015.95    0.000
  1023.53    0.000
  1031.11    0.000
  1038.69    0.000
  1046.28    0.000
  1053.86    0.000
  1061.44    0.000
  1069.02    0.000
  1076.60    0.000
  1084.18    0.000
  1091.77    0.000
  1099.35    0.000
  1106.93    0.000
  1114.51    0.000
  1122.09    0.000
  1129.67    0.000
  1137.26    0.000
  1144.84    0.000
  1152.42    0.000
  1160.00    0.000
  1167.58    0.000
  1175.16    0.000
  1182.75    0.000
  1190.33    0.000
  1197.91    0.000
  1205.49    0.000
  1213.07    0.000
  1220.66    0.000
  1228.24    0.000
  1235.82    0.000
  1243.40    0.000
  1250.98    0.000
  1258.56    0.000
  1266.15    0.000
  1273.73    0.000
  1281.31    0.000
  1288.89    0.000
  1296.47    0.000
  1304.05    0.000
  1311.64    0.000
  1319.22    0.000
  1326.80    0.000
  1334.38    0.000
  1341.96    0.000
  1349.54    0.000
  1357.13    0.000
  1364.71    0.000
  1372.29    0.000
  1379.87    0.000
  1387.45    0.000
  1395.03    0.000
  1402.62    0.000
  1410.20    0.000
  1417.78    0.000
  1425.36    0.000
  1432.94    0.000
  1440.52    0.000
  1448.11    0.000
  1455.69    0.000
  1463.27    0.000
  1470.85    0.000
  1478.43    0.000
  1486.01    0.000
  1493.60    0.000
  1501.18    0.000
  1508.76    0.000
     0.00    0.000
     7.58    0.000
    15.16    0.000
    22.75    0.620
    30.33    0.620
    37.91    0.643
    45.49    0.662
    53.07    0.682
    60.65    0.702
    68.24    0.696
    75.82    0.667
    83.40    0.637
    90.98    0.606
    98.56    0.574
   106.14    0.541
   113.73    0.509
   121.31    0.493
   128.89    0.475
   136.47    0.467
   144.05    0.457
   151.63    0.000
   159.22    0.000
   166.80    0.000
   174.38    0.000
   181.96    0.000
   189.54    0.000
   197.12    0.000
   204.71    0.000
   212.29    0.000
   219.87    0.000
   227.45    0.000
   235.03    0.000
   242.61    0.000
   250.20    0.000
   257.78    0.000
   265.36    0.000
   272.94    0.000
   280.52    0.000
   288.10    0.000
   295.69    0.000
   303.27    0.000
   310.85    0.000
   318.43    0.000
   326.01    0.000
   333.60    0.000
   341.18    0.000
   348.76    0.000
   356.34    0.000
   363.92    0.000
   371.50    0.000
   379.09    0.000
   386.67    0.000
   394.25    0.000
   401.83    0.000
   409.41    0.000
   416.99    0.000
   424.58    0.000
   432.16    0.000
   439.74    0.000
   447.32    0.000
   454.90    0.000
   462.48    0.000
   470.07    0.000
   477.65    0.000
   485.23    0.000
   492.81    0.000
   500.39    0.000
   507.97    0.000
   515.56    0.000
   523.14    0.000
   530.72    0.000
   538.30    0.000
   545.88    0.000
   553.46    0.000
   561.05    0.000
   568.63    0.000
   576.21    0.000
   583.79    0.000
   591.37    0.000
   598.95    0.000
   606.54    0.000
   614.12    0.000
   621.70    0.000
   629.28    0.000
   636.86    0.000
   644.45    0.000
   652.03    0.000
   659.61    0.000
   667.19    0.000
   674.77    0.000
   682.35    0.000
   689.94    0.000
   697.52    0.000
   705.10    0.000
   712.68    0.000
   720.26    0.000
   727.84    0.000
   735.43    0.000
   743.01    0.000
   750.59    0.000
   758.17    0.000
   765.75    0.000
   773.33    0.000
   780.92    0.000
   788.50    0.000
   796.08    0.000
   803.66    0.000
   811.24    0.000
   818.82    0.000
   826.41    0.000
   833.99    0.000
   841.57    0.000
   849.15    0.000
   856.73    0.000
   864.31    0.000
   871.90    0.000
   879.48    0.000
   887.06    0.000
   894.64    0.000
   902.22    0.000
   909.81    0.000
   917.39    0.000
   924.97    0.000
   932.55    0.000
   940.13    0.000
   947.71    0.000
   955.30    0.000
   962.88    0.000
   970.46    0.000
   978.04    0.000
   985.62    0.000
   993.20    0.000
  1000.79    0.000
  1008.37    0.000
  1015.95    0.000
  1023.53    0.000
  1031.11    0.000
  1038.69    0.000
  1046.28    0.000
  1053.86    0.000
  1061.44    0.000
  1069.02    0.000
  1076.60    0.000
  1084.18    0.000
  1091.77    0.000
  1099.35    0.000
  1106.93    0.000
  1114.51    0.000
  1122.09    0.000
  1129.67    0.000
  1137.26    0.000
  1144.84    0.000
  1152.42    0.000
  1160.00    0.000
  1167.58    0.000
  1175.16    0.000
  1182.75    0.000
  1190.33    0.000
  1197.91    0.000
  1205.49    0.000
  1213.07    0.000
  1220.66    0.000
  1228.24    0.000
  1235.82    0.000
  1243.40    0.000
  1250.98    0.000
  1258.56    0.000
  1266.15    0.000
  1273.73    0.000
  1281.31    0.000
  1288.89    0.000
  1296.47    0.000
  1304.05    0.000
  1311.64    0.000
  1319.22    0.000
  1326.80    0.000
  1334.38    0.000
  1341.96    0.000
  1349.54    0.000
  1357.13    0.000
  1364.71    0.000
  1372.29    0.000
  1379.87    0.000
  1387.45    0.000
  1395.03    0.000
  1402.62    0.000
  1410.20    0.000
  1417.78    0.000
  1425.36    0.000
  1432.94    0.000
  1440.52    0.000
  1448.11    0.000
  1455.69    0.000
  1463.27    0.000
  1470.85    0.000
  1478.43    0.000
  1486.01    0.000
  1493.60    0.000
  1501.18    0.000
  1508.76    0.000
     0.00    0.000
     7.58    0.000
    15.16    0.000
    22.75    0.709
    30.33    0.709
    37.91    0.684
    45.49    0.657
    53.07    0.630
    60.65    0.601
    68.24    0.572
    75.82    0.541
    83.40    0.511
    90.98    0.495
    98.56    0.479
   106.14    0.467
   113.73    0.467
   121.31    0.467
   128.89    0.467
   136.47    0.467
   144.05    0.308
   151.63    0.000
   159.22    0.000
   166.80    0.000
   174.38    0.000
   181.96    0.000
   189.54    0.000
   197.12    0.000
   204.71    0.000
   212.29    0.000
   219.87    0.000
   227.45    0.000
   235.03    0.000
   242.61    0.000
   250.20    0.000
   257.78    0.000
   265.36    0.000
   272.94    0.000
   280.52    0.000
   288.10    0.000
   295.69    0.000
   303.27    0.000
   310.85    0.000
   318.43    0.000
   326.01    0.000
   333.60    0.000
   341.18    0.000
   348.76    0.000
   356.34    0.000
   363.92    0.000
   371.50    0.000
   379.09    0.000
   386.67    0.000
   394.25    0.000
   401.83    0.000
   409.41    0.000
   416.99    0.000
   424.58    0.000
   432.16    0.000
   439.74    0.000
   447.32    0.000
   454.90    0.000
   462.48    0.000
   470.07    0.000
   477.65    0.000
   485.23    0.000
   492.81    0.000
   500.39    0.000
   507.97    0.000
   515.56    0.000
   523.14    0.000
   530.72    0.000
   538.30    0.000
   545.88    0.000
   553.46    0.000
   561.05    0.000
   568.63    0.000
   576.21    0.000
   583.79    0.000
   591.37    0.000
   598.95    0.000
   606.54    0.000
   614.12    0.000
   621.70    0.000
   629.28    0.000
   636.86    0.000
   644.45    0.000
   652.03    0.000
   659.61    0.000
   667.19    0.000
   674.77    0.000
   682.35    0.000
   689.94    0.000
   697.52    0.000
   705.10    0.000
   712.68    0.000
   720.26    0.000
   727.84    0.000
   735.43    0.000
   743.01    0.000
   750.59    0.000
   758.17    0.000
   765.75    0.000
   773.33    0.000
   780.92    0.000
   788.50    0.000
   796.08    0.000
   803.66    0.000
   811.24    0.000
   818.82    0.000
   826.41    0.000
   833.99    0.000
   841.57    0.000
   849.15    0.000
   856.73    0.000
   864.31    0.000
   871.90    0.000
   879.48    0.000
   887.06    0.000
   894.64    0.000
   902.22    0.000
   909.81    0.000
   917.39    0.000
   924.97    0.000
   932.55    0.000
   940.13    0.000
   947.71    0.000
   955.30    0.000
   962.88    0.000
   970.46    0.000
   978.04    0.000
   985.62    0.000
   993.20    0.000
  1000.79    0.000
  1008.37    0.000
  1015.95    0.000
  1023.53    0.000
  1031.11    0.000
  1038.69    0.000
  1046.28    0.000
  1053.86    0.000
  1061.44    0.000
  1069.02    0.000
  1076.60    0.000
  1084.18    0.000
  1091.77    0.000
  1099.35    0.000
  1106.93    0.000
  1114.51    0.000
  1122.09    0.000
  1129.67    0.000
  1137.26    0.000
  1144.84    0.000
  1152.42    0.000
  1160.00    0.000
  1167.58    0.000
  1175.16    0.000
  1182.75    0.000
  1190.33    0.000
  1197.91    0.000
  1205.49    0.000
  1213.07    0.000
  1220.66    0.000
  1228.24    0.000
  1235.82    0.000
  1243.40    0.000
  1250.98    0.000
  1258.56    0.000
  1266.15    0.000
  1273.73    0.000
  1281.31    0.000
  1288.89    0.000
  1296.47    0.000
  1304.05    0.000
  1311.64    0.000
  1319.22    0.000
  1326.80    0.000
  1334.38    0.000
  1341.96    0.000
  1349.54    0.000
  1357.13    0.000
  1364.71    0.000
  1372.29    0.000
  1379.87    0.000
  1387.45    0.000
  1395.03    0.000
  1402.62    0.000
  1410.20    0.000
  1417.78    0.000
  1425.36    0.000
  1432.94    0.000
  1440.52    0.000
  1448.11    0.000
  1455.69    0.000
  1463.27    0.000
  1470.85    0.000
  1478.43    0.000
  1486.01    0.000
  1493.60    0.000
  1501.18    0.000
  1508.76    0.000
     0.00    0.000
     7.58    0.000
    15.16    0.000
    22.75    0.573
    30.33    0.573
    37.91    0.546
    45.49    0.517
    53.07    0.501
    60.65    0.486
    68.24    0.471
    75.82    0.467
    83.40    0.467
    90.98    0.467
    98.56    0.467
   106.14    0.467
   113.73    0.467
   121.31    0.467
   128.89    0.467
   136.47    0.467
   144.05    0.073
   151.63    0.000
   159.22    0.000
   166.80    0.000
   174.38    0.000
   181.96    0.000
   189.54    0.000
   197.12    0.000
   204.71    0.000
   212.29    0.000
   219.87    0.000
   227.45    0.000
   235.03    0.000
   242.61    0.000
   250.20    0.000
   257.78    0.000
   265.36    0.000
   272.94    0.000
   280.52    0.000
   288.10    0.000
   295.69    0.000
   303.27    0.000
   310.85    0.000
   318.43    0.000
   326.01    0.000
   333.60    0.000
   341.18    0.000
   348.76    0.000
   356.34    0.000
   363.92    0.000
   371.50    0.000
   379.09    0.000
   386.67    0.000
   394.25    0.000
   401.83    0.000
   409.41    0.000
   416.99    0.000
   424.58    0.000
   432.16    0.000
   439.74    0.000
   447.32    0.000
   454.90    0.000
   462.48    0.000
   470.07    0.000
   477.65    0.000
   485.23    0.000
   492.81    0.000
   500.39    0.000
   507.97    0.000
   515.56    0.000
   523.14    0.000
   530.72    0.000
   538.30    0.000
   545.88    0.000
   553.46    0.000
   561.05    0.000
   568.63    0.000
   576.21    0.000
   583.79    0.000
   591.37    0.000
   598.95    0.000
   606.54    0.000
   614.12    0.000
   621.70    0.000
   629.28    0.000
   636.86    0.000
   644.45    0.000
   652.03    0.000
   659.61    0.000
   667.19    0.000
   674.77    0.000
   682.35    0.000
   689.94    0.000
   697.52    0.000
   705.10    0.000
   712.68    0.000
   720.26    0.000
   727.84    0.000
   735.43    0.000
   743.01    0.000
   750.59    0.000
   758.17    0.000
   765.75    0.000
   773.33    0.000
   780.92    0.000
   788.50    0.000
   796.08    0.000
   803.66    0.000
   811.24    0.000
   818.82    0.000
   826.41    0.000
   833.99    0.000
   841.57    0.000
   849.15    0.000
   856.73    0.000
   864.31    0.000
   871.90    0.000
   879.48    0.000
   887.06    0.000
   894.64    0.000
   902.22    0.000
   909.81    0.000
   917.39    0.000
   924.97    0.000
   932.55    0.000
   940.13    0.000
   947.71    0.000
   955.30    0.000
   962.88    0.000
   970.46    0.000
   978.04    0.000
   985.62    0.000
   993.20    0.000
  1000.79    0.000
  1008.37    0.000
  1015.95    0.000
  1023.53    0.000
  1031.11    0.000
  1038.69    0.000
  1046.28    0.000
  1053.86    0.000
  1061.44    0.000
  1069.02    0.000
  1076.60    0.000
  1084.18    0.000
  1091.77    0.000
  1099.35    0.000
  1106.93    0.000
  1114.51    0.000
  1122.09    0.000
  1129.67    0.000
  1137.26    0.000
  1144.84    0.000
  1152.42    0.000
  1160.00    0.000
  1167.58    0.000
  1175.16    0.000
  1182.75    0.000
  1190.33    0.000
  1197.91    0.000
  1205.49    0.000
  1213.07    0.000
  1220.66    0.000
  1228.24    0.000
  1235.82    0.000
  1243.40    0.000
  1250.98    0.000
  1258.56    0.000
  1266.15    0.000
  1273.73    0.000
  1281.31    0.000
  1288.89    0.000
  1296.47    0.000
  1304.05    0.000
  1311.64    0.000
  1319.22    0.000
  1326.80    0.000
  1334.38    0.000
  1341.96    0.000
  1349.54    0.000
  1357.13    0.000
  1364.71    0.000
  1372.29    0.000
  1379.87    0.000
  1387.45    0.000
  1395.03    0.000
  1402.62    0.000
  1410.20    0.000
  1417.78    0.000
  1425.36    0.000
  1432.94    0.000
  1440.52    0.000
  1448.11    0.000
  1455.69    0.000
  1463.27    0.000
  1470.85    0.000
  1478.43    0.000
  1486.01    0.000
  1493.60    0.000
  1501.18    0.000
  1508.76    0.000
     0.00    0.000
     7.58    0.000
    15.16    0.000
    22.75    0.478
    30.33    0.478
    37.91    0.467
    45.49    0.467
    53.07    0.467
    60.65    0.467
    68.24    0.467
    75.82    0.467
    83.40    0.467
    90.98    0.467
    98.56    0.467
   106.14    0.467
   113.73    0.467
   121.31    0.461
   128.89    0.452
   136.47    0.412
   144.05    0.000
   151.63    0.000
   159.22    0.000
   166.80    0.000
   174.38    0.000
   181.96    0.000
   189.54    0.000
   197.12    0.000
   204.71    0.000
   212.29    0.000
   219.87    0.000
   227.45    0.000
   235.03    0.000
   242.61    0.000
   250.20    0.000
   257.78    0.000
   265.36    0.000
   272.94    0.000
   280.52    0.000
   288.10    0.000
   295.69    0.000
   303.27    0.000
   310.85    0.000
   318.43    0.000
   326.01    0.000
   333.60    0.000
   341.18    0.000
   348.76    0.000
   356.34    0.000
   363.92    0.000
   371.50    0.000
   379.09    0.000
   386.67    0.000
   394.25    0.000
   401.83    0.000
   409.41    0.000
   416.99    0.000
   424.58    0.000
   432.16    0.000
   439.74    0.000
   447.32    0.000
   454.90    0.000
   462.48    0.000
   470.07    0.000
   477.65    0.000
   485.23    0.000
   492.81    0.000
   500.39    0.000
   507.97    0.000
   515.56    0.000
   523.14    0.000
   530.72    0.000
   538.30    0.000
   545.88    0.000
   553.46    0.000
   561.05    0.000
   568.63    0.000
   576.21    0.000
   583.79    0.000
   591.37    0.000
   598.95    0.000
   606.54    0.000
   614.12    0.000
   621.70    0.000
   629.28    0.000
   636.86    0.000
   644.45    0.000
   652.03    0.000
   659.61    0.000
   667.19    0.000
   674.77    0.000
   682.35    0.000
   689.94    0.000
   697.52    0.000
   705.10    0.000
   712.68    0.000
   720.26    0.000
   727.84    0.000
   735.43    0.000
   743.01    0.000
   750.59    0.000
   758.17    0.000
   765.75    0.000
   773.33    0.000
   780.92    0.000
   788.50    0.000
   796.08    0.000
   803.66    0.000
   811.24    0.000
   818.82    0.000
   826.41    0.000
   833.99    0.000
   841.57    0.000
   849.15    0.000
   856.73    0.000
   864.31    0.000
   871.90    0.000
   879.48    0.000
   887.06    0.000
   894.64    0.000
   902.22    0.000
   909.81    0.000
   917.39    0.000
   924.97    0.000
   932.55    0.000
   940.13    0.000
   947.71    0.000
   955.30    0.000
   962.88    0.000
   970.46    0.000
   978.04    0.000
   985.62    0.000
   993.20    0.000
  1000.79    0.000
  1008.37    0.000
  1015.95    0.000
  1023.53    0.000
  1031.11    0.000
  1038.69    0.000
  1046.28    0.000
  1053.86    0.000
  1061.44    0.000
  1069.02    0.000
  1076.60    0.000
  1084.18    0.000
  1091.77    0.000
  1099.35    0.000
  1106.93    0.000
  1114.51    0.000
  1122.09    0.000
  1129.67    0.000
  1137.26    0.000
  1144.84    0.000
  1152.42    0.000
  1160.00    0.000
  1167.58    0.000
  1175.16    0.000
  1182.75    0.000
  1190.33    0.000
  1197.91    0.000
  1205.49    0.000
  1213.07    0.000
  1220.66    0.000
  1228.24    0.000
  1235.82    0.000
  1243.40    0.000
  1250.98    0.000
  1258.56    0.000
  1266.15    0.000
  1273.73    0.000
  1281.31    0.000
  1288.89    0.000
  1296.47    0.000
  1304.05    0.000
  1311.64    0.000
  1319.22    0.000
  1326.80    0.000
  1334.38    0.000
  1341.96    0.000
  1349.54    0.000
  1357.13    0.000
  1364.71    0.000
  1372.29    0.000
  1379.87    0.000
  1387.45    0.000
  1395.03    0.000
  1402.62    0.000
  1410.20    0.000
  1417.78    0.000
  1425.36    0.000
  1432.94    0.000
  1440.52    0.000
  1448.11    0.000
  1455.69    0.000
  1463.27    0.000
  1470.85    0.000
  1478.43    0.000
  1486.01    0.000
  1493.60    0.000
  1501.18    0.000
  1508.76    0.000
     0.00    0.000
     7.58    0.000
    15.16    0.000
    22.75    0.467
    30.33    0.467
    37.91    0.467
    45.49    0.467
    53.07    0.467
    60.65    0.467
    68.24    0.467
    75.82    0.467
    83.40    0.467
    90.98    0.464
    98.56    0.456
   106.14    0.442
   113.73    0.393
   121.31    0.342
   128.89    0.288
   136.47    0.245
   144.05    0.000
   151.63    0.000
   159.22    0.000
   166.80    0.000
   174.38    0.000
   181.96    0.000
   189.54    0.000
   197.12    0.000
   204.71    0.000
   212.29    0.000
   219.87    0.000
   227.45    0.000
   235.03    0.000
   242.61    0.000
   250.20    0.000
   257.78    0.000
   265.36    0.000
   272.94    0.000
   280.52    0.000
   288.10    0.000
   295.69    0.000
   303.27    0.000
   310.85    0.000
   318.43    0.000
   326.01    0.000
   333.60    0.000
   341.18    0.000
   348.76    0.000
   356.34    0.000
   363.92    0.000
   371.50    0.000
   379.09    0.000
   386.67    0.000
   394.25    0.000
   401.83    0.000
   409.41    0.000
   416.99    0.000
   424.58    0.000
   432.16    0.000
   439.74    0.000
   447.32    0.000
   454.90    0.000
   462.48    0.000
   470.07    0.000
   477.65    0.000
   485.23    0.000
   492.81    0.000
   500.39    0.000
   507.97    0.000
   515.56    0.000
   523.14    0.000
   530.72    0.000
   538.30    0.000
   545.88    0.000
   553.46    0.000
   561.05    0.000
   568.63    0.000
   576.21    0.000
   583.79    0.000
   591.37    0.000
   598.95    0.000
   606.54    0.000
   614.12    0.000
   621.70    0.000
   629.28    0.000
   636.86    0.000
   644.45    0.000
   652.03    0.000
   659.61    0.000
   667.19    0.000
   674.77    0.000
   682.35    0.000
   689.94    0.000
   697.52    0.000
   705.10    0.000
   712.68    0.000
   720.26    0.000
   727.84    0.000
   735.43    0.000
   743.01    0.000
   750.59    0.000
   758.17    0.000
   765.75    0.000
   773.33    0.000
   780.92    0.000
   788.50    0.000
   796.08    0.000
   803.66    0.000
   811.24    0.000
   818.82    0.000
   826.41    0.000
   833.99    0.000
   841.57    0.000
   849.15    0.000
   856.73    0.000
   864.31    0.000
   871.90    0.000
   879.48    0.000
   887.06    0.000
   894.64    0.000
   902.22    0.000
   909.81    0.000
   917.39    0.000
   924.97    0.000
   932.55    0.000
   940.13    0.000
   947.71    0.000
   955.30    0.000
   962.88    0.000
   970.46    0.000
   978.04    0.000
   985.62    0.000
   993.20    0.000
  1000.79    0.000
  1008.37    0.000
  1015.95    0.000
  1023.53    0.000
  1031.11    0.000
  1038.69    0.000
  1046.28    0.000
  1053.86    0.000
  1061.44    0.000
  1069.02    0.000
  1076.60    0.000
  1084.18    0.000
  1091.77    0.000
  1099.35    0.000
  1106.93    0.000
  1114.51    0.000
  1122.09    0.000
  1129.67    0.000
  1137.26    0.000
  1144.84    0.000
  1152.42    0.000
  1160.00    0.000
  1167.58    0.000
  1175.16    0.000
  1182.75    0.000
  1190.33    0.000
  1197.91    0.000
  1205.49    0.000
  1213.07    0.000
  1220.66    0.000
  1228.24    0.000
  1235.82    0.000
  1243.40    0.000
  1250.98    0.000
  1258.56    0.000
  1266.15    0.000
  1273.73    0.000
  1281.31    0.000
  1288.89    0.000
  1296.47    0.000
  1304.05    0.000
  1311.64    0.000
  1319.22    0.000
  1326.80    0.000
  1334.38    0.000
  1341.96    0.000
  1349.54    0.000
  1357.13    0.000
  1364.71    0.000
  1372.29    0.000
  1379.87    0.000
  1387.45    0.000
  1395.03    0.000
  1402.62    0.000
  1410.20    0.000
  1417.78    0.000
  1425.36    0.000
  1432.94    0.000
  1440.52    0.000
  1448.11    0.000
  1455.69    0.000
  1463.27    0.000
  1470.85    0.000
  1478.43    0.000
  1486.01    0.000
  1493.60    0.000
  1501.18    0.000
  1508.76    0.000
     0.00    0.000
     7.58    0.000
    15.16    0.000
    22.75    0.467
    30.33    0.467
    37.91    0.467
    45.49    0.467
    53.07    0.467
    60.65    0.467
    68.24    0.460
    75.82    0.452
    83.40    0.423
    90.98    0.376
    98.56    0.328
   106.14    0.278
   113.73    0.243
   121.31    0.229
   128.89    0.140
   136.47    0.003
   144.05    0.000
   151.63    0.000
   159.22    0.000
   166.80    0.000
   174.38    0.000
   181.96    0.000
   189.54    0.000
   197.12    0.000
   204.71    0.000
   212.29    0.000
   219.87    0.000
   227.45    0.000
   235.03    0.000
   242.61    0.000
   250.20    0.000
   257.78    0.000
   265.36    0.000
   272.94    0.000
   280.52    0.000
   288.10    0.000
   295.69    0.000
   303.27    0.000
   310.85    0.000
   318.43    0.000
   326.01    0.000
   333.60    0.000
   341.18    0.000
   348.76    0.000
   356.34    0.000
   363.92    0.000
   371.50    0.000
   379.09    0.000
   386.67    0.000
   394.25    0.000
   401.83    0.000
   409.41    0.000
   416.99    0.000
   424.58    0.000
   432.16    0.000
   439.74    0.000
   447.32    0.000
   454.90    0.000
   462.48    0.000
   470.07    0.000
   477.65    0.000
   485.23    0.000
   492.81    0.000
   500.39    0.000
   507.97    0.000
   515.56    0.000
   523.14    0.000
   530.72    0.000
   538.30    0.000
   545.88    0.000
   553.46    0.000
   561.05    0.000
   568.63    0.000
   576.21    0.000
   583.79    0.000
   591.37    0.000
   598.95    0.000
   606.54    0.000
   614.12    0.000
   621.70    0.000
   629.28    0.000
   636.86    0.000
   644.45    0.000
   652.03    0.000
   659.61    0.000
   667.19    0.000
   674.77    0.000
   682.35    0.000
   689.94    0.000
   697.52    0.000
   705.10    0.000
   712.68    0.000
   720.26    0.000
   727.84    0.000
   735.43    0.000
   743.01    0.000
   750.59    0.000
   758.17    0.000
   765.75    0.000
   773.33    0.000
   780.92    0.000
   788.50    0.000
   796.08    0.000
   803.66    0.000
   811.24    0.000
   818.82    0.000
   826.41    0.000
   833.99    0.000
   841.57    0.000
   849.15    0.000
   856.73    0.000
   864.31    0.000
   871.90    0.000
   879.48    0.000
   887.06    0.000
   894.64    0.000
   902.22    0.000
   909.81    0.000
   917.39    0.000
   924.97    0.000
   932.55    0.000
   940.13    0.000
   947.71    0.000
   955.30    0.000
   962.88    0.000
   970.46    0.000
   978.04    0.000
   985.62    0.000
   993.20    0.000
  1000.79    0.000
  1008.37    0.000
  1015.95    0.000
  1023.53    0.000
  1031.11    0.000
  1038.69    0.000
  1046.28    0.000
  1053.86    0.000
  1061.44    0.000
  1069.02    0.000
  1076.60    0.000
  1084.18    0.000
  1091.77    0.000
  1099.35    0.000
  1106.93    0.000
  1114.51    0.000
  1122.09    0.000
  1129.67    0.000
  1137.26    0.000
  1144.84    0.000
  1152.42    0.000
  1160.00    0.000
  1167.58    0.000
  1175.16    0.000
  1182.75    0.000
  1190.33    0.000
  1197.91    0.000
  1205.49    0.000
  1213.07    0.000
  1220.66    0.000
  1228.24    0.000
  1235.82    0.000
  1243.40    0.000
  1250.98    0.000
  1258.56    0.000
  1266.15    0.000
  1273.73    0.000
  1281.31    0.000
  1288.89    0.000
  1296.47    0.000
  1304.05    0.000
  1311.64    0.000
  1319.22    0.000
  1326.80    0.000
  1334.38    0.000
  1341.96    0.000
  1349.54    0.000
  1357.13    0.000
  1364.71    0.000
  1372.29    0.000
  1379.87    0.000
  1387.45    0.000
  1395.03    0.000
  1402.62    0.000
  1410.20    0.000
  1417.78    0.000
  1425.36    0.000
  1432.94    0.000
  1440.52    0.000
  1448.11    0.000
  1455.69    0.000
  1463.27    0.000
  1470.85    0.000
  1478.43    0.000
  1486.01    0.000
  1493.60    0.000
  1501.18    0.000
  1508.76    0.000
     0.00    0.000
     7.58    0.000
    15.16    0.000
    22.75    0.467
    30.33    0.467
    37.91    0.463
    45.49    0.456
    53.07    0.446
    60.65    0.403
    68.24    0.359
    75.82    0.313
    83.40    0.266
    90.98    0.241
    98.56    0.228
   106.14    0.136
   113.73    0.008
   121.31    0.000
   128.89    0.000
   136.47    0.000
   144.05    0.000
   151.63    0.000
   159.22    0.000
   166.80    0.000
   174.38    0.000
   181.96    0.000
   189.54    0.000
   197.12    0.000
   204.71    0.000
   212.29    0.000
   219.87    0.000
   227.45    0.000
   235.03    0.000
   242.61    0.000
   250.20    0.000
   257.78    0.000
   265.36    0.000
   272.94    0.000
   280.52    0.000
   288.10    0.000
   295.69    0.000
   303.27    0.000
   310.85    0.000
   318.43    0.000
   326.01    0.000
   333.60    0.000
   341.18    0.000
   348.76    0.000
   356.34    0.000
   363.92    0.000
   371.50    0.000
   379.09    0.000
   386.67    0.000
   394.25    0.000
   401.83    0.000
   409.41    0.000
   416.99    0.000
   424.58    0.000
   432.16    0.000
   439.74    0.000
   447.32    0.000
   454.90    0.000
   462.48    0.000
   470.07    0.000
   477.65    0.000
   485.23    0.000
   492.81    0.000
   500.39    0.000
   507.97    0.000
   515.56    0.000
   523.14    0.000
   530.72    0.000
   538.30    0.000
   545.88    0.000
   553.46    0.000
   561.05    0.000
   568.63    0.000
   576.21    0.000
   583.79    0.000
   591.37    0.000
   598.95    0.000
   606.54    0.000
   614.12    0.000
   621.70    0.000
   629.28    0.000
   636.86    0.000
   644.45    0.000
   652.03    0.000
   659.61    0.000
   667.19    0.000
   674.77    0.000
   682.35    0.000
   689.94    0.000
   697.52    0.000
   705.10    0.000
   712.68    0.000
   720.26    0.000
   727.84    0.000
   735.43    0.000
   743.01    0.000
   750.59    0.000
   758.17    0.000
   765.75    0.000
   773.33    0.000
   780.92    0.000
   788.50    0.000
   796.08    0.000
   803.66    0.000
   811.24    0.000
   818.82    0.000
   826.41    0.000
   833.99    0.000
   841.57    0.000
   849.15    0.000
   856.73    0.000
   864.31    0.000
   871.90    0.000
   879.48    0.000
   887.06    0.000
   894.64    0.000
   902.22    0.000
   909.81    0.000
   917.39    0.000
   924.97    0.000
   932.55    0.000
   940.13    0.000
   947.71    0.000
   955.30    0.000
   962.88    0.000
   970.46    0.000
   978.04    0.000
   985.62    0.000
   993.20    0.000
  1000.79    0.000
  1008.37    0.000
  1015.95    0.000
  1023.53    0.000
  1031.11    0.000
  1038.69    0.000
  1046.28    0.000
  1053.86    0.000
  1061.44    0.000
  1069.02    0.000
  1076.60    0.000
  1084.18    0.000
  1091.77    0.000
  1099.35    0.000
  1106.93    0.000
  1114.51    0.000
  1122.09    0.000
  1129.67    0.000
  1137.26    0.000
  1144.84    0.000
  1152.42    0.000
  1160.00    0.000
  1167.58    0.000
  1175.16    0.000
  1182.75    0.000
  1190.33    0.000
  1197.91    0.000
  1205.49    0.000
  1213.07    0.000
  1220.66    0.000
  1228.24    0.000
  1235.82    0.000
  1243.40    0.000
  1250.98    0.000
  1258.56    0.000
  1266.15    0.000
  1273.73    0.000
  1281.31    0.000
  1288.89    0.000
  1296.47    0.000
  1304.05    0.000
  1311.64    0.000
  1319.22    0.000
  1326.80    0.000
  1334.38    0.000
  1341.96    0.000
  1349.54    0.000
  1357.13    0.000
  1364.71    0.000
  1372.29    0.000
  1379.87    0.000
  1387.45    0.000
  1395.03    0.000
  1402.62    0.000
  1410.20    0.000
  1417.78    0.000
  1425.36    0.000
  1432.94    0.000
  1440.52    0.000
  1448.11    0.000
  1455.69    0.000
  1463.27    0.000
  1470.85    0.000
  1478.43    0.000
  1486.01    0.000
  1493.60    0.000
  1501.18    0.000
  1508.76    0.000
     0.00    0.000
     7.58    0.000
    15.16    0.000
    22.75    0.424
    30.33    0.424
    37.91    0.384
    45.49    0.342
    53.07    0.298
    60.65    0.253
    68.24    0.239
    75.82    0.226
    83.40    0.127
    90.98    0.007
    98.56    0.000
   106.14    0.000
   113.73    0.000
   121.31    0.000
   128.89    0.000
   136.47    0.000
   144.05    0.000
   151.63    0.000
   159.22    0.000
   166.80    0.000
   174.38    0.000
   181.96    0.000
   189.54    0.000
   197.12    0.000
   204.71    0.000
   212.29    0.000
   219.87    0.000
   227.45    0.000
   235.03    0.000
   242.61    0.000
   250.20    0.000
   257.78    0.000
   265.36    0.000
   272.94    0.000
   280.52    0.000
   288.10    0.000
   295.69    0.000
   303.27    0.000
   310.85    0.000
   318.43    0.000
   326.01    0.000
   333.60    0.000
   341.18    0.000
   348.76    0.000
   356.34    0.000
   363.92    0.000
   371.50    0.000
   379.09    0.000
   386.67    0.000
   394.25    0.000
   401.83    0.000
   409.41    0.000
   416.99    0.000
   424.58    0.000
   432.16    0.000
   439.74    0.000
   447.32    0.000
   454.90    0.000
   462.48    0.000
   470.07    0.000
   477.65    0.000
   485.23    0.000
   492.81    0.000
   500.39    0.000
   507.97    0.000
   515.56    0.000
   523.14    0.000
   530.72    0.000
   538.30    0.000
   545.88    0.000
   553.46    0.000
   561.05    0.000
   568.63    0.000
   576.21    0.000
   583.79    0.000
   591.37    0.000
   598.95    0.000
   606.54    0.000
   614.12    0.000
   621.70    0.000
   629.28    0.000
   636.86    0.000
   644.45    0.000
   652.03    0.000
   659.61    0.000
   667.19    0.000
   674.77    0.000
   682.35    0.000
   689.94    0.000
   697.52    0.000
   705.10    0.000
   712.68    0.000
   720.26    0.000
   727.84    0.000
   735.43    0.000
   743.01    0.000
   750.59    0.000
   758.17    0.000
   765.75    0.000
   773.33    0.000
   780.92    0.000
   788.50    0.000
   796.08    0.000
   803.66    0.000
   811.24    0.000
   818.82    0.000
   826.41    0.000
   833.99    0.000
   841.57    0.000
   849.15    0.000
   856.73    0.000
   864.31    0.000
   871.90    0.000
   879.48    0.000
   887.06    0.000
   894.64    0.000
   902.22    0.000
   909.81    0.000
   917.39    0.000
   924.97    0.000
   932.55    0.000
   940.13    0.000
   947.71    0.000
   955.30    0.000
   962.88    0.000
   970.46    0.000
   978.04    0.000
   985.62    0.000
   993.20    0.000
  1000.79    0.000
  1008.37    0.000
  1015.95    0.000
  1023.53    0.000
  1031.11    0.000
  1038.69    0.000
  1046.28    0.000
  1053.86    0.000
  1061.44    0.000
  1069.02    0.000
  1076.60    0.000
  1084.18    0.000
  1091.77    0.000
  1099.35    0.000
  1106.93    0.000
  1114.51    0.000
  1122.09    0.000
  1129.67    0.000
  1137.26    0.000
  1144.84    0.000
  1152.42    0.000
  1160.00    0.000
  1167.58    0.000
  1175.16    0.000
  1182.75    0.000
  1190.33    0.000
  1197.91    0.000
  1205.49    0.000
  1213.07    0.000
  1220.66    0.000
  1228.24    0.000
  1235.82    0.000
  1243.40    0.000
  1250.98    0.000
  1258.56    0.000
  1266.15    0.000
  1273.73    0.000
  1281.31    0.000
  1288.89    0.000
  1296.47    0.000
  1304.05    0.000
  1311.64    0.000
  1319.22    0.000
  1326.80    0.000
  1334.38    0.000
  1341.96    0.000
  1349.54    0.000
  1357.13    0.000
  1364.71    0.000
  1372.29    0.000
  1379.87    0.000
  1387.45    0.000
  1395.03    0.000
  1402.62    0.000
  1410.20    0.000
  1417.78    0.000
  1425.36    0.000
  1432.94    0.000
  1440.52    0.000
  1448.11    0.000
  1455.69    0.000
  1463.27    0.000
  1470.85    0.000
  1478.43    0.000
  1486.01    0.000
  1493.60    0.000
  1501.18    0.000
  1508.76    0.000
     0.00    0.000
     7.58    0.000
    15.16    0.000
    22.75    0.282
    30.33    0.282
    37.91    0.247
    45.49    0.236
    53.07    0.224
    60.65    0.115
    68.24    0.003
    75.82    0.000
    83.40    0.000
    90.98    0.000
    98.56    0.000
   106.14    0.000
   113.73    0.000
   121.31    0.000
   128.89    0.000
   136.47    0.000
   144.05    0.000
   151.63    0.000
   159.22    0.000
   166.80    0.000
   174.38    0.000
   181.96    0.000
   189.54    0.000
   197.12    0.000
   204.71    0.000
   212.29    0.000
   219.87    0.000
   227.45    0.000
   235.03    0.000
   242.61    0.000
   250.20    0.000
   257.78    0.000
   265.36    0.000
   272.94    0.000
   280.52    0.000
   288.10    0.000
   295.69    0.000
   303.27    0.000
   310.85    0.000
   318.43    0.000
   326.01    0.000
   333.60    0.000
   341.18    0.000
   348.76    0.000
   356.34    0.000
   363.92    0.000
   371.50    0.000
   379.09    0.000
   386.67    0.000
   394.25    0.000
   401.83    0.000
   409.41    0.000
   416.99    0.000
   424.58    0.000
   432.16    0.000
   439.74    0.000
   447.32    0.000
   454.90    0.000
   462.48    0.000
   470.07    0.000
   477.65    0.000
   485.23    0.000
   492.81    0.000
   500.39    0.000
   507.97    0.000
   515.56    0.000
   523.14    0.000
   530.72    0.000
   538.30    0.000
   545.88    0.000
   553.46    0.000
   561.05    0.000
   568.63    0.000
   576.21    0.000
   583.79    0.000
   591.37    0.000
   598.95    0.000
   606.54    0.000
   614.12    0.000
   621.70    0.000
   629.28    0.000
   636.86    0.000
   644.45    0.000
   652.03    0.000
   659.61    0.000
   667.19    0.000
   674.77    0.000
   682.35    0.000
   689.94    0.000
   697.52    0.000
   705.10    0.000
   712.68    0.000
   720.26    0.000
   727.84    0.000
   735.43    0.000
   743.01    0.000
   750.59    0.000
   758.17    0.000
   765.75    0.000
   773.33    0.000
   780.92    0.000
   788.50    0.000
   796.08    0.000
   803.66    0.000
   811.24    0.000
   818.82    0.000
   826.41    0.000
   833.99    0.000
   841.57    0.000
   849.15    0.000
   856.73    0.000
   864.31    0.000
   871.90    0.000
   879.48    0.000
   887.06    0.000
   894.64    0.000
   902.22    0.000
   909.81    0.000
   917.39    0.000
   924.97    0.000
   932.55    0.000
   940.13    0.000
   947.71    0.000
   955.30    0.000
   962.88    0.000
   970.46    0.000
   978.04    0.000
   985.62    0.000
   993.20    0.000
  1000.79    0.000
  1008.37    0.000
  1015.95    0.000
  1023.53    0.000
  1031.11    0.000
  1038.69    0.000
  1046.28    0.000
  1053.86    0.000
  1061.44    0.000
  1069.02    0.000
  1076.60    0.000
  1084.18    0.000
  1091.77    0.000
  1099.35    0.000
  1106.93    0.000
  1114.51    0.000
  1122.09    0.000
  1129.67    0.000
  1137.26    0.000
  1144.84    0.000
  1152.42    0.000
  1160.00    0.000
  1167.58    0.000
  1175.16    0.000
  1182.75    0.000
  1190.33    0.000
  1197.91    0.000
  1205.49    0.000
  1213.07    0.000
  1220.66    0.000
  1228.24    0.000
  1235.82    0.000
  1243.40    0.000
  1250.98    0.000
  1258.56    0.000
  1266.15    0.000
  1273.73    0.000
  1281.31    0.000
  1288.89    0.000
  1296.47    0.000
  1304.05    0.000
  1311.64    0.000
  1319.22    0.000
  1326.80    0.000
  1334.38    0.000
  1341.96    0.000
  1349.54    0.000
  1357.13    0.000
  1364.71    0.000
  1372.29    0.000
  1379.87    0.000
  1387.45    0.000
  1395.03    0.000
  1402.62    0.000
  1410.20    0.000
  1417.78    0.000
  1425.36    0.000
  1432.94    0.000
  1440.52    0.000
  1448.11    0.000
  1455.69    0.000
  1463.27    0.000
  1470.85    0.000
  1478.43    0.000
  1486.01    0.000
  1493.60    0.000
  1501.18    0.000
  1508.76    0.000
     0.00    0.000
     7.58    0.000
    15.16    0.000
    22.75    0.205
    30.33    0.205
    37.91    0.105
    45.49    0.000
    53.07    0.000
    60.65    0.000
    68.24    0.000
    75.82    0.000
    83.40    0.000
    90.98    0.000
    98.56    0.000
   106.14    0.000
   113.73    0.000
   121.31    0.000
   128.89    0.000
   136.47    0.000
   144.05    0.000
   151.63    0.000
   159.22    0.000
   166.80    0.000
   174.38    0.000
   181.96    0.000
   189.54    0.000
   197.12    0.000
   204.71    0.000
   212.29    0.000
   219.87    0.000
   227.45    0.000
   235.03    0.000
   242.61    0.000
   250.20    0.000
   257.78    0.000
   265.36    0.000
   272.94    0.000
   280.52    0.000
   288.10    0.000
   295.69    0.000
   303.27    0.000
   310.85    0.000
   318.43    0.000
   326.01    0.000
   333.60    0.000
   341.18    0.000
   348.76    0.000
   356.34    0.000
   363.92    0.000
   371.50    0.000
   379.09    0.000
   386.67    0.000
   394.25    0.000
   401.83    0.000
   409.41    0.000
   416.99    0.000
   424.58    0.000
   432.16    0.000
   439.74    0.000
   447.32    0.000
   454.90    0.000
   462.48    0.000
   470.07    0.000
   477.65    0.000
   485.23    0.000
   492.81    0.000
   500.39    0.000
   507.97    0.000
   515.56    0.000
   523.14    0.000
   530.72    0.000
   538.30    0.000
   545.88    0.000
   553.46    0.000
   561.05    0.000
   568.63    0.000
   576.21    0.000
   583.79    0.000
   591.37    0.000
   598.95    0.000
   606.54    0.000
   614.12    0.000
   621.70    0.000
   629.28    0.000
   636.86    0.000
   644.45    0.000
   652.03    0.000
   659.61    0.000
   667.19    0.000
   674.77    0.000
   682.35    0.000
   689.94    0.000
   697.52    0.000
   705.10    0.000
   712.68    0.000
   720.26    0.000
   727.84    0.000
   735.43    0.000
   743.01    0.000
   750.59    0.000
   758.17    0.000
   765.75    0.000
   773.33    0.000
   780.92    0.000
   788.50    0.000
   796.08    0.000
   803.66    0.000
   811.24    0.000
   818.82    0.000
   826.41    0.000
   833.99    0.000
   841.57    0.000
   849.15    0.000
   856.73    0.000
   864.31    0.000
   871.90    0.000
   879.48    0.000
   887.06    0.000
   894.64    0.000
   902.22    0.000
   909.81    0.000
   917.39    0.000
   924.97    0.000
   932.55    0.000
   940.13    0.000
   947.71    0.000
   955.30    0.000
   962.88    0.000
   970.46    0.000
   978.04    0.000
   985.62    0.000
   993.20    0.000
  1000.79    0.000
  1008.37    0.000
  1015.95    0.000
  1023.53    0.000
  1031.11    0.000
  1038.69    0.000
  1046.28    0.000
  1053.86    0.000
  1061.44    0.000
  1069.02    0.000
  1076.60    0.000
  1084.18    0.000
  1091.77    0.000
  1099.35    0.000
  1106.93    0.000
  1114.51    0.000
  1122.09    0.000
  1129.67    0.000
  1137.26    0.000
  1144.84    0.000
  1152.42    0.000
  1160.00    0.000
  1167.58    0.000
  1175.16    0.000
  1182.75    0.000
  1190.33    0.000
  1197.91    0.000
  1205.49    0.000
  1213.07    0.000
  1220.66    0.000
  1228.24    0.000
  1235.82    0.000
  1243.40    0.000
  1250.98    0.000
  1258.56    0.000
  1266.15    0.000
  1273.73    0.000
  1281.31    0.000
  1288.89    0.000
  1296.47    0.000
  1304.05    0.000
  1311.64    0.000
  1319.22    0.000
  1326.80    0.000
  1334.38    0.000
  1341.96    0.000
  1349.54    0.000
  1357.13    0.000
  1364.71    0.000
  1372.29    0.000
  1379.87    0.000
  1387.45    0.000
  1395.03    0.000
  1402.62    0.000
  1410.20    0.000
  1417.78    0.000
  1425.36    0.000
  1432.94    0.000
  1440.52    0.000
  1448.11    0.000
  1455.69    0.000
  1463.27    0.000
  1470.85    0.000
  1478.43    0.000
  1486.01    0.000
  1493.60    0.000
  1501.18    0.000
  1508.76    0.000
