     0.00  0.0000
     7.58  0.0000
    15.16  0.0000
    22.75  0.0000
    30.33  0.0000
    37.91  0.0000
    45.49  0.0000
    53.07  0.0000
    60.65  0.0000
    68.24  0.0000
    75.82  0.0000
    83.40  0.0000
    90.98  0.0000
    98.56  0.0000
   106.14  0.0000
   113.73  0.0000
   121.31  0.0000
   128.89  0.0000
   136.47  0.0000
   144.05  0.0000
   151.63  0.0000
   159.22  0.0000
   166.80  0.5727
   174.38  0.9564
   181.96  0.9564
   189.54  0.9564
   197.12  0.9564
   204.71  0.9564
   212.29  0.9564
   219.87  0.9564
   227.45  0.9564
   235.03  0.9564
   242.61  0.9564
   250.20  0.9564
   257.78  0.9564
   265.36  0.9564
   272.94  0.9564
   280.52  0.9564
   288.10  0.9564
   295.69  0.9564
   303.27  0.9564
   310.85  0.9564
   318.43  0.9564
   326.01  0.9564
   333.60  0.9564
   341.18  0.9564
   348.76  0.9564
   356.34  0.9564
   363.92  0.9564
   371.50  0.9564
   379.09  0.9564
   386.67  0.9564
   394.25  0.9564
   401.83  0.9564
   409.41  0.9564
   416.99  0.9564
   424.58  0.9564
   432.16  0.9564
   439.74  0.9564
   447.32  0.9564
   454.90  0.9564
   462.48  0.9564
   470.07  0.9564
   477.65  0.9564
   485.23  0.9564
   492.81  0.9564
   500.39  0.9564
   507.97  0.9564
   515.56  0.9564
   523.14  0.9564
   530.72  0.9564
   538.30  0.9564
   545.88  0.9564
   553.46  0.9564
   561.05  0.9564
   568.63  0.9564
   576.21  0.9564
   583.79  0.9564
   591.37  0.9564
   598.95  0.9564
   606.54  0.9564
   614.12  0.9564
   621.70  0.9564
   629.28  0.9564
   636.86  0.9564
   644.45  0.9564
   652.03  0.9564
   659.61  0.9564
   667.19  0.9564
   674.77  0.9564
   682.35  0.9564
   689.94  0.9564
   697.52  0.9564
   705.10  0.9564
   712.68  0.9564
   720.26  0.9564
   727.84  0.9564
   735.43  0.9564
   743.01  0.9564
   750.59  0.9564
   758.17  0.9564
   765.75  0.9564
   773.33  0.9564
   780.92  0.9564
   788.50  0.9564
   796.08  0.9564
   803.66  0.9564
   811.24  0.9564
   818.82  0.9564
   826.41  0.9564
   833.99  0.9564
   841.57  0.9564
   849.15  0.9855
   856.73  0.9855
   864.31  0.9855
   871.90  0.9855
   879.48  0.9855
   887.06  0.9855
   894.64  0.9855
   902.22  0.9855
   909.81  0.9855
   917.39  0.9855
   924.97  0.9855
   932.55  0.9855
   940.13  0.9855
   947.71  0.9855
   955.30  0.9855
   962.88  0.9855
   970.46  0.9855
   978.04  0.9855
   985.62  0.9855
   993.20  0.9855
  1000.79  0.9855
  1008.37  0.9855
  1015.95  0.9855
  1023.53  0.9855
  1031.11  0.9855
  1038.69  0.9855
  1046.28  0.9855
  1053.86  0.9855
  1061.44  0.9855
  1069.02  0.9855
  1076.60  0.9855
  1084.18  0.9855
  1091.77  0.9855
  1099.35  0.9855
  1106.93  0.9855
  1114.51  0.9855
  1122.09  0.9855
  1129.67  0.9855
  1137.26  0.9855
  1144.84  0.9855
  1152.42  0.9855
  1160.00  0.9855
  1167.58  0.9855
  1175.16  0.9855
  1182.75  0.9855
  1190.33  0.9855
  1197.91  0.9855
  1205.49  0.9855
  1213.07  0.9855
  1220.66  0.9855
  1228.24  0.9855
  1235.82  0.9855
  1243.40  0.9855
  1250.98  0.9855
  1258.56  0.9855
  1266.15  0.9855
  1273.73  0.9855
  1281.31  0.9855
  1288.89  0.9855
  1296.47  0.9855
  1304.05  0.9855
  1311.64  0.9855
  1319.22  0.9855
  1326.80  0.9855
  1334.38  0.9855
  1341.96  0.9855
  1349.54  0.9855
  1357.13  0.9855
  1364.71  0.9855
  1372.29  0.0570
  1379.87  0.0570
  1387.45  0.0570
  1395.03  0.0570
  1402.62  0.0570
  1410.20  0.0570
  1417.78  0.0570
  1425.36  0.0570
  1432.94  0.0570
  1440.52  0.0570
  1448.11  0.0570
  1455.69  0.0570
  1463.27  0.0570
  1470.85  0.0570
  1478.43  0.0570
  1486.01  0.0570
  1493.60  0.0570
  1501.18  0.0570
  1508.76  0.0570
