 0.000000000000000E+00 1.106781401106329E+23
 7.581708592964824 30124.81602587794
 15.16341718592965 472.9740051525919
 22.74512577889447 11.37082510869822
 30.32683437185930 3.108976235904970
 37.90854296482412 1.686748580680271
 45.49025155778894 1.263544061597744
 53.07196015075377 1.186353400176928
 60.65366874371859 1.323533648747823
 68.23537733668341 1.734021054120052
 75.81708592964824 2.669990167179487
 83.39879452261306 4.398718390189774
 90.98050311557789 6.091764637887628
 98.56221170854270 6.714604958307644
 106.1439203015075 7.526498960742677
 113.7256288944724 8.179665806866137
 121.3073374874372 6.971484477482662
 128.8890460804020 5.075339613854334
 136.4707546733668 4.314204091174164
 144.0524632663316 5.067733746141927
 151.6341718592965 4.834945568931850
 159.2158804522613 4.440464597667002
 166.7975890452261 4.291539655706527
 174.3792976381909 4.513476735451265
 181.9610062311558 5.171855127705595
 189.5427148241206 6.381343834626150
 197.1244234170854 8.255049699211884
 204.7061320100503 10.71793022078669
 212.2878406030151 13.19971334011143
 219.8695491959799 14.65365845265672
 227.4512577889447 14.38462241591029
 235.0329663819095 12.64871632427511
 242.6146749748744 10.29834591341008
 250.1963835678392 8.101762975709923
 257.7780921608040 6.414345870303182
 265.3598007537688 5.274128082182316
 272.9415093467337 4.588775329554711
 280.5232179396985 4.261993055454236
 288.1049265326633 4.237025110145678
 295.6866351256281 4.498946921117317
 303.2683437185930 5.072020559689761
 310.8500523115578 5.997791165198365
 318.4317609045226 7.282119963129947
 326.0134694974874 8.768329986825739
 333.5951780904522 9.972031045230795
 341.1768866834171 10.26048874753068
 348.7585952763819 9.489898406276790
 356.3403038693467 8.154012751404982
 363.9220124623116 6.797141105168976
 371.5037210552763 5.685155863135276
 379.0854296482412 4.875017463186540
 386.6671382412060 4.331101193197184
 394.2488468341708 4.000148553858709
 401.8305554271357 3.841775709376081
 409.4122640201005 3.834521479753882
 416.9939726130653 3.972925772736269
 424.5756812060301 4.266096443836121
 432.1573897989950 4.731543387628541
 439.7390983919598 5.367913626559629
 447.3208069849246 6.074947136484120
 454.9025155778894 6.584890954379425
 462.4842241708542 6.625117618227423
 470.0659327638191 6.173787487895314
 477.6476413567839 5.455261706596843
 485.2293499497487 4.730333630555838
 492.8110585427136 4.154768627736045
 500.3927671356784 3.777931877324935
 507.9744757286432 3.585353612421409
 515.5561843216080 3.536820676301353
 523.1378929145728 3.582614855546433
 530.7196015075376 3.679067911107217
 538.3013101005025 3.805370599749486
 545.8830186934673 3.946365894890937
 553.4647272864321 4.060514330782007
 561.0464358793970 4.087895808480210
 568.6281444723618 4.013424802664948
 576.2098530653266 3.873148254588940
 583.7915616582915 3.694136885362040
 591.3732702512563 3.493499983195218
 598.9549788442210 3.318205803444180
 606.5366874371859 3.241089924260554
 614.1183960301507 3.303891806374220
 621.7001046231155 3.460789688433870
 629.2818132160804 3.548591880472840
 636.8635218090452 3.402563730779061
 644.4452304020100 3.075325628363468
 652.0269389949749 2.765166274082137
 659.6086475879397 2.609682441166630
 667.1903561809045 2.656643989663386
 674.7720647738694 2.911331617675705
 682.3537733668342 3.284892740949661
 689.9354819597989 3.485527218646988
 697.5171905527637 3.261395443338181
 705.0988991457286 2.827693243209327
 712.6806077386934 2.513898906720558
 720.2623163316582 2.425563924078399
 727.8440249246231 2.517686017525834
 735.4257335175879 2.625470967168253
 743.0074421105527 2.531036654419009
 750.5891507035176 2.253882184872569
 758.1708592964824 2.025181882654869
 765.7525678894472 1.992495408618721
 773.3342764824121 2.204676811549346
 780.9159850753769 2.617486722926238
 788.4976936683416 2.864617165385964
 796.0794022613065 2.525413766633558
 803.6611108542713 1.996444272644470
 811.2428194472361 1.696743648101339
 818.8245280402010 1.685750827666188
 826.4062366331658 1.973234887991845
 833.9879452261306 2.508296298760831
 841.5696538190955 2.686613708723868
 849.1513624120603 2.095595978153334
 856.7330710050251 1.480483192836972
 864.3147795979900 1.214945222247730
 871.8964881909548 1.187769887298156
 879.4781967839195 1.327536697591475
 887.0599053768843 1.519455727540592
 894.6416139698492 1.539148512672043
 902.2233225628140 1.364268661727316
 909.8050311557788 1.207929441588054
 917.3867397487437 1.178944926190095
 924.9684483417085 1.279437886602120
 932.5501569346733 1.438379538510713
 940.1318655276382 1.495956746994332
 947.7135741206030 1.382091415233909
 955.2952827135678 1.227003793747643
 962.8769913065327 1.136267696953342
 970.4586998994974 1.127370507073326
 978.0404084924622 1.170546281564493
 985.6221170854271 1.191825908093247
 993.2038256783919 1.128354965241121
 1000.785534271357 1.017982032092987
 1008.367242864322 0.9413767528710925
 1015.948951457286 0.9262990391410740
 1023.530660050251 0.9523788140606533
 1031.112368643216 0.9847447373724864
 1038.694077236181 0.9991317188073546
 1046.275785829146 0.9809239615742059
 1053.857494422110 0.9265830741288299
 1061.439203015075 0.8619538068381219
 1069.020911608040 0.8227076714614315
 1076.602620201005 0.8139536838857926
 1084.184328793970 0.8162625811215847
 1091.766037386935 0.8198936600173510
 1099.347745979899 0.8372206089035785
 1106.929454572864 0.8813071330367401
 1114.511163165829 0.9459331296845306
 1122.092871758794 0.9972343433530948
 1129.674580351759 0.9957424278271129
 1137.256288944724 0.9203005010595307
 1144.837997537688 0.7839185696992768
 1152.419706130653 0.6427453227572265
 1160.001414723618 0.5383118277674973
 1167.583123316583 0.4736370155877201
 1175.164831909548 0.4434628682194636
 1182.746540502513 0.4455470985610611
 1190.328249095477 0.4832824064907177
 1197.909957688442 0.5706917619069709
 1205.491666281407 0.7361529480052192
 1213.073374874372 1.008345556948973
 1220.655083467337 1.330957787218958
 1228.236792060301 1.424064048168143
 1235.818500653266 1.121524357596351
 1243.400209246231 0.7569707005444797
 1250.981917839196 0.5151288442308857
 1258.563626432161 0.3807619538752243
 1266.145335025126 0.3143129254070720
 1273.727043618090 0.2923279525840436
 1281.308752211055 0.3057982334895125
 1288.890460804020 0.3537348229033199
 1296.472169396985 0.4362210909434450
 1304.053877989950 0.5463067419462475
 1311.635586582915 0.6636608199247780
 1319.217295175879 0.7358484124270821
 1326.799003768844 0.6654877178825923
 1334.380712361809 0.4856586776312394
 1341.962420954774 0.3450151093933572
 1349.544129547739 0.2897087894139715
 1357.125838140704 0.3343840105770940
 1364.707546733668 0.6821791596772941
 1372.289255326633 1.865655887841325
 1379.870963919598 5.579809145103980
 1387.452672512563 11.01191320082989
 1395.034381105527 9.586303202660268
 1402.616089698492 5.165681219297690
 1410.197798291457 2.713840106902943
 1417.779506884422 1.516227735388612
 1425.361215477387 0.9020911698566495
 1432.942924070352 0.5722858706702469
 1440.524632663316 0.3927534895773917
 1448.106341256281 0.2985825924210249
 1455.688049849246 0.2582625293324011
 1463.269758442211 0.2629904138706182
 1470.851467035176 0.3314445777787389
 1478.433175628141 0.5683938491258478
 1486.014884221105 1.661605210331538
 1493.596592814070 16.97457325022443
 1501.178301407035 4330.409915256126
 1508.760010000000 1.465025389741899
