 0.000000000000000E+00 8.300860508297464E+22
 7.581708592964824 8013.601108675116
 15.16341718592965 210.3785722146975
 22.74512577889447 7.880046868324182
 30.32683437185930 2.635204923321309
 37.90854296482412 1.618385291944788
 45.49025155778894 1.259706668731104
 53.07196015075377 1.185957671589302
 60.65366874371859 1.309986368110353
 68.23537733668341 1.595202724681496
 75.81708592964824 2.119869443232231
 83.39879452261306 3.285784999324704
 90.98050311557789 5.246007050298198
 98.56221170854270 6.439234516035520
 106.1439203015075 6.972883344960779
 113.7256288944724 5.765601963181100
 121.3073374874372 3.615177898009811
 128.8890460804020 2.761550024350688
 136.4707546733668 2.983243881516769
 144.0524632663316 4.213589087911530
 151.6341718592965 4.333608350332676
 159.2158804522613 3.597214444695798
 166.7975890452261 2.680521829712131
 174.3792976381909 2.301396735311497
 181.9610062311558 2.767302404604639
 189.5427148241206 4.380997920292363
 197.1244234170854 6.760235599021250
 204.7061320100503 7.819536959892305
 212.2878406030151 5.646645503465789
 219.8695491959799 3.731177294824566
 227.4512577889447 3.669912039436749
 235.0329663819095 5.442738229929075
 242.6146749748744 7.627711439296264
 250.1963835678392 6.775087985659435
 257.7780921608040 4.457244523532225
 265.3598007537688 2.766774358156182
 272.9415093467337 2.271919154190166
 280.5232179396985 2.664249335554937
 288.1049265326633 3.531695093417734
 295.6866351256281 4.123713363149349
 303.2683437185930 4.116291434020496
 310.8500523115578 3.256498114052267
 318.4317609045226 2.745782302246421
 326.0134694974874 3.467326792424681
 333.5951780904522 6.060047466914642
 341.1768866834171 8.508102040084575
 348.7585952763819 7.305159666198434
 356.3403038693467 4.263591992434670
 363.9220124623116 2.715274029824542
 371.5037210552763 2.647397196049647
 379.0854296482412 3.454775614177236
 386.6671382412060 3.952537991935449
 394.2488468341708 3.662811668807334
 401.8305554271357 2.858598250007308
 409.4122640201005 2.120028204507724
 416.9939726130653 2.109062817609146
 424.5756812060301 2.961803793733718
 432.1573897989950 4.230182018895643
 439.7390983919598 4.895219027205231
 447.3208069849246 4.198103728204754
 454.9025155778894 2.833373540127275
 462.4842241708542 2.574625593045797
 470.0659327638191 3.558570962203362
 477.6476413567839 4.739364900659903
 485.2293499497487 4.418957968577883
 492.8110585427136 3.288418405980917
 500.3927671356784 2.176275535297911
 507.9744757286432 1.896198060351317
 515.5561843216080 2.423872526067251
 523.1378929145728 3.246149390287664
 530.7196015075376 3.512551003376568
 538.3013101005025 3.114400527714945
 545.8830186934673 2.232766393561502
 553.4647272864321 1.985721538614530
 561.0464358793970 2.639127965649551
 568.6281444723618 3.609012904179946
 576.2098530653266 3.708099966579566
 583.7915616582915 3.040559136560015
 591.3732702512563 2.047958207370316
 598.9549788442210 1.766823202353528
 606.5366874371859 2.273794883533010
 614.1183960301507 3.056940816423343
 621.7001046231155 3.337383231333516
 629.2818132160804 2.894867961512811
 636.8635218090452 1.953057845469292
 644.4452304020100 1.684067809834177
 652.0269389949749 2.077163958542570
 659.6086475879397 2.485870208135661
 667.1903561809045 2.582342099409945
 674.7720647738694 2.380204767671027
 682.3537733668342 1.825627263113904
 689.9354819597989 1.808721329956687
 697.5171905527637 2.461349186101602
 705.0988991457286 2.726926970755059
 712.6806077386934 2.435000968495198
 720.2623163316582 1.948648865133670
 727.8440249246231 1.486217786546763
 735.4257335175879 1.582690591774870
 743.0074421105527 2.136577259976028
 750.5891507035176 2.213660678448959
 758.1708592964824 1.950180076931467
 765.7525678894472 1.555434019459168
 773.3342764824121 1.312772106825552
 780.9159850753769 1.667273934074176
 788.4976936683416 2.541302505180804
 796.0794022613065 2.492378946854400
 803.6611108542713 1.868603089056553
 811.2428194472361 1.265058923387073
 818.8245280402010 1.087724627880578
 826.4062366331658 1.492319539616873
 833.9879452261306 2.385452888134235
 841.5696538190955 2.644327410278828
 849.1513624120603 1.797350953470864
 856.7330710050251 1.005991620725803
 864.3147795979900 0.8670565886636643
 871.8964881909548 1.074117534159557
 879.4781967839195 1.317169593629680
 887.0599053768843 1.469436358718897
 894.6416139698492 1.173037700323775
 902.2233225628140 0.8860739885409358
 909.8050311557788 0.9666490819313021
 917.3867397487437 1.149353817119148
 924.9684483417085 1.271154344674855
 932.5501569346733 1.268822114981760
 940.1318655276382 0.9735869221456388
 947.7135741206030 0.9430509423434162
 955.2952827135678 1.126392552151619
 962.8769913065327 1.131882405375057
 970.4586998994974 1.089790925915650
 978.0404084924622 0.8996084591613734
 985.6221170854271 0.7932725708370942
 993.2038256783919 0.9484525485172217
 1000.785534271357 1.007496000285035
 1008.367242864322 0.9347601920718771
 1015.948951457286 0.8138221150776835
 1023.530660050251 0.6754775476962914
 1031.112368643216 0.7666813165999588
 1038.694077236181 0.9656760789894266
 1046.275785829146 0.9788936152893301
 1053.857494422110 0.8696814291756770
 1061.439203015075 0.6513709908882326
 1069.020911608040 0.6190444340677965
 1076.602620201005 0.7603095802069982
 1084.184328793970 0.8148914949174082
 1091.766037386935 0.8017796079213246
 1099.347745979899 0.6737920260008879
 1106.929454572864 0.6215830125461671
 1114.511163165829 0.8181547050935215
 1122.092871758794 0.9916643816935762
 1129.674580351759 0.9869216828468421
 1137.256288944724 0.7745929446114744
 1144.837997537688 0.5617322741263591
 1152.419706130653 0.5511270277316788
 1160.001414723618 0.5337904671167839
 1167.583123316583 0.4730489903349620
 1175.164831909548 0.4182712156824964
 1182.746540502513 0.3644622606958265
 1190.328249095477 0.4130241241823491
 1197.909957688442 0.5596518060803760
 1205.491666281407 0.7356832360729516
 1213.073374874372 0.9262693502672887
 1220.655083467337 0.8160442717612221
 1228.236792060301 0.8794504831635406
 1235.818500653266 1.049738975252832
 1243.400209246231 0.7567057859057592
 1250.981917839196 0.5002705532255414
 1258.563626432161 0.3255945126342660
 1266.145335025126 0.2713656350690067
 1273.727043618090 0.2847696214967095
 1281.308752211055 0.3057567573875825
 1288.890460804020 0.3488122137410569
 1296.472169396985 0.3684466214547873
 1304.053877989950 0.4186173333718882
 1311.635586582915 0.6153112688340044
 1319.217295175879 0.7355591388691390
 1326.799003768844 0.6520595363768650
 1334.380712361809 0.4035798245954613
 1341.962420954774 0.2837978307357836
 1349.544129547739 0.2770281112602950
 1357.125838140704 0.3342384596415075
 1364.707546733668 0.6797046267524568
 1372.289255326633 1.618928957971910
 1379.870963919598 2.904817074707342
 1387.452672512563 3.884782033489362
 1395.034381105527 5.759950076940527
 1402.616089698492 5.005030827245161
 1410.197798291457 2.713748409172668
 1417.779506884422 1.500705789947237
 1425.361215477387 0.8341644839705693
 1432.942924070352 0.5039076797944543
 1440.524632663316 0.3615750523337350
 1448.106341256281 0.2929895881446511
 1455.688049849246 0.2581531494076361
 1463.269758442211 0.2629755421887447
 1470.851467035176 0.3265916429706278
 1478.433175628141 0.4957341701877384
 1486.014884221105 1.024510389612481
 1493.596592814070 4.650846455592558
 1501.178301407035 159.1181543991758
 1508.760010000000 1.465025389741899
