
  ------------------------------------------------------------
  OUTPUT OF FATIGUE ANALYSIS
  ------------------------------------------------------------


  ------------------------------------------------------------
  CONSTANTS FOR FATIGUE CURVE: N = (A/S)**B
  STRESS IN PASCAL, N/m**2
  -------------------------
  A =    0.13729E+10    B =      4.380
  CONCENTRATION FACTOR =     1.5000
  ------------------------------------------------------------



  ------------------------------------------------------------
  ------------------------------------------------------------
  ------------------------------------------------------------

  SINGLE-FREQUENCY RESPONSE
  ------------------------------------------------------------

  MODE NUMBER =  1    FREQUENCY =     0.0125   (Hz)
  MIN. FATIGUE LIFE =  0.1185E+05 (yr)   AT X =    1508.76 (m)
  ------------------------------------------------------------

  MODE NUMBER =  2    FREQUENCY =     0.0198   (Hz)
  MIN. FATIGUE LIFE =  0.5680E+04 (yr)   AT X =    1508.76 (m)
  ------------------------------------------------------------

  MODE NUMBER =  4    FREQUENCY =     0.0459   (Hz)
  MIN. FATIGUE LIFE =  0.2776E+09 (yr)   AT X =     151.63 (m)
  ------------------------------------------------------------

  MODE NUMBER =  5    FREQUENCY =     0.0582   (Hz)
  MIN. FATIGUE LIFE =  0.5340E+07 (yr)   AT X =     151.63 (m)
  ------------------------------------------------------------

  MODE NUMBER =  6    FREQUENCY =     0.0709   (Hz)
  MIN. FATIGUE LIFE =  0.3936E+05 (yr)   AT X =    1182.75 (m)
  ------------------------------------------------------------

  MODE NUMBER =  7    FREQUENCY =     0.0831   (Hz)
  MIN. FATIGUE LIFE =  0.1397E+03 (yr)   AT X =    1220.66 (m)
  ------------------------------------------------------------

  MODE NUMBER =  8    FREQUENCY =     0.0950   (Hz)
  MIN. FATIGUE LIFE =  0.8011E+01 (yr)   AT X =    1250.98 (m)
  ------------------------------------------------------------

  MODE NUMBER =  9    FREQUENCY =     0.1050   (Hz)
  MIN. FATIGUE LIFE =  0.1405E+01 (yr)   AT X =    1273.73 (m)
  ------------------------------------------------------------

  MODE NUMBER = 10    FREQUENCY =     0.1142   (Hz)
  MIN. FATIGUE LIFE =  0.4619E+00 (yr)   AT X =    1288.89 (m)
  ------------------------------------------------------------

  MODE NUMBER = 11    FREQUENCY =     0.1240   (Hz)
  MIN. FATIGUE LIFE =  0.4522E+00 (yr)   AT X =    1455.69 (m)
  ------------------------------------------------------------

  MODE NUMBER = 12    FREQUENCY =     0.1347   (Hz)
  MIN. FATIGUE LIFE =  0.8787E+00 (yr)   AT X =    1455.69 (m)
  ------------------------------------------------------------

  MODE NUMBER = 13    FREQUENCY =     0.1476   (Hz)
  MIN. FATIGUE LIFE =  0.5943E+00 (yr)   AT X =    1334.38 (m)
  ------------------------------------------------------------

  MODE NUMBER = 14    FREQUENCY =     0.1605   (Hz)
  MIN. FATIGUE LIFE =  0.2083E+00 (yr)   AT X =    1349.54 (m)
  ------------------------------------------------------------

  MODE NUMBER = 15    FREQUENCY =     0.1733   (Hz)
  MIN. FATIGUE LIFE =  0.2205E+00 (yr)   AT X =    1273.73 (m)
  ------------------------------------------------------------

  MODE NUMBER = 16    FREQUENCY =     0.1862   (Hz)
  MIN. FATIGUE LIFE =  0.4028E+00 (yr)   AT X =    1281.31 (m)
  ------------------------------------------------------------

  MODE NUMBER = 17    FREQUENCY =     0.1992   (Hz)
  MIN. FATIGUE LIFE =  0.1447E+01 (yr)   AT X =    1296.47 (m)
  ------------------------------------------------------------

  MODE NUMBER = 18    FREQUENCY =     0.2125   (Hz)
  MIN. FATIGUE LIFE =  0.7112E+01 (yr)   AT X =    1304.05 (m)
  ------------------------------------------------------------

  MODE NUMBER = 19    FREQUENCY =     0.2258   (Hz)
  MIN. FATIGUE LIFE =  0.1367E+03 (yr)   AT X =    1311.64 (m)
  ------------------------------------------------------------

  MODE NUMBER = 20    FREQUENCY =     0.2392   (Hz)
  MIN. FATIGUE LIFE =  0.2327E+05 (yr)   AT X =      30.33 (m)
  ------------------------------------------------------------



  ------------------------------------------------------------
  ------------------------------------------------------------
  ------------------------------------------------------------

  MULTI-FREQUENCY RESPONSE
  ------------------------------------------------------------


  MINIMUM FATIGUE LIFE =   0.2583E+00 (yrs)
    AT LOCATION X =    1455.69 (m) FROM TOP
  ------------------------------------------------------------



  STRESS CONTRIBUTION BY EACH MODE
     IN THE MINIMUM FATIGUE LIFE
  ------------------------------------------------------------
  MODE NUMBER  STRESS (N/m^2)  PROBABILITY
  ------------------------------------------------------------
           1    0.1180E+07      0.7813
           2    0.1342E+07      0.6196
           4    0.6535E+05      0.2528
           5    0.2396E+06      0.5397
           6    0.1634E+07      0.0967
           7    0.6007E+07      0.2164
           8    0.1229E+08      0.3537
           9    0.1969E+08      0.4380
          10    0.2703E+08      0.4018
          11    0.2808E+08      0.3229
          12    0.2367E+08      0.2817
          13    0.2424E+08      0.2925
          14    0.2762E+08      0.3107
          15    0.2512E+08      0.2805
          16    0.1993E+08      0.2209
          17    0.1376E+08      0.1559
          18    0.9094E+07      0.1034
          19    0.4508E+07      0.0538
          20    0.1357E+07      0.0182
  ------------------------------------------------------------
