 19
    1      0.0125    0.1185E+05     1508.76
    2      0.0198    0.5680E+04     1508.76
    4      0.0459    0.7578E+07     1319.22
    5      0.0582    0.1812E+07     1349.54
    6      0.0709    0.3923E+05     1182.75
    7      0.0831    0.1397E+03     1220.66
    8      0.0950    0.8011E+01     1250.98
    9      0.1050    0.1405E+01     1273.73
   10      0.1142    0.4619E+00     1288.89
   11      0.1240    0.4522E+00     1455.69
   12      0.1347    0.8787E+00     1455.69
   13      0.1476    0.2645E+00     1341.96
   14      0.1605    0.2083E+00     1349.54
   15      0.1733    0.2205E+00     1273.73
   16      0.1862    0.4028E+00     1281.31
   17      0.1992    0.1447E+01     1296.47
   18      0.2125    0.7112E+01     1304.05
   19      0.2258    0.1367E+03     1311.64
   20      0.2392    0.2249E+05       30.33
 0.2581531494076361 1455.688049849246
           1    0.1254E-01    0.1180E+07    0.1858E+05      0.7813
           2    0.1980E-01    0.1342E+07    0.4344E+05      0.6196
           4    0.4586E-01    0.6535E+05    0.9920E+06      0.2528
           5    0.5818E-01    0.2396E+06    0.1058E+07      0.5397
           6    0.7088E-01    0.1634E+07    0.1462E+07      0.0967
           7    0.8307E-01    0.6007E+07    0.7932E+06      0.2164
           8    0.9500E-01    0.1229E+08    0.6618E+06      0.3537
           9    0.1050E+00    0.1969E+08    0.8066E+06      0.4380
          10    0.1142E+00    0.2703E+08    0.2808E+06      0.4018
          11    0.1240E+00    0.2808E+08    0.1637E+06      0.3229
          12    0.1347E+00    0.2367E+08    0.1485E+06      0.2817
          13    0.1476E+00    0.2424E+08    0.8852E+07      0.2925
          14    0.1605E+00    0.2762E+08    0.8933E+06      0.3107
          15    0.1733E+00    0.2512E+08    0.1629E+07      0.2805
          16    0.1862E+00    0.1993E+08    0.2188E+07      0.2209
          17    0.1992E+00    0.1376E+08    0.1555E+07      0.1559
          18    0.2125E+00    0.9094E+07    0.7691E+06      0.1034
          19    0.2258E+00    0.4508E+07    0.1437E+07      0.0538
          20    0.2392E+00    0.1357E+07    0.1675E+07      0.0182
