

  ------------------------------------------------------------
  ------------------------------------------------------------
  ------------------------------------------------------------

  3-HARMONIC, SINGLE-FREQUENCY RESPONSE
  ------------------------------------------------------------

  MODE NUMBER =  1    FREQUENCY =     0.0125   (Hz)
  MIN. FATIGUE LIFE =  0.1185E+05 (yr)   AT X =    1508.76 (m)
  ------------------------------------------------------------

  MODE NUMBER =  2    FREQUENCY =     0.0198   (Hz)
  MIN. FATIGUE LIFE =  0.5680E+04 (yr)   AT X =    1508.76 (m)
  ------------------------------------------------------------

  MODE NUMBER =  4    FREQUENCY =     0.0459   (Hz)
  MIN. FATIGUE LIFE =  0.7578E+07 (yr)   AT X =    1319.22 (m)
  ------------------------------------------------------------

  MODE NUMBER =  5    FREQUENCY =     0.0582   (Hz)
  MIN. FATIGUE LIFE =  0.1812E+07 (yr)   AT X =    1349.54 (m)
  ------------------------------------------------------------

  MODE NUMBER =  6    FREQUENCY =     0.0709   (Hz)
  MIN. FATIGUE LIFE =  0.3923E+05 (yr)   AT X =    1182.75 (m)
  ------------------------------------------------------------

  MODE NUMBER =  7    FREQUENCY =     0.0831   (Hz)
  MIN. FATIGUE LIFE =  0.1397E+03 (yr)   AT X =    1220.66 (m)
  ------------------------------------------------------------

  MODE NUMBER =  8    FREQUENCY =     0.0950   (Hz)
  MIN. FATIGUE LIFE =  0.8011E+01 (yr)   AT X =    1250.98 (m)
  ------------------------------------------------------------

  MODE NUMBER =  9    FREQUENCY =     0.1050   (Hz)
  MIN. FATIGUE LIFE =  0.1405E+01 (yr)   AT X =    1273.73 (m)
  ------------------------------------------------------------

  MODE NUMBER = 10    FREQUENCY =     0.1142   (Hz)
  MIN. FATIGUE LIFE =  0.4619E+00 (yr)   AT X =    1288.89 (m)
  ------------------------------------------------------------

  MODE NUMBER = 11    FREQUENCY =     0.1240   (Hz)
  MIN. FATIGUE LIFE =  0.4522E+00 (yr)   AT X =    1455.69 (m)
  ------------------------------------------------------------

  MODE NUMBER = 12    FREQUENCY =     0.1347   (Hz)
  MIN. FATIGUE LIFE =  0.8787E+00 (yr)   AT X =    1455.69 (m)
  ------------------------------------------------------------

  MODE NUMBER = 13    FREQUENCY =     0.1476   (Hz)
  MIN. FATIGUE LIFE =  0.2645E+00 (yr)   AT X =    1341.96 (m)
  ------------------------------------------------------------

  MODE NUMBER = 14    FREQUENCY =     0.1605   (Hz)
  MIN. FATIGUE LIFE =  0.2083E+00 (yr)   AT X =    1349.54 (m)
  ------------------------------------------------------------

  MODE NUMBER = 15    FREQUENCY =     0.1733   (Hz)
  MIN. FATIGUE LIFE =  0.2205E+00 (yr)   AT X =    1273.73 (m)
  ------------------------------------------------------------

  MODE NUMBER = 16    FREQUENCY =     0.1862   (Hz)
  MIN. FATIGUE LIFE =  0.4028E+00 (yr)   AT X =    1281.31 (m)
  ------------------------------------------------------------

  MODE NUMBER = 17    FREQUENCY =     0.1992   (Hz)
  MIN. FATIGUE LIFE =  0.1447E+01 (yr)   AT X =    1296.47 (m)
  ------------------------------------------------------------

  MODE NUMBER = 18    FREQUENCY =     0.2125   (Hz)
  MIN. FATIGUE LIFE =  0.7112E+01 (yr)   AT X =    1304.05 (m)
  ------------------------------------------------------------

  MODE NUMBER = 19    FREQUENCY =     0.2258   (Hz)
  MIN. FATIGUE LIFE =  0.1367E+03 (yr)   AT X =    1311.64 (m)
  ------------------------------------------------------------

  MODE NUMBER = 20    FREQUENCY =     0.2392   (Hz)
  MIN. FATIGUE LIFE =  0.2249E+05 (yr)   AT X =      30.33 (m)
  ------------------------------------------------------------



  ------------------------------------------------------------
  ------------------------------------------------------------
  ------------------------------------------------------------

  3-HARMONIC, MULTI-FREQUENCY RESPONSE
  ------------------------------------------------------------


  MINIMUM FATIGUE LIFE =   0.2582E+00 (yrs)
    AT LOCATION X =    1455.69 (m) FROM TOP
  ------------------------------------------------------------



  STRESS CONTRIBUTION BY EACH MODE
     IN THE MINIMUM FATIGUE LIFE
  ----------------------------------------------------------------
  MODE NUMBER   FREQUENCY    STRESS 1-H    STRESS 3-H  PROBABILITY
                   (Hz)        (N/m^2)        (N/m^2)
  ----------------------------------------------------------------
           1    0.1254E-01    0.1180E+07    0.1858E+05      0.7813
           2    0.1980E-01    0.1342E+07    0.4344E+05      0.6196
           4    0.4586E-01    0.6535E+05    0.9920E+06      0.2528
           5    0.5818E-01    0.2396E+06    0.1058E+07      0.5397
           6    0.7088E-01    0.1634E+07    0.1462E+07      0.0967
           7    0.8307E-01    0.6007E+07    0.7932E+06      0.2164
           8    0.9500E-01    0.1229E+08    0.6618E+06      0.3537
           9    0.1050E+00    0.1969E+08    0.8066E+06      0.4380
          10    0.1142E+00    0.2703E+08    0.2808E+06      0.4018
          11    0.1240E+00    0.2808E+08    0.1637E+06      0.3229
          12    0.1347E+00    0.2367E+08    0.1485E+06      0.2817
          13    0.1476E+00    0.2424E+08    0.8852E+07      0.2925
          14    0.1605E+00    0.2762E+08    0.8933E+06      0.3107
          15    0.1733E+00    0.2512E+08    0.1629E+07      0.2805
          16    0.1862E+00    0.1993E+08    0.2188E+07      0.2209
          17    0.1992E+00    0.1376E+08    0.1555E+07      0.1559
          18    0.2125E+00    0.9094E+07    0.7691E+06      0.1034
          19    0.2258E+00    0.4508E+07    0.1437E+07      0.0538
          20    0.2392E+00    0.1357E+07    0.1675E+07      0.0182
  ------------------------------------------------------------
