 1 6.787075912874854E-02
 2 0.1374506088770786
 3 0.2091402123777297
 4 0.2822800315700726
 5 0.3567939303649753
 6 0.4313759781083907
 7 0.5070829941313720
 8 0.5816912624078799
 9 0.6571124340306752
 10 0.7304104406662840
 11 0.8041767189010355
 12 0.8762778653072911
 13 0.9506964681643052
 14 1.025665581570145
 15 1.104236813079829
 16 1.183280450621053
 17 1.265202865047373
 18 1.347124851655654
 19 1.430776417174156
 20 1.514437093681211
 21 1.598418066552634
 22 1.682545225220895
 23 1.766016025940340
 24 1.850537055679548
 25 1.935305596386585
 26 2.023069787499291
 27 2.111939232306675
 28 2.204221696919603
 29 2.297242838956796
 30 2.392825401521315
 31 2.489069256156000
 32 2.586502735357117
 33 2.684878812365013
 34 2.783106855831441
 35 2.882538091545625
 36 2.981453553558724
 37 3.082278614567906
 38 3.183661123169854
 39 3.287761493512124
 40 3.393503203526498
 41 3.501519195495393
 42 3.611501767336818
 43 3.722642610082878
 44 3.835759905560574
 45 3.949191515159626
 46 4.064143464095884
 47 4.179257342529886
 48 4.295253553529390
 49 4.411953412531833
 50 4.529453243318609
 51 4.648635798254404
 52 4.768976158731832
 53 4.891516937846589
 54 5.015401756212313
 55 5.141137365553926
 56 5.268204465497333
 57 5.396403867065986
 58 5.525824252630777
 59 5.655884368001562
 60 5.786899753280567
 61 5.918538101193071
 62 6.050952563816604
 63 6.184311634655861
 64 6.318510611192846
 65 6.453942146869768
 66 6.590461253776802
 67 6.728047049659607
 68 6.866910655805704
 69 7.006489873818524
 70 7.147355640976308
 71 7.288700341962787
 72 7.431089810889807
 73 7.574128988485506
 74 7.717737905636694
 75 7.862449460728437
 76 8.007258203011393
 77 8.153405545284496
 78 8.299476823101685
 79 8.446578143727724
 80 8.593899733683134
 81 8.741466609566654
 82 8.889880142711856
 83 9.037838910441243
 84 9.187175710752436
 85 9.335960593613249
 86 9.486142557384790
 87 9.636348788679090
 88 9.787234212367231
 89 9.939014664923612
 90 10.09035071682501
 91 10.24311040883926
 92 10.39465790572569
 93 10.54727507088692
 94 10.69880777460513
 95 10.85028320970639
 96 11.00157377944760
 97 11.15172040580404
 98 11.30281255524579
 99 11.45244867241815
 100 11.60367461818262
 101 11.75391684287165
 102 11.90527384726012
 103 12.05656010360889
 104 12.20754104122966
 105 12.35933177955998
 106 12.50942767289370
 107 12.66044555383771
 108 12.80933823949377
 109 12.95827678792223
 110 13.10569192235437
 111 13.25191959693615
 112 13.39779900873729
 113 13.54188665926034
 114 13.68673308431343
 115 13.82997761286171
 116 13.97425215186738
 117 14.11748773731001
 118 14.26089461659452
 119 14.40394175069612
 120 14.54585307417187
 121 14.68777711481741
 122 14.82768963820431
 123 14.96726259677840
 124 15.10474689864644
 125 15.24100896990160
 126 15.37564207405240
 127 15.50837377978458
 128 15.64016377051123
 129 15.77015425556274
 130 15.89971966576666
 131 16.02811846903195
 132 16.15596986666052
 133 16.28323079223984
 134 16.40909544227737
 135 16.53477747953352
 136 16.65814016364022
 137 16.78125298488726
 138 16.90181266214793
 139 17.02120617148955
 140 17.13855525992340
 141 17.25325920637951
 142 17.36684279967699
 143 17.47627567490126
 144 17.58554182159596
 145 17.68965374183272
 146 17.79490033649697
 147 17.89473568315522
 148 17.99698792144099
 149 18.09352150953121
 150 18.19333455891583
 151 18.28655000109284
 152 18.38347477595354
 153 18.47267154970944
 154 18.56598364131220
 155 18.65032140001890
 156 18.73937111544465
 157 18.81801046551818
 158 18.90213916372201
 159 18.97454488589404
 160 19.05220726429962
 161 19.11906703639256
 162 19.18650068079136
 163 19.25028839368092
 164 19.30392369260169
 165 19.36393938511678
 166 19.41554132931185
 167 19.46835917362622
 168 19.53228160218076
 169 19.56711766994591
 170 19.58254282884789
 171 19.65750082549549
 172 19.71225783120360
 173 19.81629625198305
 174 19.92977342897499
 175 20.04000137140835
 176 20.14469007119622
 177 20.24281770904872
 178 20.33367769774059
 179 20.41667106028789
 180 20.49168144240479
 181 20.56039516111906
 182 20.62680171531513
 183 20.69442058660898
 184 20.76476980162461
 185 20.83860856873078
 186 20.91675212813057
 187 21.00055626903377
 188 21.09208253285257
 189 21.19543301052344
 190 21.32142566943477
 191 21.32703471223179
 192 23.19110321923265
 193 24.94569168390322
 194 25.95450118604681
 195 26.48872168015326
 196 27.75142397206685
 197 28.68567353556469
 198 29.31857690018002
