       0.000   0.000000E+00
       7.582   0.751239E-01
      15.163   0.149080E+00
      22.745   0.220055E+00
      30.327   0.284424E+00
      37.909   0.340124E+00
      45.490   0.386110E+00
      53.072   0.422072E+00
      60.654   0.448420E+00
      68.235   0.466266E+00
      75.817   0.477370E+00
      83.399   0.483748E+00
      90.981   0.487493E+00
      98.562   0.490594E+00
     106.144   0.494797E+00
     113.726   0.501048E+00
     121.307   0.509311E+00
     128.889   0.518807E+00
     136.471   0.528664E+00
     144.052   0.538257E+00
     151.634   0.547158E+00
     159.216   0.554989E+00
     166.798   0.561552E+00
     174.379   0.566712E+00
     181.961   0.570614E+00
     189.543   0.573700E+00
     197.124   0.576650E+00
     204.706   0.580274E+00
     212.288   0.585385E+00
     219.870   0.592644E+00
     227.451   0.602445E+00
     235.033   0.614843E+00
     242.615   0.629544E+00
     250.196   0.645973E+00
     257.778   0.663381E+00
     265.360   0.680963E+00
     272.942   0.697977E+00
     280.523   0.713834E+00
     288.105   0.728151E+00
     295.687   0.740778E+00
     303.268   0.751797E+00
     310.850   0.761485E+00
     318.432   0.770263E+00
     326.013   0.778627E+00
     333.595   0.787075E+00
     341.177   0.796030E+00
     348.759   0.805789E+00
     356.340   0.816482E+00
     363.922   0.828067E+00
     371.504   0.840357E+00
     379.085   0.853055E+00
     386.667   0.865813E+00
     394.249   0.878291E+00
     401.831   0.890199E+00
     409.412   0.901336E+00
     416.994   0.911611E+00
     424.576   0.921040E+00
     432.157   0.929736E+00
     439.739   0.937882E+00
     447.321   0.945699E+00
     454.903   0.953408E+00
     462.484   0.961201E+00
     470.066   0.969214E+00
     477.648   0.977510E+00
     485.229   0.986078E+00
     492.811   0.994841E+00
     500.393   0.100367E+01
     507.974   0.101242E+01
     515.556   0.102092E+01
     523.138   0.102904E+01
     530.720   0.103667E+01
     538.301   0.104374E+01
     545.883   0.105023E+01
     553.465   0.105616E+01
     561.046   0.106158E+01
     568.628   0.106656E+01
     576.210   0.107119E+01
     583.792   0.107554E+01
     591.373   0.107969E+01
     598.955   0.108368E+01
     606.537   0.108756E+01
     614.118   0.109134E+01
     621.700   0.109503E+01
     629.282   0.109862E+01
     636.864   0.110212E+01
     644.445   0.110551E+01
     652.027   0.110878E+01
     659.609   0.111196E+01
     667.190   0.111503E+01
     674.772   0.111802E+01
     682.354   0.112094E+01
     689.935   0.112379E+01
     697.517   0.112661E+01
     705.099   0.112938E+01
     712.681   0.113211E+01
     720.262   0.113479E+01
     727.844   0.113742E+01
     735.426   0.113997E+01
     743.007   0.114244E+01
     750.589   0.114481E+01
     758.171   0.114710E+01
     765.753   0.114931E+01
     773.334   0.115148E+01
     780.916   0.115366E+01
     788.498   0.115592E+01
     796.079   0.115834E+01
     803.661   0.116099E+01
     811.243   0.116393E+01
     818.825   0.116722E+01
     826.406   0.117085E+01
     833.988   0.117480E+01
     841.570   0.117897E+01
     849.151   0.118318E+01
     856.733   0.118720E+01
     864.315   0.119086E+01
     871.896   0.119407E+01
     879.478   0.119684E+01
     887.060   0.119928E+01
     894.642   0.120152E+01
     902.223   0.120374E+01
     909.805   0.120616E+01
     917.387   0.120897E+01
     924.968   0.121235E+01
     932.550   0.121639E+01
     940.132   0.122115E+01
     947.714   0.122658E+01
     955.295   0.123253E+01
     962.877   0.123881E+01
     970.459   0.124515E+01
     978.040   0.125124E+01
     985.622   0.125680E+01
     993.204   0.126156E+01
    1000.786   0.126533E+01
    1008.367   0.126797E+01
    1015.949   0.126948E+01
    1023.531   0.126994E+01
    1031.112   0.126952E+01
    1038.694   0.126847E+01
    1046.276   0.126711E+01
    1053.857   0.126576E+01
    1061.439   0.126475E+01
    1069.021   0.126435E+01
    1076.603   0.126477E+01
    1084.184   0.126613E+01
    1091.766   0.126842E+01
    1099.348   0.127152E+01
    1106.929   0.127515E+01
    1114.511   0.127892E+01
    1122.093   0.128228E+01
    1129.675   0.128461E+01
    1137.256   0.128523E+01
    1144.838   0.128345E+01
    1152.420   0.127871E+01
    1160.001   0.127064E+01
    1167.583   0.125916E+01
    1175.165   0.124459E+01
    1182.747   0.122769E+01
    1190.328   0.120964E+01
    1197.910   0.119194E+01
    1205.492   0.117622E+01
    1213.073   0.116397E+01
    1220.655   0.115616E+01
    1228.237   0.115301E+01
    1235.819   0.115380E+01
    1243.400   0.115697E+01
    1250.982   0.116031E+01
    1258.564   0.116139E+01
    1266.145   0.115790E+01
    1273.727   0.114806E+01
    1281.309   0.113084E+01
    1288.890   0.110610E+01
    1296.472   0.107459E+01
    1304.054   0.103788E+01
    1311.636   0.998146E+00
    1319.217   0.957922E+00
    1326.799   0.919768E+00
    1334.381   0.885988E+00
    1341.962   0.858406E+00
    1349.544   0.838256E+00
    1357.126   0.826210E+00
    1364.708   0.822578E+00
    1372.289   0.827753E+00
    1379.871   0.841694E+00
    1387.453   0.863507E+00
    1395.034   0.890968E+00
    1402.616   0.920909E+00
    1410.198   0.949630E+00
    1417.780   0.973225E+00
    1425.361   0.987836E+00
    1432.943   0.989840E+00
    1440.525   0.976002E+00
    1448.106   0.943619E+00
    1455.688   0.890656E+00
    1463.270   0.815902E+00
    1470.851   0.719142E+00
    1478.433   0.601349E+00
    1486.015   0.464940E+00
    1493.597   0.314179E+00
    1501.178   0.155784E+00
    1508.760   0.000000E+00
