--------------------------------------------------------------------------------
 RISER VIV ANALYSIS - DATA PREPARATION
--------------------------------------------------------------------------------
 NUMBER OF SEGMENTS =  3
 TOTAL RISER LENGTH =  1508.760 M

  --------------------------------------------------------------------------------
  DATA FOR EACH SEGMENT
  --------------------------------------------------------------------------------

--------------------------------------------------------------------------------
 SEGMENT NUMBER  1
 LENGTH SEGMENT             =  137.1600     M
 MASS PER UNIT LENGTH       =  954.1290     KG/M
 ADDED MASS PER UNIT LENGTH =  286.4586     KG/M
 WEIGHT PER UNIT LENGTH     =  6419.487     N/M
 DRAG DIAMETER              = 0.5334001     M
 E*I                        = 0.1885263E+09 N M2
 THICKNESS                  = 0.1746250E-01 M
 STRAKES (?)                =  1
 SECTION TYPE (1-7)         =  5

--------------------------------------------------------------------------------
 SEGMENT NUMBER  2
 LENGTH SEGMENT             =  525.7800     M
 MASS PER UNIT LENGTH       =  1390.995     KG/M
 ADDED MASS PER UNIT LENGTH =  1516.339     KG/M
 WEIGHT PER UNIT LENGTH     =  1743.212     N/M
 DRAG DIAMETER              =  1.346200     M
 E*I                        = 0.1885263E+09 N M2
 THICKNESS                  = 0.1746250E-01 M
 STRAKES (?)                =  1
 SECTION TYPE (1-7)         =  1

--------------------------------------------------------------------------------
 SEGMENT NUMBER  3
 LENGTH SEGMENT             =  845.8200     M
 MASS PER UNIT LENGTH       =  1263.826     KG/M
 ADDED MASS PER UNIT LENGTH =  1461.805     KG/M
 WEIGHT PER UNIT LENGTH     =  1935.307     N/M
 DRAG DIAMETER              =  1.320800     M
 E*I                        = 0.1885263E+09 N M2
 THICKNESS                  = 0.1746250E-01 M
 STRAKES (?)                =  1
 SECTION TYPE (1-7)         =  1

--------------------------------------------------------------------------------
 TOTAL WEIGHT OF RISER =   3433964.     N
  --------------------------------------------------------------------------------
