      0.00   0.0000E+00
      7.58   0.1480E-06
     15.16   0.4284E-06
     22.75   0.1292E-05
     30.33   0.1893E-05
     37.91   0.2366E-05
     45.49   0.2777E-05
     53.07   0.3151E-05
     60.65   0.3495E-05
     68.24   0.3814E-05
     75.82   0.4109E-05
     83.40   0.4381E-05
     90.98   0.4632E-05
     98.56   0.4861E-05
    106.14   0.5069E-05
    113.73   0.5249E-05
    121.31   0.5378E-05
    128.89   0.5393E-05
    136.47   0.5096E-05
    144.05   0.3892E-05
    151.63   0.2500E-05
    159.22   0.1276E-05
    166.80   0.3659E-06
    174.38   0.3102E-06
    181.96   0.3859E-06
    189.54   0.4214E-06
    197.12   0.4385E-06
    204.71   0.4491E-06
    212.29   0.4580E-06
    219.87   0.4665E-06
    227.45   0.4748E-06
    235.03   0.4840E-06
    242.61   0.4930E-06
    250.20   0.5012E-06
    257.78   0.5085E-06
    265.36   0.5091E-06
    272.94   0.5054E-06
    280.52   0.5015E-06
    288.10   0.4968E-06
    295.69   0.4914E-06
    303.27   0.4875E-06
    310.85   0.4831E-06
    318.43   0.4781E-06
    326.01   0.4750E-06
    333.60   0.4713E-06
    341.18   0.4669E-06
    348.76   0.4648E-06
    356.34   0.4620E-06
    363.92   0.4583E-06
    371.50   0.4572E-06
    379.09   0.4552E-06
    386.67   0.4519E-06
    394.25   0.4507E-06
    401.83   0.4519E-06
    409.41   0.4517E-06
    416.99   0.4503E-06
    424.58   0.4524E-06
    432.16   0.4533E-06
    439.74   0.4530E-06
    447.32   0.4565E-06
    454.90   0.4588E-06
    462.48   0.4597E-06
    470.07   0.4646E-06
    477.65   0.4683E-06
    485.23   0.4704E-06
    492.81   0.4769E-06
    500.39   0.4819E-06
    507.97   0.4853E-06
    515.56   0.4932E-06
    523.14   0.4995E-06
    530.72   0.5042E-06
    538.30   0.5134E-06
    545.88   0.5210E-06
    553.46   0.5269E-06
    561.05   0.5374E-06
    568.63   0.5462E-06
    576.21   0.5532E-06
    583.79   0.5648E-06
    591.37   0.5747E-06
    598.95   0.5828E-06
    606.54   0.5955E-06
    614.12   0.6064E-06
    621.70   0.6155E-06
    629.28   0.6290E-06
    636.86   0.6409E-06
    644.45   0.6509E-06
    652.03   0.6653E-06
    659.61   0.6779E-06
    667.19   0.6888E-06
    674.77   0.7039E-06
    682.35   0.7173E-06
    689.94   0.7290E-06
    697.52   0.7448E-06
    705.10   0.7588E-06
    712.68   0.7712E-06
    720.26   0.7875E-06
    727.84   0.8022E-06
    735.43   0.8153E-06
    743.01   0.8321E-06
    750.59   0.8473E-06
    758.17   0.8609E-06
    765.75   0.8780E-06
    773.33   0.8935E-06
    780.92   0.9072E-06
    788.50   0.9235E-06
    796.08   0.9423E-06
    803.66   0.9602E-06
    811.24   0.9787E-06
    818.82   0.1005E-05
    826.41   0.1044E-05
    833.99   0.1115E-05
    841.57   0.1274E-05
    849.15   0.1622E-05
    856.73   0.1798E-05
    864.31   0.1884E-05
    871.90   0.1933E-05
    879.48   0.1966E-05
    887.06   0.1995E-05
    894.64   0.2023E-05
    902.22   0.2048E-05
    909.81   0.2072E-05
    917.39   0.2096E-05
    924.97   0.2121E-05
    932.55   0.2145E-05
    940.13   0.2168E-05
    947.71   0.2190E-05
    955.30   0.2212E-05
    962.88   0.2234E-05
    970.46   0.2256E-05
    978.04   0.2277E-05
    985.62   0.2298E-05
    993.20   0.2318E-05
   1000.79   0.2337E-05
   1008.37   0.2357E-05
   1015.95   0.2376E-05
   1023.53   0.2394E-05
   1031.11   0.2411E-05
   1038.69   0.2427E-05
   1046.28   0.2444E-05
   1053.86   0.2461E-05
   1061.44   0.2477E-05
   1069.02   0.2490E-05
   1076.60   0.2504E-05
   1084.18   0.2519E-05
   1091.77   0.2532E-05
   1099.35   0.2541E-05
   1106.93   0.2552E-05
   1114.51   0.2563E-05
   1122.09   0.2576E-05
   1129.67   0.2585E-05
   1137.26   0.2590E-05
   1144.84   0.2597E-05
   1152.42   0.2605E-05
   1160.00   0.2615E-05
   1167.58   0.2621E-05
   1175.16   0.2622E-05
   1182.75   0.2626E-05
   1190.33   0.2633E-05
   1197.91   0.2636E-05
   1205.49   0.2632E-05
   1213.07   0.2632E-05
   1220.66   0.2633E-05
   1228.24   0.2637E-05
   1235.82   0.2636E-05
   1243.40   0.2628E-05
   1250.98   0.2623E-05
   1258.56   0.2621E-05
   1266.15   0.2623E-05
   1273.73   0.2618E-05
   1281.31   0.2607E-05
   1288.89   0.2600E-05
   1296.47   0.2599E-05
   1304.05   0.2591E-05
   1311.64   0.2576E-05
   1319.22   0.2566E-05
   1326.80   0.2560E-05
   1334.38   0.2561E-05
   1341.96   0.2559E-05
   1349.54   0.2557E-05
   1357.13   0.2580E-05
   1364.71   0.2664E-05
   1372.29   0.3025E-05
   1379.87   0.3537E-05
   1387.45   0.3876E-05
   1395.03   0.4126E-05
   1402.62   0.4355E-05
   1410.20   0.4585E-05
   1417.78   0.4807E-05
   1425.36   0.5044E-05
   1432.94   0.5295E-05
   1440.52   0.5527E-05
   1448.11   0.5743E-05
   1455.69   0.5900E-05
   1463.27   0.5891E-05
   1470.85   0.5584E-05
   1478.43   0.4694E-05
   1486.01   0.2675E-05
   1493.60   0.1374E-05
   1501.18   0.9062E-05
   1508.76   0.2322E-04
      0.00   0.0000E+00
      7.58   0.2130E-06
     15.16   0.6252E-06
     22.75   0.1892E-05
     30.33   0.2773E-05
     37.91   0.3465E-05
     45.49   0.4068E-05
     53.07   0.4615E-05
     60.65   0.5119E-05
     68.24   0.5586E-05
     75.82   0.6017E-05
     83.40   0.6414E-05
     90.98   0.6782E-05
     98.56   0.7116E-05
    106.14   0.7420E-05
    113.73   0.7683E-05
    121.31   0.7871E-05
    128.89   0.7891E-05
    136.47   0.7457E-05
    144.05   0.5693E-05
    151.63   0.3655E-05
    159.22   0.1854E-05
    166.80   0.5832E-06
    174.38   0.6289E-06
    181.96   0.7729E-06
    189.54   0.8882E-06
    197.12   0.9827E-06
    204.71   0.1067E-05
    212.29   0.1157E-05
    219.87   0.1241E-05
    227.45   0.1320E-05
    235.03   0.1404E-05
    242.61   0.1484E-05
    250.20   0.1561E-05
    257.78   0.1645E-05
    265.36   0.1724E-05
    272.94   0.1800E-05
    280.52   0.1882E-05
    288.10   0.1960E-05
    295.69   0.2035E-05
    303.27   0.2115E-05
    310.85   0.2191E-05
    318.43   0.2264E-05
    326.01   0.2341E-05
    333.60   0.2415E-05
    341.18   0.2485E-05
    348.76   0.2559E-05
    356.34   0.2629E-05
    363.92   0.2696E-05
    371.50   0.2766E-05
    379.09   0.2833E-05
    386.67   0.2895E-05
    394.25   0.2959E-05
    401.83   0.3024E-05
    409.41   0.3085E-05
    416.99   0.3142E-05
    424.58   0.3200E-05
    432.16   0.3255E-05
    439.74   0.3308E-05
    447.32   0.3360E-05
    454.90   0.3409E-05
    462.48   0.3455E-05
    470.07   0.3501E-05
    477.65   0.3543E-05
    485.23   0.3583E-05
    492.81   0.3621E-05
    500.39   0.3657E-05
    507.97   0.3690E-05
    515.56   0.3720E-05
    523.14   0.3747E-05
    530.72   0.3773E-05
    538.30   0.3794E-05
    545.88   0.3813E-05
    553.46   0.3830E-05
    561.05   0.3843E-05
    568.63   0.3853E-05
    576.21   0.3862E-05
    583.79   0.3865E-05
    591.37   0.3866E-05
    598.95   0.3865E-05
    606.54   0.3858E-05
    614.12   0.3850E-05
    621.70   0.3840E-05
    629.28   0.3822E-05
    636.86   0.3804E-05
    644.45   0.3784E-05
    652.03   0.3756E-05
    659.61   0.3727E-05
    667.19   0.3698E-05
    674.77   0.3659E-05
    682.35   0.3620E-05
    689.94   0.3581E-05
    697.52   0.3531E-05
    705.10   0.3482E-05
    712.68   0.3433E-05
    720.26   0.3373E-05
    727.84   0.3314E-05
    735.43   0.3255E-05
    743.01   0.3185E-05
    750.59   0.3114E-05
    758.17   0.3043E-05
    765.75   0.2953E-05
    773.33   0.2859E-05
    780.92   0.2766E-05
    788.50   0.2661E-05
    796.08   0.2545E-05
    803.66   0.2430E-05
    811.24   0.2317E-05
    818.82   0.2188E-05
    826.41   0.2057E-05
    833.99   0.1914E-05
    841.57   0.1726E-05
    849.15   0.1448E-05
    856.73   0.1062E-05
    864.31   0.8693E-06
    871.90   0.7119E-06
    879.48   0.5643E-06
    887.06   0.4137E-06
    894.64   0.2789E-06
    902.22   0.2260E-06
    909.81   0.2934E-06
    917.39   0.4343E-06
    924.97   0.6087E-06
    932.55   0.7880E-06
    940.13   0.9684E-06
    947.71   0.1146E-05
    955.30   0.1334E-05
    962.88   0.1533E-05
    970.46   0.1725E-05
    978.04   0.1913E-05
    985.62   0.2092E-05
    993.20   0.2271E-05
   1000.79   0.2456E-05
   1008.37   0.2632E-05
   1015.95   0.2802E-05
   1023.53   0.2979E-05
   1031.11   0.3163E-05
   1038.69   0.3340E-05
   1046.28   0.3513E-05
   1053.86   0.3680E-05
   1061.44   0.3852E-05
   1069.02   0.4028E-05
   1076.60   0.4197E-05
   1084.18   0.4358E-05
   1091.77   0.4521E-05
   1099.35   0.4688E-05
   1106.93   0.4847E-05
   1114.51   0.4999E-05
   1122.09   0.5145E-05
   1129.67   0.5291E-05
   1137.26   0.5437E-05
   1144.84   0.5575E-05
   1152.42   0.5706E-05
   1160.00   0.5831E-05
   1167.58   0.5952E-05
   1175.16   0.6071E-05
   1182.75   0.6181E-05
   1190.33   0.6283E-05
   1197.91   0.6380E-05
   1205.49   0.6471E-05
   1213.07   0.6554E-05
   1220.66   0.6630E-05
   1228.24   0.6698E-05
   1235.82   0.6758E-05
   1243.40   0.6809E-05
   1250.98   0.6851E-05
   1258.56   0.6886E-05
   1266.15   0.6914E-05
   1273.73   0.6931E-05
   1281.31   0.6935E-05
   1288.89   0.6932E-05
   1296.47   0.6922E-05
   1304.05   0.6898E-05
   1311.64   0.6858E-05
   1319.22   0.6807E-05
   1326.80   0.6743E-05
   1334.38   0.6661E-05
   1341.96   0.6532E-05
   1349.54   0.6322E-05
   1357.13   0.5971E-05
   1364.71   0.5319E-05
   1372.29   0.4818E-05
   1379.87   0.4828E-05
   1387.45   0.4939E-05
   1395.03   0.5086E-05
   1402.62   0.5268E-05
   1410.20   0.5477E-05
   1417.78   0.5687E-05
   1425.36   0.5917E-05
   1432.94   0.6159E-05
   1440.52   0.6381E-05
   1448.11   0.6580E-05
   1455.69   0.6711E-05
   1463.27   0.6660E-05
   1470.85   0.6286E-05
   1478.43   0.5283E-05
   1486.01   0.3070E-05
   1493.60   0.1314E-05
   1501.18   0.9581E-05
   1508.76   0.2475E-04
      0.00   0.0000E+00
      7.58   0.8326E-08
     15.16   0.2668E-07
     22.75   0.8212E-07
     30.33   0.1204E-06
     37.91   0.1505E-06
     45.49   0.1766E-06
     53.07   0.2003E-06
     60.65   0.2220E-06
     68.24   0.2422E-06
     75.82   0.2607E-06
     83.40   0.2777E-06
     90.98   0.2932E-06
     98.56   0.3069E-06
    106.14   0.3181E-06
    113.73   0.3240E-06
    121.31   0.3162E-06
    128.89   0.2703E-06
    136.47   0.1174E-06
    144.05   0.3949E-06
    151.63   0.1736E-05
    159.22   0.1343E-05
    166.80   0.4942E-06
    174.38   0.2490E-06
    181.96   0.2019E-06
    189.54   0.1998E-06
    197.12   0.2046E-06
    204.71   0.2102E-06
    212.29   0.2157E-06
    219.87   0.2208E-06
    227.45   0.2252E-06
    235.03   0.2292E-06
    242.61   0.2326E-06
    250.20   0.2354E-06
    257.78   0.2376E-06
    265.36   0.2391E-06
    272.94   0.2400E-06
    280.52   0.2403E-06
    288.10   0.2399E-06
    295.69   0.2388E-06
    303.27   0.2370E-06
    310.85   0.2345E-06
    318.43   0.2314E-06
    326.01   0.2275E-06
    333.60   0.2230E-06
    341.18   0.2179E-06
    348.76   0.2120E-06
    356.34   0.2055E-06
    363.92   0.1986E-06
    371.50   0.1908E-06
    379.09   0.1826E-06
    386.67   0.1740E-06
    394.25   0.1649E-06
    401.83   0.1552E-06
    409.41   0.1453E-06
    416.99   0.1353E-06
    424.58   0.1250E-06
    432.16   0.1149E-06
    439.74   0.1052E-06
    447.32   0.9597E-07
    454.90   0.8784E-07
    462.48   0.8131E-07
    470.07   0.7678E-07
    477.65   0.7497E-07
    485.23   0.7612E-07
    492.81   0.8027E-07
    500.39   0.8694E-07
    507.97   0.9555E-07
    515.56   0.1059E-06
    523.14   0.1171E-06
    530.72   0.1290E-06
    538.30   0.1416E-06
    545.88   0.1542E-06
    553.46   0.1668E-06
    561.05   0.1795E-06
    568.63   0.1920E-06
    576.21   0.2040E-06
    583.79   0.2158E-06
    591.37   0.2271E-06
    598.95   0.2378E-06
    606.54   0.2480E-06
    614.12   0.2575E-06
    621.70   0.2661E-06
    629.28   0.2742E-06
    636.86   0.2813E-06
    644.45   0.2875E-06
    652.03   0.2928E-06
    659.61   0.2971E-06
    667.19   0.3004E-06
    674.77   0.3027E-06
    682.35   0.3039E-06
    689.94   0.3040E-06
    697.52   0.3029E-06
    705.10   0.3008E-06
    712.68   0.2975E-06
    720.26   0.2930E-06
    727.84   0.2874E-06
    735.43   0.2807E-06
    743.01   0.2727E-06
    750.59   0.2637E-06
    758.17   0.2536E-06
    765.75   0.2423E-06
    773.33   0.2301E-06
    780.92   0.2171E-06
    788.50   0.2030E-06
    796.08   0.1878E-06
    803.66   0.1721E-06
    811.24   0.1559E-06
    818.82   0.1389E-06
    826.41   0.1220E-06
    833.99   0.1056E-06
    841.57   0.9009E-07
    849.15   0.7665E-07
    856.73   0.6784E-07
    864.31   0.6574E-07
    871.90   0.7160E-07
    879.48   0.8392E-07
    887.06   0.1007E-06
    894.64   0.1202E-06
    902.22   0.1408E-06
    909.81   0.1618E-06
    917.39   0.1833E-06
    924.97   0.2050E-06
    932.55   0.2261E-06
    940.13   0.2466E-06
    947.71   0.2663E-06
    955.30   0.2853E-06
    962.88   0.3035E-06
    970.46   0.3204E-06
    978.04   0.3360E-06
    985.62   0.3502E-06
    993.20   0.3630E-06
   1000.79   0.3744E-06
   1008.37   0.3840E-06
   1015.95   0.3918E-06
   1023.53   0.3979E-06
   1031.11   0.4020E-06
   1038.69   0.4042E-06
   1046.28   0.4044E-06
   1053.86   0.4026E-06
   1061.44   0.3987E-06
   1069.02   0.3926E-06
   1076.60   0.3844E-06
   1084.18   0.3743E-06
   1091.77   0.3619E-06
   1099.35   0.3473E-06
   1106.93   0.3307E-06
   1114.51   0.3123E-06
   1122.09   0.2922E-06
   1129.67   0.2700E-06
   1137.26   0.2457E-06
   1144.84   0.2200E-06
   1152.42   0.1931E-06
   1160.00   0.1651E-06
   1167.58   0.1358E-06
   1175.16   0.1057E-06
   1182.75   0.7645E-07
   1190.33   0.5108E-07
   1197.91   0.3983E-07
   1205.49   0.5465E-07
   1213.07   0.8292E-07
   1220.66   0.1151E-06
   1228.24   0.1484E-06
   1235.82   0.1824E-06
   1243.40   0.2166E-06
   1250.98   0.2501E-06
   1258.56   0.2826E-06
   1266.15   0.3139E-06
   1273.73   0.3442E-06
   1281.31   0.3733E-06
   1288.89   0.4003E-06
   1296.47   0.4253E-06
   1304.05   0.4482E-06
   1311.64   0.4687E-06
   1319.22   0.4863E-06
   1326.80   0.5005E-06
   1334.38   0.5103E-06
   1341.96   0.5143E-06
   1349.54   0.5084E-06
   1357.13   0.4850E-06
   1364.71   0.4271E-06
   1372.29   0.3723E-06
   1379.87   0.3340E-06
   1387.45   0.3206E-06
   1395.03   0.3178E-06
   1402.62   0.3198E-06
   1410.20   0.3237E-06
   1417.78   0.3276E-06
   1425.36   0.3312E-06
   1432.94   0.3339E-06
   1440.52   0.3345E-06
   1448.11   0.3327E-06
   1455.69   0.3268E-06
   1463.27   0.3135E-06
   1470.85   0.2883E-06
   1478.43   0.2423E-06
   1486.01   0.1585E-06
   1493.60   0.1020E-07
   1501.18   0.2556E-06
   1508.76   0.7226E-06
      0.00   0.0000E+00
      7.58   0.2137E-07
     15.16   0.7130E-07
     22.75   0.2195E-06
     30.33   0.3218E-06
     37.91   0.4020E-06
     45.49   0.4717E-06
     53.07   0.5348E-06
     60.65   0.5928E-06
     68.24   0.6463E-06
     75.82   0.6954E-06
     83.40   0.7402E-06
     90.98   0.7807E-06
     98.56   0.8150E-06
    106.14   0.8389E-06
    113.73   0.8380E-06
    121.31   0.7682E-06
    128.89   0.5025E-06
    136.47   0.3986E-06
    144.05   0.3012E-05
    151.63   0.4053E-05
    159.22   0.2251E-05
    166.80   0.1062E-05
    174.38   0.8285E-06
    181.96   0.8135E-06
    189.54   0.8305E-06
    197.12   0.8494E-06
    204.71   0.8655E-06
    212.29   0.8784E-06
    219.87   0.8875E-06
    227.45   0.8929E-06
    235.03   0.8943E-06
    242.61   0.8918E-06
    250.20   0.8855E-06
    257.78   0.8750E-06
    265.36   0.8606E-06
    272.94   0.8424E-06
    280.52   0.8201E-06
    288.10   0.7941E-06
    295.69   0.7648E-06
    303.27   0.7315E-06
    310.85   0.6953E-06
    318.43   0.6564E-06
    326.01   0.6144E-06
    333.60   0.5705E-06
    341.18   0.5254E-06
    348.76   0.4789E-06
    356.34   0.4331E-06
    363.92   0.3893E-06
    371.50   0.3487E-06
    379.09   0.3152E-06
    386.67   0.2921E-06
    394.25   0.2825E-06
    401.83   0.2890E-06
    409.41   0.3109E-06
    416.99   0.3449E-06
    424.58   0.3885E-06
    432.16   0.4377E-06
    439.74   0.4900E-06
    447.32   0.5449E-06
    454.90   0.5999E-06
    462.48   0.6542E-06
    470.07   0.7078E-06
    477.65   0.7592E-06
    485.23   0.8078E-06
    492.81   0.8539E-06
    500.39   0.8964E-06
    507.97   0.9348E-06
    515.56   0.9694E-06
    523.14   0.9992E-06
    530.72   0.1024E-05
    538.30   0.1044E-05
    545.88   0.1059E-05
    553.46   0.1068E-05
    561.05   0.1072E-05
    568.63   0.1069E-05
    576.21   0.1061E-05
    583.79   0.1047E-05
    591.37   0.1027E-05
    598.95   0.1002E-05
    606.54   0.9700E-06
    614.12   0.9328E-06
    621.70   0.8905E-06
    629.28   0.8423E-06
    636.86   0.7895E-06
    644.45   0.7327E-06
    652.03   0.6712E-06
    659.61   0.6068E-06
    667.19   0.5405E-06
    674.77   0.4724E-06
    682.35   0.4060E-06
    689.94   0.3446E-06
    697.52   0.2931E-06
    705.10   0.2614E-06
    712.68   0.2586E-06
    720.26   0.2869E-06
    727.84   0.3389E-06
    735.43   0.4049E-06
    743.01   0.4797E-06
    750.59   0.5579E-06
    758.17   0.6369E-06
    765.75   0.7164E-06
    773.33   0.7937E-06
    780.92   0.8678E-06
    788.50   0.9389E-06
    796.08   0.1006E-05
    803.66   0.1068E-05
    811.24   0.1124E-05
    818.82   0.1175E-05
    826.41   0.1221E-05
    833.99   0.1264E-05
    841.57   0.1310E-05
    849.15   0.1352E-05
    856.73   0.1383E-05
    864.31   0.1392E-05
    871.90   0.1386E-05
    879.48   0.1368E-05
    887.06   0.1339E-05
    894.64   0.1299E-05
    902.22   0.1250E-05
    909.81   0.1191E-05
    917.39   0.1122E-05
    924.97   0.1043E-05
    932.55   0.9567E-06
    940.13   0.8630E-06
    947.71   0.7630E-06
    955.30   0.6567E-06
    962.88   0.5456E-06
    970.46   0.4344E-06
    978.04   0.3290E-06
    985.62   0.2445E-06
    993.20   0.2138E-06
   1000.79   0.2621E-06
   1008.37   0.3597E-06
   1015.95   0.4760E-06
   1023.53   0.6000E-06
   1031.11   0.7265E-06
   1038.69   0.8507E-06
   1046.28   0.9709E-06
   1053.86   0.1085E-05
   1061.44   0.1194E-05
   1069.02   0.1296E-05
   1076.60   0.1388E-05
   1084.18   0.1470E-05
   1091.77   0.1541E-05
   1099.35   0.1600E-05
   1106.93   0.1647E-05
   1114.51   0.1681E-05
   1122.09   0.1700E-05
   1129.67   0.1706E-05
   1137.26   0.1696E-05
   1144.84   0.1671E-05
   1152.42   0.1632E-05
   1160.00   0.1578E-05
   1167.58   0.1509E-05
   1175.16   0.1425E-05
   1182.75   0.1327E-05
   1190.33   0.1217E-05
   1197.91   0.1093E-05
   1205.49   0.9567E-06
   1213.07   0.8105E-06
   1220.66   0.6559E-06
   1228.24   0.4953E-06
   1235.82   0.3309E-06
   1243.40   0.1785E-06
   1250.98   0.1393E-06
   1258.56   0.2739E-06
   1266.15   0.4463E-06
   1273.73   0.6261E-06
   1281.31   0.8067E-06
   1288.89   0.9826E-06
   1296.47   0.1152E-05
   1304.05   0.1313E-05
   1311.64   0.1465E-05
   1319.22   0.1604E-05
   1326.80   0.1725E-05
   1334.38   0.1825E-05
   1341.96   0.1896E-05
   1349.54   0.1921E-05
   1357.13   0.1863E-05
   1364.71   0.1647E-05
   1372.29   0.1417E-05
   1379.87   0.1248E-05
   1387.45   0.1191E-05
   1395.03   0.1181E-05
   1402.62   0.1192E-05
   1410.20   0.1209E-05
   1417.78   0.1225E-05
   1425.36   0.1238E-05
   1432.94   0.1246E-05
   1440.52   0.1243E-05
   1448.11   0.1229E-05
   1455.69   0.1198E-05
   1463.27   0.1140E-05
   1470.85   0.1042E-05
   1478.43   0.8775E-06
   1486.01   0.5965E-06
   1493.60   0.1196E-06
   1501.18   0.7010E-06
   1508.76   0.2115E-05
      0.00   0.0000E+00
      7.58   0.1093E-06
     15.16   0.3659E-06
     22.75   0.1109E-05
     30.33   0.1625E-05
     37.91   0.2026E-05
     45.49   0.2365E-05
     53.07   0.2646E-05
     60.65   0.2825E-05
     68.24   0.2747E-05
     75.82   0.1939E-05
     83.40   0.8492E-06
     90.98   0.3728E-06
     98.56   0.1529E-05
    106.14   0.2685E-05
    113.73   0.3815E-05
    121.31   0.4899E-05
    128.89   0.5903E-05
    136.47   0.6746E-05
    144.05   0.7366E-05
    151.63   0.6577E-05
    159.22   0.5562E-05
    166.80   0.5530E-05
    174.38   0.5673E-05
    181.96   0.5821E-05
    189.54   0.5944E-05
    197.12   0.6032E-05
    204.71   0.6082E-05
    212.29   0.6094E-05
    219.87   0.6066E-05
    227.45   0.5999E-05
    235.03   0.5891E-05
    242.61   0.5744E-05
    250.20   0.5560E-05
    257.78   0.5336E-05
    265.36   0.5079E-05
    272.94   0.4791E-05
    280.52   0.4469E-05
    288.10   0.4124E-05
    295.69   0.3761E-05
    303.27   0.3382E-05
    310.85   0.3002E-05
    318.43   0.2637E-05
    326.01   0.2304E-05
    333.60   0.2042E-05
    341.18   0.1893E-05
    348.76   0.1891E-05
    356.34   0.2044E-05
    363.92   0.2319E-05
    371.50   0.2680E-05
    379.09   0.3087E-05
    386.67   0.3515E-05
    394.25   0.3953E-05
    401.83   0.4388E-05
    409.41   0.4807E-05
    416.99   0.5203E-05
    424.58   0.5574E-05
    432.16   0.5912E-05
    439.74   0.6211E-05
    447.32   0.6471E-05
    454.90   0.6687E-05
    462.48   0.6854E-05
    470.07   0.6973E-05
    477.65   0.7039E-05
    485.23   0.7053E-05
    492.81   0.7012E-05
    500.39   0.6917E-05
    507.97   0.6768E-05
    515.56   0.6563E-05
    523.14   0.6306E-05
    530.72   0.6001E-05
    538.30   0.5643E-05
    545.88   0.5243E-05
    553.46   0.4805E-05
    561.05   0.4328E-05
    568.63   0.3827E-05
    576.21   0.3315E-05
    583.79   0.2803E-05
    591.37   0.2330E-05
    598.95   0.1951E-05
    606.54   0.1750E-05
    614.12   0.1809E-05
    621.70   0.2110E-05
    629.28   0.2573E-05
    636.86   0.3116E-05
    644.45   0.3693E-05
    652.03   0.4283E-05
    659.61   0.4863E-05
    667.19   0.5420E-05
    674.77   0.5950E-05
    682.35   0.6439E-05
    689.94   0.6880E-05
    697.52   0.7273E-05
    705.10   0.7606E-05
    712.68   0.7877E-05
    720.26   0.8083E-05
    727.84   0.8218E-05
    735.43   0.8281E-05
    743.01   0.8269E-05
    750.59   0.8181E-05
    758.17   0.8018E-05
    765.75   0.7777E-05
    773.33   0.7463E-05
    780.92   0.7079E-05
    788.50   0.6622E-05
    796.08   0.6097E-05
    803.66   0.5514E-05
    811.24   0.4882E-05
    818.82   0.4202E-05
    826.41   0.3497E-05
    833.99   0.2796E-05
    841.57   0.2150E-05
    849.15   0.1683E-05
    856.73   0.1647E-05
    864.31   0.2087E-05
    871.90   0.2791E-05
    879.48   0.3596E-05
    887.06   0.4437E-05
    894.64   0.5275E-05
    902.22   0.6082E-05
    909.81   0.6841E-05
    917.39   0.7545E-05
    924.97   0.8184E-05
    932.55   0.8740E-05
    940.13   0.9208E-05
    947.71   0.9580E-05
    955.30   0.9851E-05
    962.88   0.1002E-04
    970.46   0.1007E-04
    978.04   0.1001E-04
    985.62   0.9831E-05
    993.20   0.9539E-05
   1000.79   0.9131E-05
   1008.37   0.8613E-05
   1015.95   0.7992E-05
   1023.53   0.7267E-05
   1031.11   0.6445E-05
   1038.69   0.5546E-05
   1046.28   0.4581E-05
   1053.86   0.3575E-05
   1061.44   0.2559E-05
   1069.02   0.1653E-05
   1076.60   0.1293E-05
   1084.18   0.1870E-05
   1091.77   0.2876E-05
   1099.35   0.3990E-05
   1106.93   0.5111E-05
   1114.51   0.6202E-05
   1122.09   0.7240E-05
   1129.67   0.8212E-05
   1137.26   0.9102E-05
   1144.84   0.9888E-05
   1152.42   0.1056E-04
   1160.00   0.1110E-04
   1167.58   0.1151E-04
   1175.16   0.1178E-04
   1182.75   0.1189E-04
   1190.33   0.1185E-04
   1197.91   0.1164E-04
   1205.49   0.1128E-04
   1213.07   0.1076E-04
   1220.66   0.1008E-04
   1228.24   0.9263E-05
   1235.82   0.8300E-05
   1243.40   0.7202E-05
   1250.98   0.5993E-05
   1258.56   0.4689E-05
   1266.15   0.3317E-05
   1273.73   0.1915E-05
   1281.31   0.8125E-06
   1288.89   0.1552E-05
   1296.47   0.2998E-05
   1304.05   0.4506E-05
   1311.64   0.5996E-05
   1319.22   0.7418E-05
   1326.80   0.8737E-05
   1334.38   0.9907E-05
   1341.96   0.1087E-04
   1349.54   0.1148E-04
   1357.13   0.1150E-04
   1364.71   0.1038E-04
   1372.29   0.9015E-05
   1379.87   0.7975E-05
   1387.45   0.7693E-05
   1395.03   0.7734E-05
   1402.62   0.7900E-05
   1410.20   0.8100E-05
   1417.78   0.8283E-05
   1425.36   0.8425E-05
   1432.94   0.8507E-05
   1440.52   0.8506E-05
   1448.11   0.8405E-05
   1455.69   0.8173E-05
   1463.27   0.7750E-05
   1470.85   0.7063E-05
   1478.43   0.5964E-05
   1486.01   0.4188E-05
   1493.60   0.1300E-05
   1501.18   0.3491E-05
   1508.76   0.1154E-04
      0.00   0.0000E+00
      7.58   0.2280E-06
     15.16   0.6758E-06
     22.75   0.1745E-05
     30.33   0.1722E-05
     37.91   0.2090E-05
     45.49   0.2613E-05
     53.07   0.3203E-05
     60.65   0.3824E-05
     68.24   0.4463E-05
     75.82   0.5123E-05
     83.40   0.5798E-05
     90.98   0.6483E-05
     98.56   0.7171E-05
    106.14   0.7846E-05
    113.73   0.8501E-05
    121.31   0.9120E-05
    128.89   0.9811E-05
    136.47   0.1172E-04
    144.05   0.2143E-04
    151.63   0.2062E-04
    159.22   0.1949E-04
    166.80   0.1961E-04
    174.38   0.1984E-04
    181.96   0.1997E-04
    189.54   0.1997E-04
    197.12   0.1979E-04
    204.71   0.1945E-04
    212.29   0.1893E-04
    219.87   0.1825E-04
    227.45   0.1741E-04
    235.03   0.1642E-04
    242.61   0.1530E-04
    250.20   0.1407E-04
    257.78   0.1274E-04
    265.36   0.1136E-04
    272.94   0.9991E-05
    280.52   0.8689E-05
    288.10   0.7590E-05
    295.69   0.6857E-05
    303.27   0.6657E-05
    310.85   0.7067E-05
    318.43   0.7991E-05
    326.01   0.9270E-05
    333.60   0.1074E-04
    341.18   0.1229E-04
    348.76   0.1385E-04
    356.34   0.1537E-04
    363.92   0.1681E-04
    371.50   0.1814E-04
    379.09   0.1932E-04
    386.67   0.2034E-04
    394.25   0.2119E-04
    401.83   0.2185E-04
    409.41   0.2229E-04
    416.99   0.2252E-04
    424.58   0.2253E-04
    432.16   0.2231E-04
    439.74   0.2187E-04
    447.32   0.2120E-04
    454.90   0.2031E-04
    462.48   0.1922E-04
    470.07   0.1793E-04
    477.65   0.1647E-04
    485.23   0.1486E-04
    492.81   0.1313E-04
    500.39   0.1135E-04
    507.97   0.9603E-05
    515.56   0.8006E-05
    523.14   0.6819E-05
    530.72   0.6363E-05
    538.30   0.6840E-05
    545.88   0.8095E-05
    553.46   0.9806E-05
    561.05   0.1175E-04
    568.63   0.1376E-04
    576.21   0.1574E-04
    583.79   0.1765E-04
    591.37   0.1942E-04
    598.95   0.2102E-04
    606.54   0.2243E-04
    614.12   0.2362E-04
    621.70   0.2455E-04
    629.28   0.2522E-04
    636.86   0.2561E-04
    644.45   0.2571E-04
    652.03   0.2551E-04
    659.61   0.2502E-04
    667.19   0.2423E-04
    674.77   0.2314E-04
    682.35   0.2177E-04
    689.94   0.2015E-04
    697.52   0.1828E-04
    705.10   0.1621E-04
    712.68   0.1399E-04
    720.26   0.1166E-04
    727.84   0.9373E-05
    735.43   0.7351E-05
    743.01   0.6064E-05
    750.59   0.6151E-05
    758.17   0.7600E-05
    765.75   0.9824E-05
    773.33   0.1235E-04
    780.92   0.1494E-04
    788.50   0.1751E-04
    796.08   0.1995E-04
    803.66   0.2221E-04
    811.24   0.2423E-04
    818.82   0.2601E-04
    826.41   0.2751E-04
    833.99   0.2877E-04
    841.57   0.2993E-04
    849.15   0.3076E-04
    856.73   0.3115E-04
    864.31   0.3080E-04
    871.90   0.2988E-04
    879.48   0.2848E-04
    887.06   0.2662E-04
    894.64   0.2435E-04
    902.22   0.2172E-04
    909.81   0.1877E-04
    917.39   0.1556E-04
    924.97   0.1218E-04
    932.55   0.8869E-05
    940.13   0.6162E-05
    947.71   0.5466E-05
    955.30   0.7500E-05
    962.88   0.1082E-04
    970.46   0.1448E-04
    978.04   0.1815E-04
    985.62   0.2167E-04
    993.20   0.2495E-04
   1000.79   0.2793E-04
   1008.37   0.3051E-04
   1015.95   0.3264E-04
   1023.53   0.3430E-04
   1031.11   0.3542E-04
   1038.69   0.3599E-04
   1046.28   0.3597E-04
   1053.86   0.3538E-04
   1061.44   0.3418E-04
   1069.02   0.3240E-04
   1076.60   0.3006E-04
   1084.18   0.2721E-04
   1091.77   0.2386E-04
   1099.35   0.2006E-04
   1106.93   0.1594E-04
   1114.51   0.1160E-04
   1122.09   0.7337E-05
   1129.67   0.4378E-05
   1137.26   0.5961E-05
   1144.84   0.1020E-04
   1152.42   0.1490E-04
   1160.00   0.1956E-04
   1167.58   0.2403E-04
   1175.16   0.2819E-04
   1182.75   0.3192E-04
   1190.33   0.3512E-04
   1197.91   0.3775E-04
   1205.49   0.3974E-04
   1213.07   0.4102E-04
   1220.66   0.4157E-04
   1228.24   0.4135E-04
   1235.82   0.4034E-04
   1243.40   0.3856E-04
   1250.98   0.3602E-04
   1258.56   0.3276E-04
   1266.15   0.2883E-04
   1273.73   0.2428E-04
   1281.31   0.1918E-04
   1288.89   0.1369E-04
   1296.47   0.7981E-05
   1304.05   0.3055E-05
   1311.64   0.5712E-05
   1319.22   0.1161E-04
   1326.80   0.1758E-04
   1334.38   0.2320E-04
   1341.96   0.2820E-04
   1349.54   0.3205E-04
   1357.13   0.3384E-04
   1364.71   0.3172E-04
   1372.29   0.2827E-04
   1379.87   0.2554E-04
   1387.45   0.2527E-04
   1395.03   0.2603E-04
   1402.62   0.2717E-04
   1410.20   0.2836E-04
   1417.78   0.2943E-04
   1425.36   0.3030E-04
   1432.94   0.3088E-04
   1440.52   0.3108E-04
   1448.11   0.3084E-04
   1455.69   0.3004E-04
   1463.27   0.2850E-04
   1470.85   0.2598E-04
   1478.43   0.2203E-04
   1486.01   0.1585E-04
   1493.60   0.6150E-05
   1501.18   0.9438E-05
   1508.76   0.3495E-04
      0.00   0.0000E+00
      7.58   0.1092E-05
     15.16   0.3340E-05
     22.75   0.9324E-05
     30.33   0.1123E-04
     37.91   0.1169E-04
     45.49   0.1178E-04
     53.07   0.1183E-04
     60.65   0.1193E-04
     68.24   0.1208E-04
     75.82   0.1231E-04
     83.40   0.1262E-04
     90.98   0.1298E-04
     98.56   0.1341E-04
    106.14   0.1395E-04
    113.73   0.1480E-04
    121.31   0.1609E-04
    128.89   0.1859E-04
    136.47   0.2551E-04
    144.05   0.4106E-04
    151.63   0.4081E-04
    159.22   0.3868E-04
    166.80   0.3793E-04
    174.38   0.3731E-04
    181.96   0.3646E-04
    189.54   0.3525E-04
    197.12   0.3367E-04
    204.71   0.3174E-04
    212.29   0.2947E-04
    219.87   0.2692E-04
    227.45   0.2416E-04
    235.03   0.2127E-04
    242.61   0.1842E-04
    250.20   0.1583E-04
    257.78   0.1382E-04
    265.36   0.1288E-04
    272.94   0.1329E-04
    280.52   0.1499E-04
    288.10   0.1754E-04
    295.69   0.2056E-04
    303.27   0.2378E-04
    310.85   0.2698E-04
    318.43   0.3004E-04
    326.01   0.3288E-04
    333.60   0.3540E-04
    341.18   0.3755E-04
    348.76   0.3929E-04
    356.34   0.4057E-04
    363.92   0.4136E-04
    371.50   0.4164E-04
    379.09   0.4139E-04
    386.67   0.4063E-04
    394.25   0.3934E-04
    401.83   0.3754E-04
    409.41   0.3527E-04
    416.99   0.3257E-04
    424.58   0.2948E-04
    432.16   0.2609E-04
    439.74   0.2253E-04
    447.32   0.1894E-04
    454.90   0.1567E-04
    462.48   0.1325E-04
    470.07   0.1239E-04
    477.65   0.1354E-04
    485.23   0.1626E-04
    492.81   0.1987E-04
    500.39   0.2381E-04
    507.97   0.2780E-04
    515.56   0.3166E-04
    523.14   0.3524E-04
    530.72   0.3844E-04
    538.30   0.4119E-04
    545.88   0.4342E-04
    553.46   0.4507E-04
    561.05   0.4612E-04
    568.63   0.4652E-04
    576.21   0.4625E-04
    583.79   0.4532E-04
    591.37   0.4372E-04
    598.95   0.4149E-04
    606.54   0.3864E-04
    614.12   0.3523E-04
    621.70   0.3135E-04
    629.28   0.2707E-04
    636.86   0.2256E-04
    644.45   0.1811E-04
    652.03   0.1419E-04
    659.61   0.1188E-04
    667.19   0.1237E-04
    674.77   0.1546E-04
    682.35   0.1991E-04
    689.94   0.2485E-04
    697.52   0.2985E-04
    705.10   0.3464E-04
    712.68   0.3906E-04
    720.26   0.4300E-04
    727.84   0.4634E-04
    735.43   0.4901E-04
    743.01   0.5094E-04
    750.59   0.5208E-04
    758.17   0.5239E-04
    765.75   0.5184E-04
    773.33   0.5044E-04
    780.92   0.4820E-04
    788.50   0.4514E-04
    796.08   0.4130E-04
    803.66   0.3678E-04
    811.24   0.3168E-04
    818.82   0.2611E-04
    826.41   0.2036E-04
    833.99   0.1498E-04
    841.57   0.1137E-04
    849.15   0.1204E-04
    856.73   0.1680E-04
    864.31   0.2310E-04
    871.90   0.2974E-04
    879.48   0.3622E-04
    887.06   0.4228E-04
    894.64   0.4772E-04
    902.22   0.5236E-04
    909.81   0.5608E-04
    917.39   0.5879E-04
    924.97   0.6039E-04
    932.55   0.6084E-04
    940.13   0.6010E-04
    947.71   0.5817E-04
    955.30   0.5507E-04
    962.88   0.5083E-04
    970.46   0.4556E-04
    978.04   0.3937E-04
    985.62   0.3243E-04
    993.20   0.2495E-04
   1000.79   0.1741E-04
   1008.37   0.1131E-04
   1015.95   0.1076E-04
   1023.53   0.1659E-04
   1031.11   0.2451E-04
   1038.69   0.3270E-04
   1046.28   0.4059E-04
   1053.86   0.4784E-04
   1061.44   0.5427E-04
   1069.02   0.5967E-04
   1076.60   0.6386E-04
   1084.18   0.6674E-04
   1091.77   0.6821E-04
   1099.35   0.6820E-04
   1106.93   0.6669E-04
   1114.51   0.6368E-04
   1122.09   0.5922E-04
   1129.67   0.5338E-04
   1137.26   0.4626E-04
   1144.84   0.3806E-04
   1152.42   0.2901E-04
   1160.00   0.1953E-04
   1167.58   0.1078E-04
   1175.16   0.9058E-05
   1182.75   0.1711E-04
   1190.33   0.2717E-04
   1197.91   0.3726E-04
   1205.49   0.4683E-04
   1213.07   0.5548E-04
   1220.66   0.6297E-04
   1228.24   0.6907E-04
   1235.82   0.7361E-04
   1243.40   0.7643E-04
   1250.98   0.7742E-04
   1258.56   0.7651E-04
   1266.15   0.7369E-04
   1273.73   0.6899E-04
   1281.31   0.6246E-04
   1288.89   0.5427E-04
   1296.47   0.4463E-04
   1304.05   0.3372E-04
   1311.64   0.2191E-04
   1319.22   0.1014E-04
   1326.80   0.7308E-05
   1334.38   0.1842E-04
   1341.96   0.3023E-04
   1349.54   0.4054E-04
   1357.13   0.4747E-04
   1364.71   0.4769E-04
   1372.29   0.4467E-04
   1379.87   0.4210E-04
   1387.45   0.4351E-04
   1395.03   0.4657E-04
   1402.62   0.5017E-04
   1410.20   0.5374E-04
   1417.78   0.5698E-04
   1425.36   0.5968E-04
   1432.94   0.6165E-04
   1440.52   0.6273E-04
   1448.11   0.6274E-04
   1455.69   0.6145E-04
   1463.27   0.5851E-04
   1470.85   0.5348E-04
   1478.43   0.4559E-04
   1486.01   0.3346E-04
   1493.60   0.1488E-04
   1501.18   0.1412E-04
   1508.76   0.6042E-04
      0.00   0.0000E+00
      7.58   0.1829E-05
     15.16   0.5389E-05
     22.75   0.1481E-04
     30.33   0.1852E-04
     37.91   0.1952E-04
     45.49   0.1943E-04
     53.07   0.1913E-04
     60.65   0.1890E-04
     68.24   0.1888E-04
     75.82   0.1933E-04
     83.40   0.2038E-04
     90.98   0.2241E-04
     98.56   0.2681E-04
    106.14   0.3830E-04
    113.73   0.5360E-04
    121.31   0.6845E-04
    128.89   0.7573E-04
    136.47   0.7396E-04
    144.05   0.6077E-04
    151.63   0.5240E-04
    159.22   0.4527E-04
    166.80   0.4043E-04
    174.38   0.3612E-04
    181.96   0.3191E-04
    189.54   0.2779E-04
    197.12   0.2407E-04
    204.71   0.2123E-04
    212.29   0.1991E-04
    219.87   0.2053E-04
    227.45   0.2294E-04
    235.03   0.2661E-04
    242.61   0.3093E-04
    250.20   0.3546E-04
    257.78   0.3994E-04
    265.36   0.4414E-04
    272.94   0.4790E-04
    280.52   0.5113E-04
    288.10   0.5370E-04
    295.69   0.5556E-04
    303.27   0.5666E-04
    310.85   0.5695E-04
    318.43   0.5642E-04
    326.01   0.5506E-04
    333.60   0.5290E-04
    341.18   0.4998E-04
    348.76   0.4636E-04
    356.34   0.4213E-04
    363.92   0.3745E-04
    371.50   0.3248E-04
    379.09   0.2756E-04
    386.67   0.2321E-04
    394.25   0.2021E-04
    401.83   0.1955E-04
    409.41   0.2156E-04
    416.99   0.2557E-04
    424.58   0.3068E-04
    432.16   0.3618E-04
    439.74   0.4163E-04
    447.32   0.4679E-04
    454.90   0.5144E-04
    462.48   0.5541E-04
    470.07   0.5860E-04
    477.65   0.6092E-04
    485.23   0.6229E-04
    492.81   0.6266E-04
    500.39   0.6202E-04
    507.97   0.6036E-04
    515.56   0.5769E-04
    523.14   0.5408E-04
    530.72   0.4962E-04
    538.30   0.4439E-04
    545.88   0.3859E-04
    553.46   0.3250E-04
    561.05   0.2653E-04
    568.63   0.2154E-04
    576.21   0.1892E-04
    583.79   0.1997E-04
    591.37   0.2426E-04
    598.95   0.3030E-04
    606.54   0.3700E-04
    614.12   0.4369E-04
    621.70   0.5001E-04
    629.28   0.5572E-04
    636.86   0.6060E-04
    644.45   0.6450E-04
    652.03   0.6733E-04
    659.61   0.6897E-04
    667.19   0.6937E-04
    674.77   0.6850E-04
    682.35   0.6636E-04
    689.94   0.6298E-04
    697.52   0.5842E-04
    705.10   0.5278E-04
    712.68   0.4625E-04
    720.26   0.3900E-04
    727.84   0.3145E-04
    735.43   0.2430E-04
    743.01   0.1905E-04
    750.59   0.1825E-04
    758.17   0.2259E-04
    765.75   0.2983E-04
    773.33   0.3802E-04
    780.92   0.4624E-04
    788.50   0.5402E-04
    796.08   0.6103E-04
    803.66   0.6699E-04
    811.24   0.7175E-04
    818.82   0.7518E-04
    826.41   0.7721E-04
    833.99   0.7791E-04
    841.57   0.7760E-04
    849.15   0.7572E-04
    856.73   0.7202E-04
    864.31   0.6596E-04
    871.90   0.5813E-04
    879.48   0.4898E-04
    887.06   0.3891E-04
    894.64   0.2865E-04
    902.22   0.1998E-04
    909.81   0.1730E-04
    917.39   0.2331E-04
    924.97   0.3352E-04
    932.55   0.4464E-04
    940.13   0.5548E-04
    947.71   0.6542E-04
    955.30   0.7410E-04
    962.88   0.8120E-04
    970.46   0.8645E-04
    978.04   0.8968E-04
    985.62   0.9077E-04
    993.20   0.8965E-04
   1000.79   0.8628E-04
   1008.37   0.8075E-04
   1015.95   0.7317E-04
   1023.53   0.6372E-04
   1031.11   0.5266E-04
   1038.69   0.4046E-04
   1046.28   0.2792E-04
   1053.86   0.1741E-04
   1061.44   0.1654E-04
   1069.02   0.2675E-04
   1076.60   0.3999E-04
   1084.18   0.5336E-04
   1091.77   0.6592E-04
   1099.35   0.7711E-04
   1106.93   0.8647E-04
   1114.51   0.9369E-04
   1122.09   0.9849E-04
   1129.67   0.1007E-03
   1137.26   0.1002E-03
   1144.84   0.9695E-04
   1152.42   0.9099E-04
   1160.00   0.8245E-04
   1167.58   0.7152E-04
   1175.16   0.5849E-04
   1182.75   0.4388E-04
   1190.33   0.2848E-04
   1197.91   0.1493E-04
   1205.49   0.1608E-04
   1213.07   0.3070E-04
   1220.66   0.4713E-04
   1228.24   0.6300E-04
   1235.82   0.7752E-04
   1243.40   0.9010E-04
   1250.98   0.1002E-03
   1258.56   0.1075E-03
   1266.15   0.1117E-03
   1273.73   0.1126E-03
   1281.31   0.1101E-03
   1288.89   0.1041E-03
   1296.47   0.9494E-04
   1304.05   0.8267E-04
   1311.64   0.6766E-04
   1319.22   0.5049E-04
   1326.80   0.3190E-04
   1334.38   0.1396E-04
   1341.96   0.1330E-04
   1349.54   0.2974E-04
   1357.13   0.4405E-04
   1364.71   0.5035E-04
   1372.29   0.5128E-04
   1379.87   0.5167E-04
   1387.45   0.5679E-04
   1395.03   0.6387E-04
   1402.62   0.7149E-04
   1410.20   0.7892E-04
   1417.78   0.8571E-04
   1425.36   0.9151E-04
   1432.94   0.9601E-04
   1440.52   0.9889E-04
   1448.11   0.9984E-04
   1455.69   0.9847E-04
   1463.27   0.9424E-04
   1470.85   0.8648E-04
   1478.43   0.7409E-04
   1486.01   0.5514E-04
   1493.60   0.2660E-04
   1501.18   0.1707E-04
   1508.76   0.8538E-04
      0.00   0.0000E+00
      7.58   0.2957E-05
     15.16   0.8295E-05
     22.75   0.2148E-04
     30.33   0.2723E-04
     37.91   0.2989E-04
     45.49   0.3118E-04
     53.07   0.3259E-04
     60.65   0.3496E-04
     68.24   0.3991E-04
     75.82   0.5156E-04
     83.40   0.6657E-04
     90.98   0.8131E-04
     98.56   0.8980E-04
    106.14   0.9019E-04
    113.73   0.8578E-04
    121.31   0.7692E-04
    128.89   0.6405E-04
    136.47   0.4936E-04
    144.05   0.3424E-04
    151.63   0.2945E-04
    159.22   0.2675E-04
    166.80   0.2721E-04
    174.38   0.3017E-04
    181.96   0.3486E-04
    189.54   0.4046E-04
    197.12   0.4633E-04
    204.71   0.5204E-04
    212.29   0.5732E-04
    219.87   0.6193E-04
    227.45   0.6570E-04
    235.03   0.6853E-04
    242.61   0.7029E-04
    250.20   0.7094E-04
    257.78   0.7044E-04
    265.36   0.6879E-04
    272.94   0.6601E-04
    280.52   0.6217E-04
    288.10   0.5738E-04
    295.69   0.5180E-04
    303.27   0.4564E-04
    310.85   0.3926E-04
    318.43   0.3322E-04
    326.01   0.2839E-04
    333.60   0.2605E-04
    341.18   0.2712E-04
    348.76   0.3129E-04
    356.34   0.3736E-04
    363.92   0.4423E-04
    371.50   0.5123E-04
    379.09   0.5787E-04
    386.67   0.6382E-04
    394.25   0.6888E-04
    401.83   0.7285E-04
    409.41   0.7559E-04
    416.99   0.7700E-04
    424.58   0.7703E-04
    432.16   0.7566E-04
    439.74   0.7291E-04
    447.32   0.6882E-04
    454.90   0.6351E-04
    462.48   0.5714E-04
    470.07   0.4993E-04
    477.65   0.4229E-04
    485.23   0.3482E-04
    492.81   0.2859E-04
    500.39   0.2542E-04
    507.97   0.2683E-04
    515.56   0.3227E-04
    523.14   0.3988E-04
    530.72   0.4824E-04
    538.30   0.5656E-04
    545.88   0.6427E-04
    553.46   0.7104E-04
    561.05   0.7663E-04
    568.63   0.8081E-04
    576.21   0.8344E-04
    583.79   0.8443E-04
    591.37   0.8371E-04
    598.95   0.8128E-04
    606.54   0.7717E-04
    614.12   0.7149E-04
    621.70   0.6441E-04
    629.28   0.5612E-04
    636.86   0.4705E-04
    644.45   0.3782E-04
    652.03   0.2957E-04
    659.61   0.2471E-04
    667.19   0.2594E-04
    674.77   0.3269E-04
    682.35   0.4210E-04
    689.94   0.5223E-04
    697.52   0.6214E-04
    705.10   0.7119E-04
    712.68   0.7898E-04
    720.26   0.8525E-04
    727.84   0.8974E-04
    735.43   0.9228E-04
    743.01   0.9278E-04
    750.59   0.9117E-04
    758.17   0.8748E-04
    765.75   0.8175E-04
    773.33   0.7416E-04
    780.92   0.6493E-04
    788.50   0.5440E-04
    796.08   0.4311E-04
    803.66   0.3223E-04
    811.24   0.2437E-04
    818.82   0.2421E-04
    826.41   0.3226E-04
    833.99   0.4416E-04
    841.57   0.5750E-04
    849.15   0.7081E-04
    856.73   0.8304E-04
    864.31   0.9281E-04
    871.90   0.1001E-03
    879.48   0.1048E-03
    887.06   0.1067E-03
    894.64   0.1057E-03
    902.22   0.1019E-03
    909.81   0.9536E-04
    917.39   0.8615E-04
    924.97   0.7460E-04
    932.55   0.6119E-04
    940.13   0.4664E-04
    947.71   0.3249E-04
    955.30   0.2301E-04
    962.88   0.2621E-04
    970.46   0.3919E-04
    978.04   0.5478E-04
    985.62   0.7022E-04
    993.20   0.8439E-04
   1000.79   0.9658E-04
   1008.37   0.1062E-03
   1015.95   0.1129E-03
   1023.53   0.1165E-03
   1031.11   0.1166E-03
   1038.69   0.1132E-03
   1046.28   0.1065E-03
   1053.86   0.9653E-04
   1061.44   0.8360E-04
   1069.02   0.6816E-04
   1076.60   0.5100E-04
   1084.18   0.3358E-04
   1091.77   0.2086E-04
   1099.35   0.2549E-04
   1106.93   0.4222E-04
   1114.51   0.6101E-04
   1122.09   0.7908E-04
   1129.67   0.9530E-04
   1137.26   0.1089E-03
   1144.84   0.1193E-03
   1152.42   0.1260E-03
   1160.00   0.1287E-03
   1167.58   0.1273E-03
   1175.16   0.1216E-03
   1182.75   0.1119E-03
   1190.33   0.9842E-04
   1197.91   0.8154E-04
   1205.49   0.6191E-04
   1213.07   0.4072E-04
   1220.66   0.2133E-04
   1228.24   0.2079E-04
   1235.82   0.4060E-04
   1243.40   0.6320E-04
   1250.98   0.8478E-04
   1258.56   0.1040E-03
   1266.15   0.1200E-03
   1273.73   0.1321E-03
   1281.31   0.1397E-03
   1288.89   0.1424E-03
   1296.47   0.1400E-03
   1304.05   0.1326E-03
   1311.64   0.1202E-03
   1319.22   0.1033E-03
   1326.80   0.8255E-04
   1334.38   0.5897E-04
   1341.96   0.3412E-04
   1349.54   0.1373E-04
   1357.13   0.2160E-04
   1364.71   0.3552E-04
   1372.29   0.4357E-04
   1379.87   0.4972E-04
   1387.45   0.6030E-04
   1395.03   0.7272E-04
   1402.62   0.8554E-04
   1410.20   0.9797E-04
   1417.78   0.1095E-03
   1425.36   0.1195E-03
   1432.94   0.1275E-03
   1440.52   0.1332E-03
   1448.11   0.1359E-03
   1455.69   0.1352E-03
   1463.27   0.1302E-03
   1470.85   0.1200E-03
   1478.43   0.1034E-03
   1486.01   0.7782E-04
   1493.60   0.3973E-04
   1501.18   0.1762E-04
   1508.76   0.1057E-03
      0.00   0.0000E+00
      7.58   0.4289E-05
     15.16   0.1187E-04
     22.75   0.3011E-04
     30.33   0.3980E-04
     37.91   0.4907E-04
     45.49   0.6105E-04
     53.07   0.7439E-04
     60.65   0.8720E-04
     68.24   0.9399E-04
     75.82   0.9371E-04
     83.40   0.8879E-04
     90.98   0.7966E-04
     98.56   0.6628E-04
    106.14   0.5142E-04
    113.73   0.3697E-04
    121.31   0.2507E-04
    128.89   0.2011E-04
    136.47   0.2429E-04
    144.05   0.3259E-04
    151.63   0.4254E-04
    159.22   0.4863E-04
    166.80   0.5410E-04
    174.38   0.5891E-04
    181.96   0.6289E-04
    189.54   0.6588E-04
    197.12   0.6775E-04
    204.71   0.6842E-04
    212.29   0.6784E-04
    219.87   0.6602E-04
    227.45   0.6300E-04
    235.03   0.5886E-04
    242.61   0.5376E-04
    250.20   0.4792E-04
    257.78   0.4165E-04
    265.36   0.3550E-04
    272.94   0.3030E-04
    280.52   0.2724E-04
    288.10   0.2747E-04
    295.69   0.3097E-04
    303.27   0.3667E-04
    310.85   0.4337E-04
    318.43   0.5023E-04
    326.01   0.5674E-04
    333.60   0.6249E-04
    341.18   0.6724E-04
    348.76   0.7078E-04
    356.34   0.7297E-04
    363.92   0.7372E-04
    371.50   0.7297E-04
    379.09   0.7074E-04
    386.67   0.6708E-04
    394.25   0.6209E-04
    401.83   0.5594E-04
    409.41   0.4894E-04
    416.99   0.4151E-04
    424.58   0.3434E-04
    432.16   0.2869E-04
    439.74   0.2637E-04
    447.32   0.2857E-04
    454.90   0.3437E-04
    462.48   0.4198E-04
    470.07   0.5013E-04
    477.65   0.5799E-04
    485.23   0.6506E-04
    492.81   0.7101E-04
    500.39   0.7555E-04
    507.97   0.7850E-04
    515.56   0.7975E-04
    523.14   0.7921E-04
    530.72   0.7688E-04
    538.30   0.7280E-04
    545.88   0.6711E-04
    553.46   0.6001E-04
    561.05   0.5177E-04
    568.63   0.4294E-04
    576.21   0.3439E-04
    583.79   0.2775E-04
    591.37   0.2570E-04
    598.95   0.2960E-04
    606.54   0.3750E-04
    614.12   0.4696E-04
    621.70   0.5655E-04
    629.28   0.6549E-04
    636.86   0.7325E-04
    644.45   0.7946E-04
    652.03   0.8388E-04
    659.61   0.8629E-04
    667.19   0.8659E-04
    674.77   0.8472E-04
    682.35   0.8072E-04
    689.94   0.7469E-04
    697.52   0.6682E-04
    705.10   0.5744E-04
    712.68   0.4707E-04
    720.26   0.3656E-04
    727.84   0.2785E-04
    735.43   0.2465E-04
    743.01   0.2943E-04
    750.59   0.3923E-04
    758.17   0.5062E-04
    765.75   0.6195E-04
    773.33   0.7229E-04
    780.92   0.8107E-04
    788.50   0.8791E-04
    796.08   0.9250E-04
    803.66   0.9462E-04
    811.24   0.9415E-04
    818.82   0.9109E-04
    826.41   0.8553E-04
    833.99   0.7775E-04
    841.57   0.6824E-04
    849.15   0.5688E-04
    856.73   0.4425E-04
    864.31   0.3182E-04
    871.90   0.2456E-04
    879.48   0.2874E-04
    887.06   0.4103E-04
    894.64   0.5560E-04
    902.22   0.6985E-04
    909.81   0.8261E-04
    917.39   0.9320E-04
    924.97   0.1011E-03
    932.55   0.1058E-03
    940.13   0.1073E-03
    947.71   0.1052E-03
    955.30   0.9975E-04
    962.88   0.9097E-04
    970.46   0.7922E-04
    978.04   0.6503E-04
    985.62   0.4922E-04
    993.20   0.3347E-04
   1000.79   0.2302E-04
   1008.37   0.2766E-04
   1015.95   0.4268E-04
   1023.53   0.5987E-04
   1031.11   0.7638E-04
   1038.69   0.9091E-04
   1046.28   0.1027E-03
   1053.86   0.1111E-03
   1061.44   0.1158E-03
   1069.02   0.1164E-03
   1076.60   0.1129E-03
   1084.18   0.1054E-03
   1091.77   0.9399E-04
   1099.35   0.7918E-04
   1106.93   0.6168E-04
   1114.51   0.4265E-04
   1122.09   0.2529E-04
   1129.67   0.2183E-04
   1137.26   0.3747E-04
   1144.84   0.5764E-04
   1152.42   0.7732E-04
   1160.00   0.9483E-04
   1167.58   0.1092E-03
   1175.16   0.1198E-03
   1182.75   0.1259E-03
   1190.33   0.1272E-03
   1197.91   0.1236E-03
   1205.49   0.1151E-03
   1213.07   0.1020E-03
   1220.66   0.8479E-04
   1228.24   0.6429E-04
   1235.82   0.4172E-04
   1243.40   0.2113E-04
   1250.98   0.2278E-04
   1258.56   0.4476E-04
   1266.15   0.6866E-04
   1273.73   0.9090E-04
   1281.31   0.1100E-03
   1288.89   0.1249E-03
   1296.47   0.1349E-03
   1304.05   0.1393E-03
   1311.64   0.1379E-03
   1319.22   0.1306E-03
   1326.80   0.1177E-03
   1334.38   0.9977E-04
   1341.96   0.7769E-04
   1349.54   0.5297E-04
   1357.13   0.2833E-04
   1364.71   0.1101E-04
   1372.29   0.1649E-04
   1379.87   0.2772E-04
   1387.45   0.4217E-04
   1395.03   0.5784E-04
   1402.62   0.7370E-04
   1410.20   0.8909E-04
   1417.78   0.1035E-03
   1425.36   0.1164E-03
   1432.94   0.1271E-03
   1440.52   0.1351E-03
   1448.11   0.1398E-03
   1455.69   0.1404E-03
   1463.27   0.1363E-03
   1470.85   0.1265E-03
   1478.43   0.1096E-03
   1486.01   0.8344E-04
   1493.60   0.4469E-04
   1501.18   0.1283E-04
   1508.76   0.9962E-04
      0.00   0.0000E+00
      7.58   0.6745E-05
     15.16   0.1909E-04
     22.75   0.4944E-04
     30.33   0.6623E-04
     37.91   0.7677E-04
     45.49   0.8333E-04
     53.07   0.8614E-04
     60.65   0.8444E-04
     68.24   0.7799E-04
     75.82   0.6839E-04
     83.40   0.5676E-04
     90.98   0.4397E-04
     98.56   0.3160E-04
    106.14   0.2173E-04
    113.73   0.1782E-04
    121.31   0.2142E-04
    128.89   0.2889E-04
    136.47   0.3682E-04
    144.05   0.4403E-04
    151.63   0.4859E-04
    159.22   0.5207E-04
    166.80   0.5453E-04
    174.38   0.5592E-04
    181.96   0.5619E-04
    189.54   0.5531E-04
    197.12   0.5329E-04
    204.71   0.5019E-04
    212.29   0.4612E-04
    219.87   0.4130E-04
    227.45   0.3603E-04
    235.03   0.3075E-04
    242.61   0.2626E-04
    250.20   0.2363E-04
    257.78   0.2388E-04
    265.36   0.2699E-04
    272.94   0.3193E-04
    280.52   0.3767E-04
    288.10   0.4343E-04
    295.69   0.4873E-04
    303.27   0.5326E-04
    310.85   0.5674E-04
    318.43   0.5903E-04
    326.01   0.6001E-04
    333.60   0.5961E-04
    341.18   0.5785E-04
    348.76   0.5476E-04
    356.34   0.5046E-04
    363.92   0.4516E-04
    371.50   0.3913E-04
    379.09   0.3289E-04
    386.67   0.2726E-04
    394.25   0.2357E-04
    401.83   0.2336E-04
    409.41   0.2686E-04
    416.99   0.3267E-04
    424.58   0.3940E-04
    432.16   0.4608E-04
    439.74   0.5217E-04
    447.32   0.5728E-04
    454.90   0.6113E-04
    462.48   0.6354E-04
    470.07   0.6438E-04
    477.65   0.6360E-04
    485.23   0.6121E-04
    492.81   0.5726E-04
    500.39   0.5193E-04
    507.97   0.4548E-04
    515.56   0.3827E-04
    523.14   0.3104E-04
    530.72   0.2505E-04
    538.30   0.2242E-04
    545.88   0.2474E-04
    553.46   0.3081E-04
    561.05   0.3852E-04
    568.63   0.4643E-04
    576.21   0.5374E-04
    583.79   0.6000E-04
    591.37   0.6481E-04
    598.95   0.6795E-04
    606.54   0.6927E-04
    614.12   0.6866E-04
    621.70   0.6613E-04
    629.28   0.6174E-04
    636.86   0.5567E-04
    644.45   0.4821E-04
    652.03   0.3979E-04
    659.61   0.3124E-04
    667.19   0.2423E-04
    674.77   0.2174E-04
    682.35   0.2568E-04
    689.94   0.3366E-04
    697.52   0.4294E-04
    705.10   0.5204E-04
    712.68   0.6014E-04
    720.26   0.6679E-04
    727.84   0.7159E-04
    735.43   0.7430E-04
    743.01   0.7478E-04
    750.59   0.7296E-04
    758.17   0.6889E-04
    765.75   0.6267E-04
    773.33   0.5461E-04
    780.92   0.4512E-04
    788.50   0.3494E-04
    796.08   0.2561E-04
    803.66   0.2079E-04
    811.24   0.2438E-04
    818.82   0.3374E-04
    826.41   0.4483E-04
    833.99   0.5588E-04
    841.57   0.6636E-04
    849.15   0.7529E-04
    856.73   0.8189E-04
    864.31   0.8499E-04
    871.90   0.8481E-04
    879.48   0.8148E-04
    887.06   0.7513E-04
    894.64   0.6606E-04
    902.22   0.5473E-04
    909.81   0.4192E-04
    917.39   0.2913E-04
    924.97   0.2068E-04
    932.55   0.2411E-04
    940.13   0.3612E-04
    947.71   0.5003E-04
    955.30   0.6329E-04
    962.88   0.7474E-04
    970.46   0.8364E-04
    978.04   0.8947E-04
    985.62   0.9192E-04
    993.20   0.9081E-04
   1000.79   0.8610E-04
   1008.37   0.7798E-04
   1015.95   0.6680E-04
   1023.53   0.5311E-04
   1031.11   0.3792E-04
   1038.69   0.2375E-04
   1046.28   0.1914E-04
   1053.86   0.3004E-04
   1061.44   0.4597E-04
   1069.02   0.6180E-04
   1076.60   0.7581E-04
   1084.18   0.8706E-04
   1091.77   0.9490E-04
   1099.35   0.9886E-04
   1106.93   0.9867E-04
   1114.51   0.9427E-04
   1122.09   0.8579E-04
   1129.67   0.7358E-04
   1137.26   0.5821E-04
   1144.84   0.4073E-04
   1152.42   0.2354E-04
   1160.00   0.1733E-04
   1167.58   0.3129E-04
   1175.16   0.5009E-04
   1182.75   0.6814E-04
   1190.33   0.8375E-04
   1197.91   0.9597E-04
   1205.49   0.1040E-03
   1213.07   0.1074E-03
   1220.66   0.1059E-03
   1228.24   0.9946E-04
   1235.82   0.8829E-04
   1243.40   0.7288E-04
   1250.98   0.5406E-04
   1258.56   0.3324E-04
   1266.15   0.1550E-04
   1273.73   0.2322E-04
   1281.31   0.4472E-04
   1288.89   0.6621E-04
   1296.47   0.8521E-04
   1304.05   0.1005E-03
   1311.64   0.1111E-03
   1319.22   0.1163E-03
   1326.80   0.1158E-03
   1334.38   0.1095E-03
   1341.96   0.9761E-04
   1349.54   0.8072E-04
   1357.13   0.5988E-04
   1364.71   0.3658E-04
   1372.29   0.1766E-04
   1379.87   0.6237E-05
   1387.45   0.1642E-04
   1395.03   0.3159E-04
   1402.62   0.4708E-04
   1410.20   0.6229E-04
   1417.78   0.7679E-04
   1425.36   0.9001E-04
   1432.94   0.1014E-03
   1440.52   0.1103E-03
   1448.11   0.1162E-03
   1455.69   0.1184E-03
   1463.27   0.1161E-03
   1470.85   0.1086E-03
   1478.43   0.9482E-04
   1486.01   0.7304E-04
   1493.60   0.4080E-04
   1501.18   0.6474E-05
   1508.76   0.7645E-04
      0.00   0.0000E+00
      7.58   0.8614E-05
     15.16   0.2338E-04
     22.75   0.5771E-04
     30.33   0.7801E-04
     37.91   0.8937E-04
     45.49   0.9430E-04
     53.07   0.9350E-04
     60.65   0.8800E-04
     68.24   0.7906E-04
     75.82   0.6835E-04
     83.40   0.5640E-04
     90.98   0.4370E-04
     98.56   0.3149E-04
    106.14   0.2131E-04
    113.73   0.1766E-04
    121.31   0.2347E-04
    128.89   0.3342E-04
    136.47   0.4355E-04
    144.05   0.5332E-04
    151.63   0.5587E-04
    159.22   0.5897E-04
    166.80   0.6139E-04
    174.38   0.6260E-04
    181.96   0.6237E-04
    189.54   0.6063E-04
    197.12   0.5741E-04
    204.71   0.5285E-04
    212.29   0.4719E-04
    219.87   0.4082E-04
    227.45   0.3440E-04
    235.03   0.2895E-04
    242.61   0.2608E-04
    250.20   0.2709E-04
    257.78   0.3161E-04
    265.36   0.3806E-04
    272.94   0.4507E-04
    280.52   0.5177E-04
    288.10   0.5757E-04
    295.69   0.6209E-04
    303.27   0.6509E-04
    310.85   0.6636E-04
    318.43   0.6584E-04
    326.01   0.6353E-04
    333.60   0.5950E-04
    341.18   0.5395E-04
    348.76   0.4719E-04
    356.34   0.3975E-04
    363.92   0.3251E-04
    371.50   0.2703E-04
    379.09   0.2552E-04
    386.67   0.2892E-04
    394.25   0.3564E-04
    401.83   0.4363E-04
    409.41   0.5156E-04
    416.99   0.5862E-04
    424.58   0.6434E-04
    432.16   0.6834E-04
    439.74   0.7039E-04
    447.32   0.7038E-04
    454.90   0.6827E-04
    462.48   0.6413E-04
    470.07   0.5813E-04
    477.65   0.5061E-04
    485.23   0.4213E-04
    492.81   0.3358E-04
    500.39   0.2684E-04
    507.97   0.2484E-04
    515.56   0.2902E-04
    523.14   0.3709E-04
    530.72   0.4637E-04
    538.30   0.5538E-04
    545.88   0.6325E-04
    553.46   0.6941E-04
    561.05   0.7353E-04
    568.63   0.7533E-04
    576.21   0.7470E-04
    583.79   0.7162E-04
    591.37   0.6621E-04
    598.95   0.5873E-04
    606.54   0.4960E-04
    614.12   0.3958E-04
    621.70   0.3012E-04
    629.28   0.2425E-04
    636.86   0.2591E-04
    644.45   0.3401E-04
    652.03   0.4458E-04
    659.61   0.5520E-04
    667.19   0.6470E-04
    674.77   0.7238E-04
    682.35   0.7772E-04
    689.94   0.8042E-04
    697.52   0.8030E-04
    705.10   0.7732E-04
    712.68   0.7157E-04
    720.26   0.6330E-04
    727.84   0.5299E-04
    735.43   0.4144E-04
    743.01   0.3020E-04
    750.59   0.2315E-04
    758.17   0.2578E-04
    765.75   0.3601E-04
    773.33   0.4846E-04
    780.92   0.6053E-04
    788.50   0.7103E-04
    796.08   0.7921E-04
    803.66   0.8454E-04
    811.24   0.8670E-04
    818.82   0.8554E-04
    826.41   0.8109E-04
    833.99   0.7362E-04
    841.57   0.6371E-04
    849.15   0.5140E-04
    856.73   0.3770E-04
    864.31   0.2555E-04
    871.90   0.2355E-04
    879.48   0.3447E-04
    887.06   0.4970E-04
    894.64   0.6475E-04
    902.22   0.7780E-04
    909.81   0.8784E-04
    917.39   0.9422E-04
    924.97   0.9651E-04
    932.55   0.9450E-04
    940.13   0.8823E-04
    947.71   0.7800E-04
    955.30   0.6434E-04
    962.88   0.4819E-04
    970.46   0.3160E-04
    978.04   0.2101E-04
    985.62   0.2804E-04
    993.20   0.4472E-04
   1000.79   0.6230E-04
   1008.37   0.7801E-04
   1015.95   0.9054E-04
   1023.53   0.9905E-04
   1031.11   0.1029E-03
   1038.69   0.1019E-03
   1046.28   0.9595E-04
   1053.86   0.8530E-04
   1061.44   0.7050E-04
   1069.02   0.5249E-04
   1076.60   0.3319E-04
   1084.18   0.1926E-04
   1091.77   0.2740E-04
   1099.35   0.4699E-04
   1106.93   0.6694E-04
   1114.51   0.8445E-04
   1122.09   0.9811E-04
   1129.67   0.1070E-03
   1137.26   0.1105E-03
   1144.84   0.1083E-03
   1152.42   0.1004E-03
   1160.00   0.8721E-04
   1167.58   0.6937E-04
   1175.16   0.4812E-04
   1182.75   0.2613E-04
   1190.33   0.1759E-04
   1197.91   0.3645E-04
   1205.49   0.5981E-04
   1213.07   0.8128E-04
   1220.66   0.9889E-04
   1228.24   0.1114E-03
   1235.82   0.1179E-03
   1243.40   0.1179E-03
   1250.98   0.1113E-03
   1258.56   0.9835E-04
   1266.15   0.7971E-04
   1273.73   0.5649E-04
   1281.31   0.3076E-04
   1288.89   0.1384E-04
   1296.47   0.3416E-04
   1304.05   0.6098E-04
   1311.64   0.8554E-04
   1319.22   0.1056E-03
   1326.80   0.1197E-03
   1334.38   0.1268E-03
   1341.96   0.1261E-03
   1349.54   0.1172E-03
   1357.13   0.9995E-04
   1364.71   0.7369E-04
   1372.29   0.4893E-04
   1379.87   0.2807E-04
   1387.45   0.1039E-04
   1395.03   0.1132E-04
   1402.62   0.2870E-04
   1410.20   0.4674E-04
   1417.78   0.6441E-04
   1425.36   0.8098E-04
   1432.94   0.9573E-04
   1440.52   0.1079E-03
   1448.11   0.1167E-03
   1455.69   0.1212E-03
   1463.27   0.1207E-03
   1470.85   0.1142E-03
   1478.43   0.1007E-03
   1486.01   0.7857E-04
   1493.60   0.4570E-04
   1501.18   0.2149E-05
   1508.76   0.7113E-04
      0.00   0.0000E+00
      7.58   0.1043E-04
     15.16   0.2721E-04
     22.75   0.6402E-04
     30.33   0.8624E-04
     37.91   0.9837E-04
     45.49   0.1044E-03
     53.07   0.1051E-03
     60.65   0.1012E-03
     68.24   0.9376E-04
     75.82   0.8271E-04
     83.40   0.6880E-04
     90.98   0.5299E-04
     98.56   0.3651E-04
    106.14   0.2279E-04
    113.73   0.2210E-04
    121.31   0.3729E-04
    128.89   0.6389E-04
    136.47   0.7384E-04
    144.05   0.7153E-04
    151.63   0.7299E-04
    159.22   0.7633E-04
    166.80   0.7879E-04
    174.38   0.7943E-04
    181.96   0.7791E-04
    189.54   0.7419E-04
    197.12   0.6842E-04
    204.71   0.6097E-04
    212.29   0.5238E-04
    219.87   0.4368E-04
    227.45   0.3652E-04
    235.03   0.3336E-04
    242.61   0.3590E-04
    250.20   0.4296E-04
    257.78   0.5211E-04
    265.36   0.6147E-04
    272.94   0.6989E-04
    280.52   0.7666E-04
    288.10   0.8127E-04
    295.69   0.8343E-04
    303.27   0.8298E-04
    310.85   0.7989E-04
    318.43   0.7433E-04
    326.01   0.6658E-04
    333.60   0.5722E-04
    341.18   0.4718E-04
    348.76   0.3810E-04
    356.34   0.3290E-04
    363.92   0.3444E-04
    371.50   0.4197E-04
    379.09   0.5229E-04
    386.67   0.6296E-04
    394.25   0.7261E-04
    401.83   0.8038E-04
    409.41   0.8567E-04
    416.99   0.8815E-04
    424.58   0.8762E-04
    432.16   0.8408E-04
    439.74   0.7768E-04
    447.32   0.6877E-04
    454.90   0.5802E-04
    462.48   0.4654E-04
    470.07   0.3645E-04
    477.65   0.3170E-04
    485.23   0.3555E-04
    492.81   0.4563E-04
    500.39   0.5782E-04
    507.97   0.6966E-04
    515.56   0.7986E-04
    523.14   0.8756E-04
    530.72   0.9222E-04
    538.30   0.9353E-04
    545.88   0.9134E-04
    553.46   0.8575E-04
    561.05   0.7701E-04
    568.63   0.6569E-04
    576.21   0.5276E-04
    583.79   0.4001E-04
    591.37   0.3144E-04
    598.95   0.3271E-04
    606.54   0.4309E-04
    614.12   0.5686E-04
    621.70   0.7058E-04
    629.28   0.8254E-04
    636.86   0.9172E-04
    644.45   0.9747E-04
    652.03   0.9938E-04
    659.61   0.9727E-04
    667.19   0.9121E-04
    674.77   0.8147E-04
    682.35   0.6868E-04
    689.94   0.5390E-04
    697.52   0.3921E-04
    705.10   0.2975E-04
    712.68   0.3305E-04
    720.26   0.4640E-04
    727.84   0.6246E-04
    735.43   0.7770E-04
    743.01   0.9049E-04
    750.59   0.9978E-04
    758.17   0.1049E-03
    765.75   0.1055E-03
    773.33   0.1015E-03
    780.92   0.9301E-04
    788.50   0.8045E-04
    796.08   0.6469E-04
    803.66   0.4730E-04
    811.24   0.3201E-04
    818.82   0.2853E-04
    826.41   0.4121E-04
    833.99   0.5985E-04
    841.57   0.7909E-04
    849.15   0.9624E-04
    856.73   0.1095E-03
    864.31   0.1167E-03
    871.90   0.1177E-03
    879.48   0.1128E-03
    887.06   0.1020E-03
    894.64   0.8607E-04
    902.22   0.6622E-04
    909.81   0.4471E-04
    917.39   0.2817E-04
    924.97   0.3287E-04
    932.55   0.5338E-04
    940.13   0.7589E-04
    947.71   0.9596E-04
    955.30   0.1117E-03
    962.88   0.1217E-03
    970.46   0.1254E-03
    978.04   0.1222E-03
    985.62   0.1124E-03
    993.20   0.9649E-04
   1000.79   0.7543E-04
   1008.37   0.5123E-04
   1015.95   0.2907E-04
   1023.53   0.2849E-04
   1031.11   0.5100E-04
   1038.69   0.7656E-04
   1046.28   0.9943E-04
   1053.86   0.1173E-03
   1061.44   0.1289E-03
   1069.02   0.1332E-03
   1076.60   0.1298E-03
   1084.18   0.1188E-03
   1091.77   0.1008E-03
   1099.35   0.7692E-04
   1106.93   0.4940E-04
   1114.51   0.2471E-04
   1122.09   0.3066E-04
   1129.67   0.5858E-04
   1137.26   0.8696E-04
   1144.84   0.1112E-03
   1152.42   0.1293E-03
   1160.00   0.1396E-03
   1167.58   0.1415E-03
   1175.16   0.1346E-03
   1182.75   0.1192E-03
   1190.33   0.9618E-04
   1197.91   0.6724E-04
   1205.49   0.3549E-04
   1213.07   0.1959E-04
   1220.66   0.4707E-04
   1228.24   0.7989E-04
   1235.82   0.1091E-03
   1243.40   0.1319E-03
   1250.98   0.1464E-03
   1258.56   0.1514E-03
   1266.15   0.1464E-03
   1273.73   0.1315E-03
   1281.31   0.1077E-03
   1288.89   0.7646E-04
   1296.47   0.4061E-04
   1304.05   0.1506E-04
   1311.64   0.4580E-04
   1319.22   0.8290E-04
   1326.80   0.1154E-03
   1334.38   0.1403E-03
   1341.96   0.1552E-03
   1349.54   0.1580E-03
   1357.13   0.1467E-03
   1364.71   0.1182E-03
   1372.29   0.8744E-04
   1379.87   0.6020E-04
   1387.45   0.3724E-04
   1395.03   0.1560E-04
   1402.62   0.1088E-04
   1410.20   0.3270E-04
   1417.78   0.5578E-04
   1425.36   0.7813E-04
   1432.94   0.9868E-04
   1440.52   0.1163E-03
   1448.11   0.1299E-03
   1455.69   0.1381E-03
   1463.27   0.1400E-03
   1470.85   0.1342E-03
   1478.43   0.1195E-03
   1486.01   0.9448E-04
   1493.60   0.5678E-04
   1501.18   0.2895E-05
   1508.76   0.7496E-04
      0.00   0.0000E+00
      7.58   0.1058E-04
     15.16   0.2677E-04
     22.75   0.6078E-04
     30.33   0.8187E-04
     37.91   0.9496E-04
     45.49   0.1019E-03
     53.07   0.1034E-03
     60.65   0.9984E-04
     68.24   0.9155E-04
     75.82   0.7914E-04
     83.40   0.6356E-04
     90.98   0.4617E-04
     98.56   0.2962E-04
    106.14   0.2246E-04
    113.73   0.3486E-04
    121.31   0.6102E-04
    128.89   0.7340E-04
    136.47   0.7899E-04
    144.05   0.7773E-04
    151.63   0.7965E-04
    159.22   0.8148E-04
    166.80   0.8142E-04
    174.38   0.7892E-04
    181.96   0.7393E-04
    189.54   0.6670E-04
    197.12   0.5781E-04
    204.71   0.4822E-04
    212.29   0.3964E-04
    219.87   0.3488E-04
    227.45   0.3648E-04
    235.03   0.4370E-04
    242.61   0.5354E-04
    250.20   0.6365E-04
    257.78   0.7261E-04
    265.36   0.7953E-04
    272.94   0.8384E-04
    280.52   0.8521E-04
    288.10   0.8351E-04
    295.69   0.7880E-04
    303.27   0.7136E-04
    310.85   0.6177E-04
    318.43   0.5100E-04
    326.01   0.4080E-04
    333.60   0.3439E-04
    341.18   0.3541E-04
    348.76   0.4338E-04
    356.34   0.5451E-04
    363.92   0.6590E-04
    371.50   0.7591E-04
    379.09   0.8355E-04
    386.67   0.8819E-04
    394.25   0.8948E-04
    401.83   0.8727E-04
    409.41   0.8166E-04
    416.99   0.7300E-04
    424.58   0.6193E-04
    432.16   0.4967E-04
    439.74   0.3853E-04
    447.32   0.3287E-04
    454.90   0.3674E-04
    462.48   0.4757E-04
    470.07   0.6058E-04
    477.65   0.7295E-04
    485.23   0.8318E-04
    492.81   0.9036E-04
    500.39   0.9391E-04
    507.97   0.9354E-04
    515.56   0.8920E-04
    523.14   0.8113E-04
    530.72   0.6989E-04
    538.30   0.5645E-04
    545.88   0.4274E-04
    553.46   0.3293E-04
    561.05   0.3353E-04
    568.63   0.4433E-04
    576.21   0.5886E-04
    583.79   0.7317E-04
    591.37   0.8526E-04
    598.95   0.9401E-04
    606.54   0.9873E-04
    614.12   0.9901E-04
    621.70   0.9476E-04
    629.28   0.8619E-04
    636.86   0.7388E-04
    644.45   0.5886E-04
    652.03   0.4315E-04
    659.61   0.3163E-04
    667.19   0.3291E-04
    674.77   0.4610E-04
    682.35   0.6279E-04
    689.94   0.7862E-04
    697.52   0.9164E-04
    705.10   0.1006E-03
    712.68   0.1049E-03
    720.26   0.1040E-03
    727.84   0.9805E-04
    735.43   0.8725E-04
    743.01   0.7236E-04
    750.59   0.5478E-04
    758.17   0.3748E-04
    765.75   0.2862E-04
    773.33   0.3757E-04
    780.92   0.5559E-04
    788.50   0.7436E-04
    796.08   0.9068E-04
    803.66   0.1029E-03
    811.24   0.1100E-03
    818.82   0.1114E-03
    826.41   0.1069E-03
    833.99   0.9699E-04
    841.57   0.8242E-04
    849.15   0.6362E-04
    856.73   0.4293E-04
    864.31   0.2837E-04
    871.90   0.3658E-04
    879.48   0.5826E-04
    887.06   0.8082E-04
    894.64   0.1001E-03
    902.22   0.1140E-03
    909.81   0.1214E-03
    917.39   0.1216E-03
    924.97   0.1144E-03
    932.55   0.1002E-03
    940.13   0.8022E-04
    947.71   0.5620E-04
    955.30   0.3284E-04
    962.88   0.2793E-04
    970.46   0.4903E-04
    978.04   0.7478E-04
    985.62   0.9784E-04
    993.20   0.1155E-03
   1000.79   0.1263E-03
   1008.37   0.1290E-03
   1015.95   0.1235E-03
   1023.53   0.1100E-03
   1031.11   0.8939E-04
   1038.69   0.6342E-04
   1046.28   0.3589E-04
   1053.86   0.2405E-04
   1061.44   0.4647E-04
   1069.02   0.7542E-04
   1076.60   0.1013E-03
   1084.18   0.1212E-03
   1091.77   0.1333E-03
   1099.35   0.1364E-03
   1106.93   0.1302E-03
   1114.51   0.1150E-03
   1122.09   0.9183E-04
   1129.67   0.6262E-04
   1137.26   0.3162E-04
   1144.84   0.2399E-04
   1152.42   0.5349E-04
   1160.00   0.8543E-04
   1167.58   0.1127E-03
   1175.16   0.1325E-03
   1182.75   0.1431E-03
   1190.33   0.1434E-03
   1197.91   0.1332E-03
   1205.49   0.1131E-03
   1213.07   0.8465E-04
   1220.66   0.5036E-04
   1228.24   0.1869E-04
   1235.82   0.3693E-04
   1243.40   0.7353E-04
   1250.98   0.1066E-03
   1258.56   0.1324E-03
   1266.15   0.1484E-03
   1273.73   0.1533E-03
   1281.31   0.1463E-03
   1288.89   0.1278E-03
   1296.47   0.9918E-04
   1304.05   0.6267E-04
   1311.64   0.2301E-04
   1319.22   0.2880E-04
   1326.80   0.6967E-04
   1334.38   0.1067E-03
   1341.96   0.1352E-03
   1349.54   0.1515E-03
   1357.13   0.1516E-03
   1364.71   0.1304E-03
   1372.29   0.1032E-03
   1379.87   0.7760E-04
   1387.45   0.5658E-04
   1395.03   0.3601E-04
   1402.62   0.1497E-04
   1410.20   0.1108E-04
   1417.78   0.3362E-04
   1425.36   0.5699E-04
   1432.94   0.7921E-04
   1440.52   0.9898E-04
   1448.11   0.1149E-03
   1455.69   0.1256E-03
   1463.27   0.1299E-03
   1470.85   0.1264E-03
   1478.43   0.1139E-03
   1486.01   0.9113E-04
   1493.60   0.5628E-04
   1501.18   0.6461E-05
   1508.76   0.6412E-04
      0.00   0.0000E+00
      7.58   0.9553E-05
     15.16   0.2376E-04
     22.75   0.5295E-04
     30.33   0.7081E-04
     37.91   0.8166E-04
     45.49   0.8699E-04
     53.07   0.8724E-04
     60.65   0.8272E-04
     68.24   0.7401E-04
     75.82   0.6183E-04
     83.40   0.4745E-04
     90.98   0.3312E-04
     98.56   0.2433E-04
    106.14   0.3031E-04
    113.73   0.5039E-04
    121.31   0.6037E-04
    128.89   0.6582E-04
    136.47   0.6941E-04
    144.05   0.6978E-04
    151.63   0.7088E-04
    159.22   0.7041E-04
    166.80   0.6766E-04
    174.38   0.6260E-04
    181.96   0.5554E-04
    189.54   0.4718E-04
    197.12   0.3879E-04
    204.71   0.3259E-04
    212.29   0.3147E-04
    219.87   0.3625E-04
    227.45   0.4450E-04
    235.03   0.5359E-04
    242.61   0.6183E-04
    250.20   0.6822E-04
    257.78   0.7213E-04
    265.36   0.7320E-04
    272.94   0.7132E-04
    280.52   0.6658E-04
    288.10   0.5935E-04
    295.69   0.5033E-04
    303.27   0.4074E-04
    310.85   0.3294E-04
    318.43   0.3052E-04
    326.01   0.3525E-04
    333.60   0.4438E-04
    341.18   0.5456E-04
    348.76   0.6380E-04
    356.34   0.7095E-04
    363.92   0.7530E-04
    371.50   0.7646E-04
    379.09   0.7429E-04
    386.67   0.6891E-04
    394.25   0.6073E-04
    401.83   0.5052E-04
    409.41   0.3980E-04
    416.99   0.3147E-04
    424.58   0.3013E-04
    432.16   0.3702E-04
    439.74   0.4791E-04
    447.32   0.5919E-04
    454.90   0.6889E-04
    462.48   0.7591E-04
    470.07   0.7961E-04
    477.65   0.7961E-04
    485.23   0.7588E-04
    492.81   0.6863E-04
    500.39   0.5848E-04
    507.97   0.4654E-04
    515.56   0.3503E-04
    523.14   0.2869E-04
    530.72   0.3254E-04
    538.30   0.4363E-04
    545.88   0.5646E-04
    553.46   0.6812E-04
    561.05   0.7712E-04
    568.63   0.8255E-04
    576.21   0.8392E-04
    583.79   0.8106E-04
    591.37   0.7411E-04
    598.95   0.6362E-04
    606.54   0.5059E-04
    614.12   0.3711E-04
    621.70   0.2806E-04
    629.28   0.3074E-04
    636.86   0.4288E-04
    644.45   0.5729E-04
    652.03   0.7044E-04
    659.61   0.8056E-04
    667.19   0.8667E-04
    674.77   0.8819E-04
    682.35   0.8493E-04
    689.94   0.7706E-04
    697.52   0.6517E-04
    705.10   0.5045E-04
    712.68   0.3534E-04
    720.26   0.2627E-04
    727.84   0.3212E-04
    735.43   0.4712E-04
    743.01   0.6320E-04
    750.59   0.7706E-04
    758.17   0.8708E-04
    765.75   0.9231E-04
    773.33   0.9224E-04
    780.92   0.8679E-04
    788.50   0.7628E-04
    796.08   0.6157E-04
    803.66   0.4433E-04
    811.24   0.2868E-04
    818.82   0.2613E-04
    826.41   0.4038E-04
    833.99   0.5912E-04
    841.57   0.7706E-04
    849.15   0.9148E-04
    856.73   0.1005E-03
    864.31   0.1023E-03
    871.90   0.9694E-04
    879.48   0.8505E-04
    887.06   0.6765E-04
    894.64   0.4675E-04
    902.22   0.2758E-04
    909.81   0.2725E-04
    917.39   0.4672E-04
    924.97   0.6870E-04
    932.55   0.8750E-04
    940.13   0.1008E-03
    947.71   0.1074E-03
    955.30   0.1064E-03
    962.88   0.9791E-04
    970.46   0.8249E-04
    978.04   0.6153E-04
    985.62   0.3785E-04
    993.20   0.2174E-04
   1000.79   0.3530E-04
   1008.37   0.5982E-04
   1015.95   0.8259E-04
   1023.53   0.1002E-03
   1031.11   0.1107E-03
   1038.69   0.1131E-03
   1046.28   0.1071E-03
   1053.86   0.9300E-04
   1061.44   0.7195E-04
   1069.02   0.4616E-04
   1076.60   0.2222E-04
   1084.18   0.2876E-04
   1091.77   0.5566E-04
   1099.35   0.8162E-04
   1106.93   0.1022E-03
   1114.51   0.1151E-03
   1122.09   0.1192E-03
   1129.67   0.1138E-03
   1137.26   0.9935E-04
   1144.84   0.7690E-04
   1152.42   0.4869E-04
   1160.00   0.2077E-04
   1167.58   0.2817E-04
   1175.16   0.5854E-04
   1182.75   0.8686E-04
   1190.33   0.1088E-03
   1197.91   0.1221E-03
   1205.49   0.1254E-03
   1213.07   0.1182E-03
   1220.66   0.1009E-03
   1228.24   0.7497E-04
   1235.82   0.4300E-04
   1243.40   0.1437E-04
   1250.98   0.3672E-04
   1258.56   0.7058E-04
   1266.15   0.9971E-04
   1273.73   0.1207E-03
   1281.31   0.1314E-03
   1288.89   0.1306E-03
   1296.47   0.1181E-03
   1304.05   0.9493E-04
   1311.64   0.6307E-04
   1319.22   0.2625E-04
   1326.80   0.1983E-04
   1334.38   0.5711E-04
   1341.96   0.9072E-04
   1349.54   0.1150E-03
   1357.13   0.1250E-03
   1364.71   0.1145E-03
   1372.29   0.9593E-04
   1379.87   0.7682E-04
   1387.45   0.6141E-04
   1395.03   0.4578E-04
   1402.62   0.2861E-04
   1410.20   0.1029E-04
   1417.78   0.1256E-04
   1425.36   0.3308E-04
   1432.94   0.5357E-04
   1440.52   0.7244E-04
   1448.11   0.8826E-04
   1455.69   0.9969E-04
   1463.27   0.1054E-03
   1470.85   0.1043E-03
   1478.43   0.9525E-04
   1486.01   0.7714E-04
   1493.60   0.4877E-04
   1501.18   0.8156E-05
   1508.76   0.4862E-04
      0.00   0.0000E+00
      7.58   0.7642E-05
     15.16   0.1887E-04
     22.75   0.4193E-04
     30.33   0.5528E-04
     37.91   0.6269E-04
     45.49   0.6552E-04
     53.07   0.6424E-04
     60.65   0.5928E-04
     68.24   0.5139E-04
     75.82   0.4152E-04
     83.40   0.3123E-04
     90.98   0.2343E-04
     98.56   0.2411E-04
    106.14   0.3638E-04
    113.73   0.4093E-04
    121.31   0.4673E-04
    128.89   0.5183E-04
    136.47   0.5480E-04
    144.05   0.5430E-04
    151.63   0.5307E-04
    159.22   0.5017E-04
    166.80   0.4547E-04
    174.38   0.3933E-04
    181.96   0.3256E-04
    189.54   0.2666E-04
    197.12   0.2404E-04
    204.71   0.2636E-04
    212.29   0.3230E-04
    219.87   0.3941E-04
    227.45   0.4601E-04
    235.03   0.5115E-04
    242.61   0.5422E-04
    250.20   0.5491E-04
    257.78   0.5311E-04
    265.36   0.4897E-04
    272.94   0.4285E-04
    280.52   0.3551E-04
    288.10   0.2831E-04
    295.69   0.2380E-04
    303.27   0.2480E-04
    310.85   0.3073E-04
    318.43   0.3855E-04
    326.01   0.4610E-04
    333.60   0.5214E-04
    341.18   0.5595E-04
    348.76   0.5715E-04
    356.34   0.5557E-04
    363.92   0.5133E-04
    371.50   0.4479E-04
    379.09   0.3672E-04
    386.67   0.2858E-04
    394.25   0.2324E-04
    401.83   0.2435E-04
    409.41   0.3116E-04
    416.99   0.3993E-04
    424.58   0.4820E-04
    432.16   0.5466E-04
    439.74   0.5855E-04
    447.32   0.5948E-04
    454.90   0.5730E-04
    462.48   0.5219E-04
    470.07   0.4458E-04
    477.65   0.3542E-04
    485.23   0.2660E-04
    492.81   0.2207E-04
    500.39   0.2564E-04
    507.97   0.3447E-04
    515.56   0.4427E-04
    523.14   0.5279E-04
    530.72   0.5888E-04
    538.30   0.6188E-04
    545.88   0.6146E-04
    553.46   0.5760E-04
    561.05   0.5062E-04
    568.63   0.4120E-04
    576.21   0.3078E-04
    583.79   0.2255E-04
    591.37   0.2249E-04
    598.95   0.3087E-04
    606.54   0.4182E-04
    614.12   0.5193E-04
    621.70   0.5963E-04
    629.28   0.6406E-04
    636.86   0.6474E-04
    644.45   0.6154E-04
    652.03   0.5469E-04
    659.61   0.4483E-04
    667.19   0.3325E-04
    674.77   0.2294E-04
    682.35   0.2099E-04
    689.94   0.2979E-04
    697.52   0.4200E-04
    705.10   0.5334E-04
    712.68   0.6199E-04
    720.26   0.6699E-04
    727.84   0.6779E-04
    735.43   0.6426E-04
    743.01   0.5662E-04
    750.59   0.4560E-04
    758.17   0.3263E-04
    765.75   0.2131E-04
    773.33   0.2090E-04
    780.92   0.3220E-04
    788.50   0.4588E-04
    796.08   0.5791E-04
    803.66   0.6658E-04
    811.24   0.7094E-04
    818.82   0.7053E-04
    826.41   0.6531E-04
    833.99   0.5573E-04
    841.57   0.4287E-04
    849.15   0.2829E-04
    856.73   0.1876E-04
    864.31   0.2637E-04
    871.90   0.4215E-04
    879.48   0.5732E-04
    887.06   0.6899E-04
    894.64   0.7573E-04
    902.22   0.7674E-04
    909.81   0.7186E-04
    917.39   0.6145E-04
    924.97   0.4655E-04
    932.55   0.2938E-04
    940.13   0.1751E-04
    947.71   0.2652E-04
    955.30   0.4420E-04
    962.88   0.6062E-04
    970.46   0.7288E-04
    978.04   0.7952E-04
    985.62   0.7980E-04
    993.20   0.7357E-04
   1000.79   0.6133E-04
   1008.37   0.4436E-04
   1015.95   0.2540E-04
   1023.53   0.1626E-04
   1031.11   0.3147E-04
   1038.69   0.5109E-04
   1046.28   0.6778E-04
   1053.86   0.7920E-04
   1061.44   0.8406E-04
   1069.02   0.8174E-04
   1076.60   0.7234E-04
   1084.18   0.5673E-04
   1091.77   0.3663E-04
   1099.35   0.1692E-04
   1106.93   0.2151E-04
   1114.51   0.4299E-04
   1122.09   0.6314E-04
   1129.67   0.7834E-04
   1137.26   0.8678E-04
   1144.84   0.8746E-04
   1152.42   0.8019E-04
   1160.00   0.6557E-04
   1167.58   0.4504E-04
   1175.16   0.2169E-04
   1182.75   0.1544E-04
   1190.33   0.3828E-04
   1197.91   0.6120E-04
   1205.49   0.7912E-04
   1213.07   0.8987E-04
   1220.66   0.9218E-04
   1228.24   0.8568E-04
   1235.82   0.7088E-04
   1243.40   0.4919E-04
   1250.98   0.2340E-04
   1258.56   0.1308E-04
   1266.15   0.3863E-04
   1273.73   0.6370E-04
   1281.31   0.8312E-04
   1288.89   0.9454E-04
   1296.47   0.9663E-04
   1304.05   0.8898E-04
   1311.64   0.7223E-04
   1319.22   0.4807E-04
   1326.80   0.1958E-04
   1334.38   0.1553E-04
   1341.96   0.4402E-04
   1349.54   0.6816E-04
   1357.13   0.8252E-04
   1364.71   0.8129E-04
   1372.29   0.7222E-04
   1379.87   0.6127E-04
   1387.45   0.5254E-04
   1395.03   0.4305E-04
   1402.62   0.3173E-04
   1410.20   0.1847E-04
   1417.78   0.4631E-05
   1425.36   0.1367E-04
   1432.94   0.2976E-04
   1440.52   0.4517E-04
   1448.11   0.5859E-04
   1455.69   0.6882E-04
   1463.27   0.7476E-04
   1470.85   0.7537E-04
   1478.43   0.6979E-04
   1486.01   0.5723E-04
   1493.60   0.3694E-04
   1501.18   0.7782E-05
   1508.76   0.3255E-04
      0.00   0.0000E+00
      7.58   0.5543E-05
     15.16   0.1367E-04
     22.75   0.3058E-04
     30.33   0.3950E-04
     37.91   0.4353E-04
     45.49   0.4424E-04
     53.07   0.4222E-04
     60.65   0.3794E-04
     68.24   0.3190E-04
     75.82   0.2515E-04
     83.40   0.2059E-04
     90.98   0.2139E-04
     98.56   0.2309E-04
    106.14   0.2623E-04
    113.73   0.3020E-04
    121.31   0.3392E-04
    128.89   0.3654E-04
    136.47   0.3756E-04
    144.05   0.3662E-04
    151.63   0.3461E-04
    159.22   0.3131E-04
    166.80   0.2700E-04
    174.38   0.2234E-04
    181.96   0.1861E-04
    189.54   0.1756E-04
    197.12   0.1993E-04
    204.71   0.2437E-04
    212.29   0.2922E-04
    219.87   0.3338E-04
    227.45   0.3622E-04
    235.03   0.3738E-04
    242.61   0.3672E-04
    250.20   0.3428E-04
    257.78   0.3031E-04
    265.36   0.2535E-04
    272.94   0.2042E-04
    280.52   0.1733E-04
    288.10   0.1804E-04
    295.69   0.2212E-04
    303.27   0.2747E-04
    310.85   0.3250E-04
    318.43   0.3631E-04
    326.01   0.3840E-04
    333.60   0.3850E-04
    341.18   0.3657E-04
    348.76   0.3280E-04
    356.34   0.2764E-04
    363.92   0.2199E-04
    371.50   0.1759E-04
    379.09   0.1705E-04
    386.67   0.2090E-04
    394.25   0.2671E-04
    401.83   0.3243E-04
    409.41   0.3692E-04
    416.99   0.3956E-04
    424.58   0.4002E-04
    432.16   0.3823E-04
    439.74   0.3434E-04
    447.32   0.2879E-04
    454.90   0.2251E-04
    462.48   0.1738E-04
    470.07   0.1657E-04
    477.65   0.2092E-04
    485.23   0.2740E-04
    492.81   0.3366E-04
    500.39   0.3847E-04
    507.97   0.4118E-04
    515.56   0.4146E-04
    523.14   0.3923E-04
    530.72   0.3470E-04
    538.30   0.2840E-04
    545.88   0.2145E-04
    553.46   0.1628E-04
    561.05   0.1681E-04
    568.63   0.2268E-04
    576.21   0.2999E-04
    583.79   0.3650E-04
    591.37   0.4110E-04
    598.95   0.4320E-04
    606.54   0.4254E-04
    614.12   0.3914E-04
    621.70   0.3334E-04
    629.28   0.2589E-04
    636.86   0.1848E-04
    644.45   0.1506E-04
    652.03   0.1917E-04
    659.61   0.2701E-04
    667.19   0.3479E-04
    674.77   0.4087E-04
    682.35   0.4439E-04
    689.94   0.4493E-04
    697.52   0.4236E-04
    705.10   0.3692E-04
    712.68   0.2923E-04
    720.26   0.2064E-04
    727.84   0.1466E-04
    735.43   0.1716E-04
    743.01   0.2548E-04
    750.59   0.3431E-04
    758.17   0.4144E-04
    765.75   0.4585E-04
    773.33   0.4698E-04
    780.92   0.4467E-04
    788.50   0.3909E-04
    796.08   0.3085E-04
    803.66   0.2129E-04
    811.24   0.1407E-04
    818.82   0.1672E-04
    826.41   0.2619E-04
    833.99   0.3613E-04
    841.57   0.4445E-04
    849.15   0.4973E-04
    856.73   0.5109E-04
    864.31   0.4775E-04
    871.90   0.4031E-04
    879.48   0.2978E-04
    887.06   0.1832E-04
    894.64   0.1338E-04
    902.22   0.2206E-04
    909.81   0.3408E-04
    917.39   0.4439E-04
    924.97   0.5125E-04
    932.55   0.5375E-04
    940.13   0.5154E-04
    947.71   0.4480E-04
    955.30   0.3425E-04
    962.88   0.2153E-04
    970.46   0.1227E-04
    978.04   0.1907E-04
    985.62   0.3223E-04
    993.20   0.4402E-04
   1000.79   0.5226E-04
   1008.37   0.5583E-04
   1015.95   0.5426E-04
   1023.53   0.4764E-04
   1031.11   0.3665E-04
   1038.69   0.2286E-04
   1046.28   0.1145E-04
   1053.86   0.1833E-04
   1061.44   0.3282E-04
   1069.02   0.4564E-04
   1076.60   0.5448E-04
   1084.18   0.5818E-04
   1091.77   0.5625E-04
   1099.35   0.4878E-04
   1106.93   0.3658E-04
   1114.51   0.2135E-04
   1122.09   0.9894E-05
   1129.67   0.2067E-04
   1137.26   0.3653E-04
   1144.84   0.4969E-04
   1152.42   0.5812E-04
   1160.00   0.6073E-04
   1167.58   0.5712E-04
   1175.16   0.4759E-04
   1182.75   0.3320E-04
   1190.33   0.1620E-04
   1197.91   0.1063E-04
   1205.49   0.2725E-04
   1213.07   0.4372E-04
   1220.66   0.5606E-04
   1228.24   0.6261E-04
   1235.82   0.6250E-04
   1243.40   0.5562E-04
   1250.98   0.4265E-04
   1258.56   0.2515E-04
   1266.15   0.7874E-05
   1273.73   0.1951E-04
   1281.31   0.3850E-04
   1288.89   0.5392E-04
   1296.47   0.6358E-04
   1304.05   0.6620E-04
   1311.64   0.6134E-04
   1319.22   0.4948E-04
   1326.80   0.3198E-04
   1334.38   0.1156E-04
   1341.96   0.1349E-04
   1349.54   0.3306E-04
   1357.13   0.4742E-04
   1364.71   0.5139E-04
   1372.29   0.4894E-04
   1379.87   0.4413E-04
   1387.45   0.4034E-04
   1395.03   0.3554E-04
   1402.62   0.2892E-04
   1410.20   0.2035E-04
   1417.78   0.1011E-04
   1425.36   0.3077E-05
   1432.94   0.1429E-04
   1440.52   0.2618E-04
   1448.11   0.3691E-04
   1455.69   0.4548E-04
   1463.27   0.5095E-04
   1470.85   0.5247E-04
   1478.43   0.4933E-04
   1486.01   0.4098E-04
   1493.60   0.2696E-04
   1501.18   0.6658E-05
   1508.76   0.2119E-04
      0.00   0.0000E+00
      7.58   0.3227E-05
     15.16   0.8059E-05
     22.75   0.1846E-04
     30.33   0.2324E-04
     37.91   0.2456E-04
     45.49   0.2385E-04
     53.07   0.2145E-04
     60.65   0.1829E-04
     68.24   0.1660E-04
     75.82   0.1478E-04
     83.40   0.1311E-04
     90.98   0.1255E-04
     98.56   0.1343E-04
    106.14   0.1520E-04
    113.73   0.1711E-04
    121.31   0.1857E-04
    128.89   0.1930E-04
    136.47   0.1921E-04
    144.05   0.1824E-04
    151.63   0.1649E-04
    159.22   0.1414E-04
    166.80   0.1164E-04
    174.38   0.9781E-05
    181.96   0.9581E-05
    189.54   0.1121E-04
    197.12   0.1374E-04
    204.71   0.1626E-04
    212.29   0.1824E-04
    219.87   0.1935E-04
    227.45   0.1944E-04
    235.03   0.1848E-04
    242.61   0.1659E-04
    250.20   0.1402E-04
    257.78   0.1131E-04
    265.36   0.9430E-05
    272.94   0.9556E-05
    280.52   0.1164E-04
    288.10   0.1450E-04
    295.69   0.1717E-04
    303.27   0.1913E-04
    310.85   0.2007E-04
    318.43   0.1987E-04
    326.01   0.1853E-04
    333.60   0.1620E-04
    341.18   0.1326E-04
    348.76   0.1041E-04
    356.34   0.8974E-05
    363.92   0.1008E-04
    371.50   0.1291E-04
    379.09   0.1606E-04
    386.67   0.1868E-04
    394.25   0.2033E-04
    401.83   0.2077E-04
    409.41   0.1993E-04
    416.99   0.1790E-04
    424.58   0.1493E-04
    432.16   0.1160E-04
    439.74   0.9084E-05
    447.32   0.9142E-05
    454.90   0.1179E-04
    462.48   0.1527E-04
    470.07   0.1840E-04
    477.65   0.2058E-04
    485.23   0.2147E-04
    492.81   0.2097E-04
    500.39   0.1909E-04
    507.97   0.1608E-04
    515.56   0.1242E-04
    523.14   0.9245E-05
    530.72   0.8640E-05
    538.30   0.1127E-04
    545.88   0.1509E-04
    553.46   0.1861E-04
    561.05   0.2110E-04
    568.63   0.2221E-04
    576.21   0.2177E-04
    583.79   0.1981E-04
    591.37   0.1656E-04
    598.95   0.1255E-04
    606.54   0.8989E-05
    614.12   0.8419E-05
    621.70   0.1153E-04
    629.28   0.1576E-04
    636.86   0.1952E-04
    644.45   0.2208E-04
    652.03   0.2306E-04
    659.61   0.2233E-04
    667.19   0.1994E-04
    674.77   0.1618E-04
    682.35   0.1171E-04
    689.94   0.8169E-05
    697.52   0.8751E-05
    705.10   0.1287E-04
    712.68   0.1749E-04
    720.26   0.2123E-04
    727.84   0.2346E-04
    735.43   0.2387E-04
    743.01   0.2238E-04
    750.59   0.1915E-04
    758.17   0.1459E-04
    765.75   0.9720E-05
    773.33   0.7414E-05
    780.92   0.1053E-04
    788.50   0.1567E-04
    796.08   0.2032E-04
    803.66   0.2355E-04
    811.24   0.2488E-04
    818.82   0.2412E-04
    826.41   0.2133E-04
    833.99   0.1684E-04
    841.57   0.1146E-04
    849.15   0.7370E-05
    856.73   0.9560E-05
    864.31   0.1536E-04
    871.90   0.2089E-04
    879.48   0.2481E-04
    887.06   0.2651E-04
    894.64   0.2572E-04
    902.22   0.2251E-04
    909.81   0.1728E-04
    917.39   0.1100E-04
    924.97   0.6888E-05
    932.55   0.1055E-04
    940.13   0.1705E-04
    947.71   0.2270E-04
    955.30   0.2636E-04
    962.88   0.2749E-04
    970.46   0.2588E-04
    978.04   0.2172E-04
    985.62   0.1555E-04
    993.20   0.8763E-05
   1000.79   0.6999E-05
   1008.37   0.1321E-04
   1015.95   0.2011E-04
   1023.53   0.2540E-04
   1031.11   0.2819E-04
   1038.69   0.2807E-04
   1046.28   0.2502E-04
   1053.86   0.1938E-04
   1061.44   0.1203E-04
   1069.02   0.5971E-05
   1076.60   0.1002E-04
   1084.18   0.1777E-04
   1091.77   0.2434E-04
   1099.35   0.2846E-04
   1106.93   0.2954E-04
   1114.51   0.2738E-04
   1122.09   0.2220E-04
   1129.67   0.1470E-04
   1137.26   0.6728E-05
   1144.84   0.7862E-05
   1152.42   0.1626E-04
   1160.00   0.2380E-04
   1167.58   0.2887E-04
   1175.16   0.3073E-04
   1182.75   0.2906E-04
   1190.33   0.2402E-04
   1197.91   0.1626E-04
   1205.49   0.7274E-05
   1213.07   0.6849E-05
   1220.66   0.1600E-04
   1228.24   0.2425E-04
   1235.82   0.2984E-04
   1243.40   0.3194E-04
   1250.98   0.3021E-04
   1258.56   0.2480E-04
   1266.15   0.1640E-04
   1273.73   0.6561E-05
   1281.31   0.7272E-05
   1288.89   0.1738E-04
   1296.47   0.2600E-04
   1304.05   0.3156E-04
   1311.64   0.3324E-04
   1319.22   0.3075E-04
   1326.80   0.2437E-04
   1334.38   0.1497E-04
   1341.96   0.4531E-05
   1349.54   0.8696E-05
   1357.13   0.1780E-04
   1364.71   0.2237E-04
   1372.29   0.2337E-04
   1379.87   0.2265E-04
   1387.45   0.2213E-04
   1395.03   0.2080E-04
   1402.62   0.1823E-04
   1410.20   0.1431E-04
   1417.78   0.9145E-05
   1425.36   0.3145E-05
   1432.94   0.4121E-05
   1440.52   0.1087E-04
   1448.11   0.1725E-04
   1455.69   0.2255E-04
   1463.27   0.2618E-04
   1470.85   0.2760E-04
   1478.43   0.2639E-04
   1486.01   0.2221E-04
   1493.60   0.1487E-04
   1501.18   0.4130E-05
   1508.76   0.1051E-04
      0.00   0.0000E+00
      7.58   0.1336E-05
     15.16   0.3577E-05
     22.75   0.9011E-05
     30.33   0.1015E-04
     37.91   0.8259E-05
     45.49   0.6709E-05
     53.07   0.6319E-05
     60.65   0.5803E-05
     68.24   0.5128E-05
     75.82   0.4466E-05
     83.40   0.4050E-05
     90.98   0.4050E-05
     98.56   0.4417E-05
    106.14   0.4940E-05
    113.73   0.5423E-05
    121.31   0.5742E-05
    128.89   0.5824E-05
    136.47   0.5628E-05
    144.05   0.5156E-05
    151.63   0.4480E-05
    159.22   0.3741E-05
    166.80   0.3187E-05
    174.38   0.3122E-05
    181.96   0.3600E-05
    189.54   0.4346E-05
    197.12   0.5079E-05
    204.71   0.5621E-05
    212.29   0.5876E-05
    219.87   0.5800E-05
    227.45   0.5400E-05
    235.03   0.4734E-05
    242.61   0.3933E-05
    250.20   0.3239E-05
    257.78   0.3017E-05
    265.36   0.3438E-05
    272.94   0.4230E-05
    280.52   0.5051E-05
    288.10   0.5685E-05
    295.69   0.6013E-05
    303.27   0.5983E-05
    310.85   0.5591E-05
    318.43   0.4895E-05
    326.01   0.4023E-05
    333.60   0.3234E-05
    341.18   0.2949E-05
    348.76   0.3401E-05
    356.34   0.4273E-05
    363.92   0.5167E-05
    371.50   0.5847E-05
    379.09   0.6188E-05
    386.67   0.6132E-05
    394.25   0.5681E-05
    401.83   0.4900E-05
    409.41   0.3939E-05
    416.99   0.3107E-05
    424.58   0.2907E-05
    432.16   0.3529E-05
    439.74   0.4521E-05
    447.32   0.5463E-05
    454.90   0.6126E-05
    462.48   0.6393E-05
    470.07   0.6220E-05
    477.65   0.5624E-05
    485.23   0.4695E-05
    492.81   0.3636E-05
    500.39   0.2872E-05
    507.97   0.2997E-05
    515.56   0.3913E-05
    523.14   0.5019E-05
    530.72   0.5938E-05
    538.30   0.6484E-05
    545.88   0.6563E-05
    553.46   0.6159E-05
    561.05   0.5322E-05
    568.63   0.4199E-05
    576.21   0.3112E-05
    583.79   0.2728E-05
    591.37   0.3447E-05
    598.95   0.4645E-05
    606.54   0.5761E-05
    614.12   0.6523E-05
    621.70   0.6801E-05
    629.28   0.6545E-05
    636.86   0.5784E-05
    644.45   0.4635E-05
    652.03   0.3367E-05
    659.61   0.2625E-05
    667.19   0.3158E-05
    674.77   0.4434E-05
    682.35   0.5701E-05
    689.94   0.6615E-05
    697.52   0.7015E-05
    705.10   0.6832E-05
    712.68   0.6083E-05
    720.26   0.4875E-05
    727.84   0.3471E-05
    735.43   0.2541E-05
    743.01   0.3059E-05
    750.59   0.4458E-05
    758.17   0.5843E-05
    765.75   0.6836E-05
    773.33   0.7259E-05
    780.92   0.7041E-05
    788.50   0.6203E-05
    796.08   0.4864E-05
    803.66   0.3322E-05
    811.24   0.2406E-05
    818.82   0.3210E-05
    826.41   0.4811E-05
    833.99   0.6299E-05
    841.57   0.7357E-05
    849.15   0.7761E-05
    856.73   0.7401E-05
    864.31   0.6238E-05
    871.90   0.4513E-05
    879.48   0.2766E-05
    887.06   0.2589E-05
    894.64   0.4282E-05
    902.22   0.6144E-05
    909.81   0.7521E-05
    917.39   0.8151E-05
    924.97   0.7927E-05
    932.55   0.6867E-05
    940.13   0.5129E-05
    947.71   0.3116E-05
    955.30   0.2255E-05
    962.88   0.3863E-05
    970.46   0.5927E-05
    978.04   0.7533E-05
    985.62   0.8361E-05
    993.20   0.8274E-05
   1000.79   0.7267E-05
   1008.37   0.5483E-05
   1015.95   0.3287E-05
   1023.53   0.2065E-05
   1031.11   0.3734E-05
   1038.69   0.5978E-05
   1046.28   0.7725E-05
   1053.86   0.8631E-05
   1061.44   0.8545E-05
   1069.02   0.7462E-05
   1076.60   0.5532E-05
   1084.18   0.3144E-05
   1091.77   0.1949E-05
   1099.35   0.3977E-05
   1106.93   0.6371E-05
   1114.51   0.8146E-05
   1122.09   0.8976E-05
   1129.67   0.8721E-05
   1137.26   0.7398E-05
   1144.84   0.5195E-05
   1152.42   0.2599E-05
   1160.00   0.2124E-05
   1167.58   0.4687E-05
   1175.16   0.7137E-05
   1182.75   0.8778E-05
   1190.33   0.9331E-05
   1197.91   0.8696E-05
   1205.49   0.6946E-05
   1213.07   0.4346E-05
   1220.66   0.1711E-05
   1228.24   0.3027E-05
   1235.82   0.5922E-05
   1243.40   0.8227E-05
   1250.98   0.9494E-05
   1258.56   0.9511E-05
   1266.15   0.8256E-05
   1273.73   0.5894E-05
   1281.31   0.2840E-05
   1288.89   0.1702E-05
   1296.47   0.4769E-05
   1304.05   0.7596E-05
   1311.64   0.9451E-05
   1319.22   0.1002E-04
   1326.80   0.9213E-05
   1334.38   0.7130E-05
   1341.96   0.4114E-05
   1349.54   0.1143E-05
   1357.13   0.3095E-05
   1364.71   0.5227E-05
   1372.29   0.6293E-05
   1379.87   0.6706E-05
   1387.45   0.7069E-05
   1395.03   0.7089E-05
   1402.62   0.6623E-05
   1410.20   0.5623E-05
   1417.78   0.4108E-05
   1425.36   0.2171E-05
   1432.94   0.4370E-06
   1440.52   0.2544E-05
   1448.11   0.4820E-05
   1455.69   0.6788E-05
   1463.27   0.8215E-05
   1470.85   0.8892E-05
   1478.43   0.8654E-05
   1486.01   0.7386E-05
   1493.60   0.5025E-05
   1501.18   0.1527E-05
   1508.76   0.3219E-05
