      0.00   0.0000E+00
      7.58   0.6296E-05
     15.16   0.1658E-04
     22.75   0.3975E-04
     30.33   0.5313E-04
     37.91   0.6108E-04
     45.49   0.6576E-04
     53.07   0.6773E-04
     60.65   0.6732E-04
     68.24   0.6446E-04
     75.82   0.6017E-04
     83.40   0.5574E-04
     90.98   0.5203E-04
     98.56   0.4866E-04
    106.14   0.4675E-04
    113.73   0.4819E-04
    121.31   0.5247E-04
    128.89   0.5627E-04
    136.47   0.5693E-04
    144.05   0.5438E-04
    151.63   0.5379E-04
    159.22   0.5363E-04
    166.80   0.5383E-04
    174.38   0.5356E-04
    181.96   0.5262E-04
    189.54   0.5107E-04
    197.12   0.4911E-04
    204.71   0.4704E-04
    212.29   0.4522E-04
    219.87   0.4398E-04
    227.45   0.4360E-04
    235.03   0.4416E-04
    242.61   0.4554E-04
    250.20   0.4746E-04
    257.78   0.4961E-04
    265.36   0.5166E-04
    272.94   0.5334E-04
    280.52   0.5447E-04
    288.10   0.5497E-04
    295.69   0.5482E-04
    303.27   0.5408E-04
    310.85   0.5291E-04
    318.43   0.5150E-04
    326.01   0.5008E-04
    333.60   0.4890E-04
    341.18   0.4816E-04
    348.76   0.4800E-04
    356.34   0.4843E-04
    363.92   0.4936E-04
    371.50   0.5062E-04
    379.09   0.5200E-04
    386.67   0.5331E-04
    394.25   0.5439E-04
    401.83   0.5513E-04
    409.41   0.5549E-04
    416.99   0.5546E-04
    424.58   0.5511E-04
    432.16   0.5454E-04
    439.74   0.5386E-04
    447.32   0.5322E-04
    454.90   0.5273E-04
    462.48   0.5249E-04
    470.07   0.5253E-04
    477.65   0.5286E-04
    485.23   0.5342E-04
    492.81   0.5412E-04
    500.39   0.5488E-04
    507.97   0.5560E-04
    515.56   0.5622E-04
    523.14   0.5668E-04
    530.72   0.5697E-04
    538.30   0.5710E-04
    545.88   0.5710E-04
    553.46   0.5702E-04
    561.05   0.5691E-04
    568.63   0.5683E-04
    576.21   0.5681E-04
    583.79   0.5687E-04
    591.37   0.5702E-04
    598.95   0.5725E-04
    606.54   0.5755E-04
    614.12   0.5788E-04
    621.70   0.5822E-04
    629.28   0.5855E-04
    636.86   0.5885E-04
    644.45   0.5911E-04
    652.03   0.5934E-04
    659.61   0.5954E-04
    667.19   0.5972E-04
    674.77   0.5988E-04
    682.35   0.6005E-04
    689.94   0.6023E-04
    697.52   0.6044E-04
    705.10   0.6068E-04
    712.68   0.6095E-04
    720.26   0.6126E-04
    727.84   0.6160E-04
    735.43   0.6197E-04
    743.01   0.6234E-04
    750.59   0.6270E-04
    758.17   0.6303E-04
    765.75   0.6330E-04
    773.33   0.6350E-04
    780.92   0.6363E-04
    788.50   0.6369E-04
    796.08   0.6372E-04
    803.66   0.6374E-04
    811.24   0.6380E-04
    818.82   0.6398E-04
    826.41   0.6436E-04
    833.99   0.6509E-04
    841.57   0.6653E-04
    849.15   0.6823E-04
    856.73   0.6987E-04
    864.31   0.7074E-04
    871.90   0.7118E-04
    879.48   0.7135E-04
    887.06   0.7131E-04
    894.64   0.7113E-04
    902.22   0.7085E-04
    909.81   0.7055E-04
    917.39   0.7029E-04
    924.97   0.7015E-04
    932.55   0.7019E-04
    940.13   0.7045E-04
    947.71   0.7095E-04
    955.30   0.7167E-04
    962.88   0.7259E-04
    970.46   0.7363E-04
    978.04   0.7471E-04
    985.62   0.7574E-04
    993.20   0.7663E-04
   1000.79   0.7730E-04
   1008.37   0.7773E-04
   1015.95   0.7789E-04
   1023.53   0.7782E-04
   1031.11   0.7756E-04
   1038.69   0.7720E-04
   1046.28   0.7682E-04
   1053.86   0.7649E-04
   1061.44   0.7625E-04
   1069.02   0.7611E-04
   1076.60   0.7607E-04
   1084.18   0.7613E-04
   1091.77   0.7630E-04
   1099.35   0.7663E-04
   1106.93   0.7723E-04
   1114.51   0.7821E-04
   1122.09   0.7968E-04
   1129.67   0.8168E-04
   1137.26   0.8412E-04
   1144.84   0.8675E-04
   1152.42   0.8922E-04
   1160.00   0.9109E-04
   1167.58   0.9192E-04
   1175.16   0.9133E-04
   1182.75   0.8913E-04
   1190.33   0.8537E-04
   1197.91   0.8042E-04
   1205.49   0.7510E-04
   1213.07   0.7070E-04
   1220.66   0.6874E-04
   1228.24   0.7034E-04
   1235.82   0.7548E-04
   1243.40   0.8302E-04
   1250.98   0.9127E-04
   1258.56   0.9869E-04
   1266.15   0.1041E-03
   1273.73   0.1068E-03
   1281.31   0.1065E-03
   1288.89   0.1033E-03
   1296.47   0.9812E-04
   1304.05   0.9203E-04
   1311.64   0.8655E-04
   1319.22   0.8311E-04
   1326.80   0.8236E-04
   1334.38   0.8377E-04
   1341.96   0.8576E-04
   1349.54   0.8629E-04
   1357.13   0.8286E-04
   1364.71   0.7169E-04
   1372.29   0.5959E-04
   1379.87   0.5057E-04
   1387.45   0.4862E-04
   1395.03   0.5184E-04
   1402.62   0.5874E-04
   1410.20   0.6799E-04
   1417.78   0.7846E-04
   1425.36   0.8915E-04
   1432.94   0.9913E-04
   1440.52   0.1076E-03
   1448.11   0.1135E-03
   1455.69   0.1162E-03
   1463.27   0.1146E-03
   1470.85   0.1077E-03
   1478.43   0.9437E-04
   1486.01   0.7282E-04
   1493.60   0.4073E-04
   1501.18   0.1584E-04
   1508.76   0.8501E-04
