0,0,0,2.380566E-05,1006979,0,4.23E+10,0
0.25,6.283185,8.927122E-06,2.380563E-05,1006979,0,4.23E+10,6.283185
0.5,6.283182,1.487853E-05,2.351371E-05,994632.9,0,4.23E+10,6.283182
0.75,6.283177,2.072046E-05,2.333306E-05,986994.3,0,4.23E+10,6.283177
1,6.283172,2.653115E-05,2.315165E-05,979324.1,0,4.23E+10,6.283172
1.25,6.283165,3.229638E-05,2.297235E-05,971744.5,0,4.23E+10,6.283165
1.5,6.283156,3.801706E-05,2.279536E-05,964263,0,4.23E+10,6.283156
1.75,6.283146,4.369377E-05,2.262062E-05,956877.9,0,4.23E+10,6.283146
2,6.283134,4.932708E-05,2.24481E-05,949587.5,0,4.23E+10,6.283134
2.25,6.283122,5.491754E-05,2.227774E-05,942389.3,0,4.23E+10,6.283122
2.5,6.283107,6.046568E-05,2.210957E-05,935284.1,0,4.23E+10,6.283107
2.75,6.283092,6.597205E-05,2.194356E-05,928271.3,0,4.23E+10,6.283092
3,6.283074,7.143719E-05,2.17796E-05,921346.1,0,4.23E+10,6.283074
3.25,6.283056,7.68616E-05,2.161771E-05,914509.1,0,4.23E+10,6.283056
3.5,6.283036,8.22458E-05,2.145788E-05,907759.7,0,4.23E+10,6.283036
3.75,6.283014,8.759028E-05,2.130002E-05,901094.5,0,4.23E+10,6.283014
4,6.282992,9.289556E-05,2.114417E-05,894515,0,4.23E+10,6.282992
4.25,6.282968,9.816212E-05,2.099023E-05,888016.8,0,4.23E+10,6.282968
4.5,6.282943,0.0001033904,2.083824E-05,881602.1,0,4.23E+10,6.282943
4.75,6.282916,0.000108581,2.068814E-05,875267.6,0,4.23E+10,6.282916
5,6.282888,0.0001137343,2.053989E-05,869012.3,0,4.23E+10,6.282888
5.25,6.282859,0.0001188507,2.03935E-05,862835.8,0,4.23E+10,6.282859
5.5,6.282829,0.0001239308,2.02489E-05,856736.1,0,4.23E+10,6.282829
5.75,6.282797,0.0001289749,2.010609E-05,850712.5,0,4.23E+10,6.282797
6,6.282764,0.0001339836,1.996504E-05,844763.9,0,4.23E+10,6.282764
6.25,6.28273,0.0001389572,1.982575E-05,838890.4,0,4.23E+10,6.28273
6.5,6.282695,0.0001438962,1.968818E-05,833089.9,0,4.23E+10,6.282695
6.75,6.282658,0.0001488011,1.95523E-05,827361.4,0,4.23E+10,6.282658
7,6.28262,0.0001536722,1.941806E-05,821703.3,0,4.23E+10,6.28262
7.25,6.282581,0.0001585099,1.928548E-05,816115.5,0,4.23E+10,6.282581
7.5,6.282541,0.0001633147,1.915454E-05,810597.5,0,4.23E+10,6.282541
7.75,6.2825,0.000168087,1.902519E-05,805147.7,0,4.23E+10,6.2825
8,6.282457,0.0001728271,1.889742E-05,799764.9,0,4.23E+10,6.282457
8.25,6.282413,0.0001775355,1.877121E-05,794448.3,0,4.23E+10,6.282413
8.5,6.282369,0.0001822125,1.864655E-05,789197.8,0,4.23E+10,6.282369
8.75,6.282322,0.0001868586,1.85234E-05,784011.7,0,4.23E+10,6.282322
9,6.282275,0.000191474,1.840176E-05,778890.1,0,4.23E+10,6.282275
9.25,6.282227,0.0001960593,1.828159E-05,773831,0,4.23E+10,6.282227
9.5,6.282177,0.0002006147,1.81629E-05,768834.6,0,4.23E+10,6.282177
9.75,6.282126,0.0002051405,1.804564E-05,763899.4,0,4.23E+10,6.282126
10,6.282074,0.0002096373,1.792979E-05,759024.2,0,4.23E+10,6.282074
10.25,6.282022,0.0002141053,1.781536E-05,754209.4,0,4.23E+10,6.282022
10.5,6.281968,0.0002185448,1.77023E-05,749453.1,0,4.23E+10,6.281968
10.75,6.281912,0.0002229562,1.759063E-05,744755.5,0,4.23E+10,6.281912
11,6.281856,0.0002273399,1.748031E-05,740116,0,4.23E+10,6.281856
11.25,6.281799,0.0002316962,1.737132E-05,735532.5,0,4.23E+10,6.281799
11.5,6.28174,0.0002360254,1.726364E-05,731005,0,4.23E+10,6.28174
11.75,6.281681,0.0002403279,1.715729E-05,726534.3,0,4.23E+10,6.281681
12,6.28162,0.0002446039,1.70522E-05,722117.1,0,4.23E+10,6.28162
12.25,6.281559,0.0002488538,1.69484E-05,717754.5,0,4.23E+10,6.281559
12.5,6.281496,0.0002530779,1.684583E-05,713444.5,0,4.23E+10,6.281496
12.75,6.281432,0.0002572766,1.674452E-05,709187.9,0,4.23E+10,6.281432
13,6.281367,0.00026145,1.664443E-05,704983.5,0,4.23E+10,6.281367
13.25,6.281301,0.0002655986,1.654556E-05,700830.9,0,4.23E+10,6.281301
13.5,6.281234,0.0002697227,1.644787E-05,696728.5,0,4.23E+10,6.281234
13.75,6.281167,0.0002738225,1.635136E-05,692676.1,0,4.23E+10,6.281167
14,6.281097,0.0002778982,1.6256E-05,688672.9,0,4.23E+10,6.281097
14.25,6.281027,0.0002819503,1.616181E-05,684719.5,0,4.23E+10,6.281027
14.5,6.280956,0.000285979,1.606878E-05,680814.9,0,4.23E+10,6.280956
14.75,6.280884,0.0002899845,1.597686E-05,676958,0,4.23E+10,6.280884
15,6.280811,0.0002939673,1.588605E-05,673148.3,0,4.23E+10,6.280811
15.25,6.280737,0.0002979274,1.579634E-05,669385.1,0,4.23E+10,6.280737
15.5,6.280663,0.0003018653,1.570771E-05,665667.9,0,4.23E+10,6.280663
15.75,6.280587,0.0003057811,1.562015E-05,661996.6,0,4.23E+10,6.280587
16,6.28051,0.0003096752,1.553367E-05,658370.6,0,4.23E+10,6.28051
16.25,6.280432,0.0003135478,1.544822E-05,654788.9,0,4.23E+10,6.280432
16.5,6.280354,0.0003173992,1.536382E-05,651251.4,0,4.23E+10,6.280354
16.75,6.280274,0.0003212296,1.528044E-05,647757.8,0,4.23E+10,6.280274
17,6.280193,0.0003250393,1.519808E-05,644307.2,0,4.23E+10,6.280193
17.25,6.280112,0.0003288286,1.511673E-05,640899.6,0,4.23E+10,6.280112
17.5,6.280029,0.0003325976,1.503636E-05,637533.5,0,4.23E+10,6.280029
17.75,6.279946,0.0003363466,1.495697E-05,634209.4,0,4.23E+10,6.279946
18,6.279861,0.0003400759,1.487856E-05,630926.6,0,4.23E+10,6.279861
18.25,6.279776,0.0003437857,1.480111E-05,627685,0,4.23E+10,6.279776
18.5,6.27969,0.0003474763,1.472462E-05,624483.6,0,4.23E+10,6.27969
18.75,6.279603,0.0003511479,1.464906E-05,621322.3,0,4.23E+10,6.279603
19,6.279514,0.0003548008,1.457443E-05,618200.1,0,4.23E+10,6.279514
19.25,6.279425,0.000358435,1.450072E-05,615117.4,0,4.23E+10,6.279425
19.5,6.279335,0.000362051,1.442792E-05,612073.2,0,4.23E+10,6.279335
19.75,6.279244,0.0003656489,1.435603E-05,609067.5,0,4.23E+10,6.279244
20,6.279152,0.0003692289,1.428503E-05,606099.8,0,4.23E+10,6.279152
20.25,6.279059,0.0003727913,1.421491E-05,603169.4,0,4.23E+10,6.279059
20.5,6.278965,0.0003763362,1.414566E-05,600276.4,0,4.23E+10,6.278965
20.75,6.278871,0.000379864,1.407726E-05,597419.1,0,4.23E+10,6.278871
21,6.278776,0.0003833748,1.400973E-05,594598.5,0,4.23E+10,6.278776
21.25,6.278679,0.0003868688,1.394304E-05,591814,0,4.23E+10,6.278679
21.5,6.278582,0.0003903462,1.38772E-05,589065.5,0,4.23E+10,6.278582
21.75,6.278484,0.0003938072,1.381218E-05,586351.9,0,4.23E+10,6.278484
22,6.278385,0.0003972522,1.374799E-05,583673.4,0,4.23E+10,6.278385
22.25,6.278286,0.0004006811,1.368459E-05,581028.8,0,4.23E+10,6.278286
22.5,6.278185,0.0004040943,1.362201E-05,578418.6,0,4.23E+10,6.278185
22.75,6.278083,0.000407492,1.356023E-05,575842.6,0,4.23E+10,6.278083
23,6.277981,0.0004108743,1.349923E-05,573299.9,0,4.23E+10,6.277981
23.25,6.277878,0.0004142415,1.343903E-05,570790.8,0,4.23E+10,6.277878
23.5,6.277774,0.0004175938,1.337958E-05,568313.8,0,4.23E+10,6.277774
23.75,6.277669,0.0004209312,1.332091E-05,565869.9,0,4.23E+10,6.277669
24,6.277563,0.0004242541,1.3263E-05,563458.2,0,4.23E+10,6.277563
24.25,6.277457,0.0004275627,1.320584E-05,561078.8,0,4.23E+10,6.277457
24.5,6.277349,0.000430857,1.314943E-05,558730.6,0,4.23E+10,6.277349
24.75,6.277241,0.0004341373,1.309375E-05,556413.6,0,4.23E+10,6.277241
25,6.277133,0.0004374037,1.303881E-05,554128.3,0,4.23E+10,6.277133
25.25,6.277023,0.0004406566,1.298459E-05,551873.3,0,4.23E+10,6.277023
25.5,6.276912,0.000443896,1.293109E-05,549649.1,0,4.23E+10,6.276912
25.75,6.276801,0.000447122,1.287831E-05,547455.3,0,4.23E+10,6.276801
26,6.276689,0.000450335,1.282623E-05,545291.5,0,4.23E+10,6.276689
26.25,6.276576,0.0004535351,1.277485E-05,543157.3,0,4.23E+10,6.276576
26.5,6.276462,0.0004567223,1.272418E-05,541052.8,0,4.23E+10,6.276462
26.75,6.276347,0.000459897,1.267419E-05,538977.6,0,4.23E+10,6.276347
27,6.276232,0.0004630593,1.262487E-05,536931.1,0,4.23E+10,6.276232
27.25,6.276115,0.0004662094,1.257624E-05,534913.7,0,4.23E+10,6.276115
27.5,6.275999,0.0004693474,1.252829E-05,532925.1,0,4.23E+10,6.275999
27.75,6.275881,0.0004724734,1.248099E-05,530964.1,0,4.23E+10,6.275881
28,6.275762,0.0004755878,1.243436E-05,529031.5,0,4.23E+10,6.275762
28.25,6.275643,0.0004786905,1.238838E-05,527126.7,0,4.23E+10,6.275643
28.5,6.275523,0.0004817819,1.234305E-05,525249.3,0,4.23E+10,6.275523
28.75,6.275402,0.000484862,1.229838E-05,523399.8,0,4.23E+10,6.275402
29,6.27528,0.000487931,1.225433E-05,521576.8,0,4.23E+10,6.27528
29.25,6.275158,0.0004909891,1.221092E-05,519781.1,0,4.23E+10,6.275158
29.5,6.275035,0.0004940364,1.216814E-05,518012.2,0,4.23E+10,6.275035
29.75,6.274911,0.0004970731,1.212599E-05,516269.8,0,4.23E+10,6.274911
30,6.274786,0.0005000993,1.208446E-05,514553.9,0,4.23E+10,6.274786
30.25,6.274661,0.0005031152,1.204354E-05,512863.8,0,4.23E+10,6.274661
30.5,6.274535,0.000506121,1.200323E-05,511199.8,0,4.23E+10,6.274535
30.75,6.274408,0.0005091167,1.196353E-05,509561.8,0,4.23E+10,6.274408
31,6.27428,0.0005121027,1.192443E-05,507948.8,0,4.23E+10,6.27428
31.25,6.274152,0.0005150789,1.188593E-05,506361.6,0,4.23E+10,6.274152
31.5,6.274023,0.0005180456,1.184801E-05,504799.3,0,4.23E+10,6.274023
31.75,6.273893,0.0005210028,1.18107E-05,503262.4,0,4.23E+10,6.273893
32,6.273762,0.0005239508,1.177396E-05,501750.1,0,4.23E+10,6.273762
32.25,6.273631,0.0005268897,1.17378E-05,500262.4,0,4.23E+10,6.273631
32.5,6.273499,0.0005298196,1.170222E-05,498799.1,0,4.23E+10,6.273499
32.75,6.273366,0.0005327407,1.166722E-05,497360.4,0,4.23E+10,6.273366
33,6.273232,0.0005356531,1.163278E-05,495945.8,0,4.23E+10,6.273232
33.25,6.273098,0.000538557,1.15989E-05,494555,0,4.23E+10,6.273098
33.5,6.272963,0.0005414525,1.156559E-05,493187.9,0,4.23E+10,6.272963
33.75,6.272827,0.0005443397,1.153283E-05,491844.7,0,4.23E+10,6.272827
34,6.272691,0.0005472188,1.150062E-05,490524.9,0,4.23E+10,6.272691
34.25,6.272553,0.00055009,1.146896E-05,489228.2,0,4.23E+10,6.272553
34.5,6.272416,0.0005529533,1.143786E-05,487955.1,0,4.23E+10,6.272416
34.75,6.272277,0.0005558088,1.140728E-05,486704.8,0,4.23E+10,6.272277
35,6.272138,0.0005586568,1.137726E-05,485477.4,0,4.23E+10,6.272138
35.25,6.271997,0.0005614973,1.134776E-05,484272.7,0,4.23E+10,6.271997
35.5,6.271857,0.0005643306,1.131879E-05,483090.6,0,4.23E+10,6.271857
35.75,6.271715,0.0005671567,1.129035E-05,481930.9,0,4.23E+10,6.271715
36,6.271573,0.0005699758,1.126244E-05,480793.7,0,4.23E+10,6.271573
36.25,6.27143,0.0005727879,1.123505E-05,479678.3,0,4.23E+10,6.27143
36.5,6.271286,0.0005755932,1.120818E-05,478585.2,0,4.23E+10,6.271286
36.75,6.271142,0.0005783919,1.118182E-05,477514,0,4.23E+10,6.271142
37,6.270997,0.0005811841,1.115598E-05,476464.6,0,4.23E+10,6.270997
37.25,6.270852,0.0005839698,1.113065E-05,475436.9,0,4.23E+10,6.270852
37.5,6.270705,0.0005867493,1.110581E-05,474430.3,0,4.23E+10,6.270705
37.75,6.270558,0.0005895226,1.108148E-05,473445.4,0,4.23E+10,6.270558
38,6.270411,0.00059229,1.105765E-05,472481.6,0,4.23E+10,6.270411
38.25,6.270262,0.0005950514,1.103432E-05,471538.9,0,4.23E+10,6.270262
38.5,6.270113,0.0005978071,1.101148E-05,470617.3,0,4.23E+10,6.270113
38.75,6.269963,0.0006005571,1.098913E-05,469716.6,0,4.23E+10,6.269963
39,6.269813,0.0006033016,1.096727E-05,468836.5,0,4.23E+10,6.269813
39.25,6.269661,0.0006060406,1.09459E-05,467977.2,0,4.23E+10,6.269661
39.5,6.26951,0.0006087744,1.0925E-05,467138.1,0,4.23E+10,6.26951
39.75,6.269357,0.0006115031,1.090459E-05,466319.7,0,4.23E+10,6.269357
40,6.269204,0.0006142267,1.088466E-05,465521.7,0,4.23E+10,6.269204
40.25,6.26905,0.0006169453,1.086519E-05,464743.6,0,4.23E+10,6.26905
40.5,6.268896,0.0006196592,1.08462E-05,463985.7,0,4.23E+10,6.268896
40.75,6.26874,0.0006223684,1.082768E-05,463247.6,0,4.23E+10,6.26874
41,6.268584,0.000625073,1.080963E-05,462529.6,0,4.23E+10,6.268584
41.25,6.268428,0.0006277731,1.079203E-05,461831.1,0,4.23E+10,6.268428
41.5,6.26827,0.0006304689,1.07749E-05,461152.3,0,4.23E+10,6.26827
41.75,6.268113,0.0006331605,1.075823E-05,460493,0,4.23E+10,6.268113
42,6.267954,0.000635848,1.074201E-05,459853.1,0,4.23E+10,6.267954
42.25,6.267795,0.0006385315,1.072624E-05,459232.5,0,4.23E+10,6.267795
42.5,6.267635,0.0006412111,1.071093E-05,458631.1,0,4.23E+10,6.267635
42.75,6.267474,0.0006438869,1.069607E-05,458049,0,4.23E+10,6.267474
43,6.267313,0.000646559,1.068164E-05,457485.4,0,4.23E+10,6.267313
43.25,6.267151,0.0006492276,1.066767E-05,456941.1,0,4.23E+10,6.267151
43.5,6.266988,0.0006518927,1.065413E-05,456415.1,0,4.23E+10,6.266988
43.75,6.266825,0.0006545546,1.064103E-05,455907.9,0,4.23E+10,6.266825
44,6.266661,0.0006572132,1.062837E-05,455419.7,0,4.23E+10,6.266661
44.25,6.266497,0.0006598687,1.061613E-05,454949.4,0,4.23E+10,6.266497
44.5,6.266331,0.0006625212,1.060433E-05,454497.3,0,4.23E+10,6.266331
44.75,6.266165,0.0006651708,1.059294E-05,454063.3,0,4.23E+10,6.266165
45,6.265999,0.0006678177,1.058197E-05,453647,0,4.23E+10,6.265999
45.25,6.265831,0.0006704618,1.05714E-05,453247.9,0,4.23E+10,6.265831
45.5,6.265664,0.0006731033,1.056124E-05,452866,0,4.23E+10,6.265664
45.75,6.265495,0.0006757423,1.055176E-05,452512.8,0,4.23E+10,6.265495
46,6.265326,0.0006783791,1.054354E-05,452213.6,0,4.23E+10,6.265326
46.25,6.265156,0.000681014,1.053572E-05,451931.4,0,4.23E+10,6.265156
46.5,6.264985,0.0006836469,1.052824E-05,451663.5,0,4.23E+10,6.264985
46.75,6.264814,0.000686278,1.052078E-05,451396.6,0,4.23E+10,6.264814
47,6.264642,0.0006889073,1.05129E-05,451112.2,0,4.23E+10,6.264642
47.25,6.26447,0.0006915345,1.050447E-05,450804.7,0,4.23E+10,6.26447
47.5,6.264297,0.0006941596,1.049592E-05,450492.3,0,4.23E+10,6.264297
47.75,6.264122,0.0006967825,1.048738E-05,450180.1,0,4.23E+10,6.264122
48,6.263948,0.0006994033,1.047881E-05,449867.3,0,4.23E+10,6.263948
48.25,6.263773,0.0007020219,1.047023E-05,449553.8,0,4.23E+10,6.263773
48.5,6.263597,0.0007046384,1.046163E-05,449239.9,0,4.23E+10,6.263597
48.75,6.263421,0.0007072528,1.0453E-05,448924.8,0,4.23E+10,6.263421
49,6.263244,0.000709865,1.044436E-05,448609.2,0,4.23E+10,6.263244
49.25,6.263066,0.000712475,1.043568E-05,448292.4,0,4.23E+10,6.263066
49.5,6.262887,0.0007150828,1.042698E-05,447974.5,0,4.23E+10,6.262887
49.75,6.262708,0.0007176885,1.041825E-05,447655.8,0,4.23E+10,6.262708
50,6.262528,0.0007202919,1.040949E-05,447336,0,4.23E+10,6.262528
50.25,6.262348,0.0007228932,1.040071E-05,447015.3,0,4.23E+10,6.262348
50.5,6.262167,0.0007254923,1.039191E-05,446693.8,0,4.23E+10,6.262167
50.75,6.261985,0.0007280892,1.038307E-05,446370.8,0,4.23E+10,6.261985
51,6.261803,0.0007306839,1.037421E-05,446047.2,0,4.23E+10,6.261803
51.25,6.26162,0.0007332763,1.036533E-05,445722.9,0,4.23E+10,6.26162
51.5,6.261436,0.0007358665,1.035641E-05,445397.2,0,4.23E+10,6.261436
51.75,6.261252,0.0007384545,1.034747E-05,445070.6,0,4.23E+10,6.261252
52,6.261067,0.0007410403,1.03385E-05,444743.1,0,4.23E+10,6.261067
52.25,6.260882,0.0007436238,1.032952E-05,444414.8,0,4.23E+10,6.260882
52.5,6.260695,0.000746205,1.03205E-05,444085.4,0,4.23E+10,6.260695
52.75,6.260509,0.000748784,1.031145E-05,443754.8,0,4.23E+10,6.260509
53,6.260321,0.0007513608,1.030238E-05,443423.1,0,4.23E+10,6.260321
53.25,6.260133,0.0007539353,1.029328E-05,443090.9,0,4.23E+10,6.260133
53.5,6.259944,0.0007565074,1.028416E-05,442757.6,0,4.23E+10,6.259944
53.75,6.259755,0.0007590774,1.027501E-05,442423.1,0,4.23E+10,6.259755
54,6.259564,0.000761645,1.026585E-05,442088.3,0,4.23E+10,6.259564
54.25,6.259374,0.0007642103,1.025664E-05,441751.8,0,4.23E+10,6.259374
54.5,6.259182,0.0007667733,1.024742E-05,441414.9,0,4.23E+10,6.259182
54.75,6.25899,0.000769334,1.023818E-05,441077.1,0,4.23E+10,6.25899
55,6.258798,0.0007718924,1.02289E-05,440737.9,0,4.23E+10,6.258798
55.25,6.258605,0.0007744485,1.02196E-05,440398.2,0,4.23E+10,6.258605
55.5,6.25841,0.0007770022,1.021029E-05,440057.7,0,4.23E+10,6.25841
55.75,6.258216,0.0007795537,1.020094E-05,439715.9,0,4.23E+10,6.258216
56,6.258021,0.0007821028,1.019157E-05,439373.3,0,4.23E+10,6.258021
56.25,6.257825,0.0007846495,1.018218E-05,439030.1,0,4.23E+10,6.257825
56.5,6.257628,0.0007871938,1.017276E-05,438685.9,0,4.23E+10,6.257628
56.75,6.257432,0.0007897358,1.016332E-05,438340.6,0,4.23E+10,6.257432
57,6.257234,0.0007922755,1.015386E-05,437994.6,0,4.23E+10,6.257234
57.25,6.257035,0.0007948127,1.014437E-05,437647.7,0,4.23E+10,6.257035
57.5,6.256836,0.0007973476,1.013486E-05,437299.9,0,4.23E+10,6.256836
57.75,6.256637,0.0007998801,1.012533E-05,436951.4,0,4.23E+10,6.256637
58,6.256436,0.0008024102,1.011576E-05,436601.7,0,4.23E+10,6.256436
58.25,6.256236,0.000804938,1.010618E-05,436251.3,0,4.23E+10,6.256236
58.5,6.256034,0.0008074633,1.009658E-05,435900.5,0,4.23E+10,6.256034
58.75,6.255832,0.0008099863,1.008695E-05,435548,0,4.23E+10,6.255832
59,6.255629,0.0008125068,1.00773E-05,435195.3,0,4.23E+10,6.255629
59.25,6.255425,0.0008150249,1.006764E-05,434841.9,0,4.23E+10,6.255425
59.5,6.255221,0.0008175406,1.005793E-05,434487,0,4.23E+10,6.255221
59.75,6.255017,0.0008200539,1.004821E-05,434131.4,0,4.23E+10,6.255017
60,6.254811,0.0008225647,1.003849E-05,433775.8,0,4.23E+10,6.254811
60.25,6.254605,0.0008250731,1.002872E-05,433418.5,0,4.23E+10,6.254605
60.5,6.254399,0.0008275791,1.001893E-05,433060.6,0,4.23E+10,6.254399
60.75,6.254191,0.0008300826,1.000914E-05,432702.3,0,4.23E+10,6.254191
61,6.253983,0.0008325836,9.999308E-06,432342.7,0,4.23E+10,6.253983
61.25,6.253775,0.0008350823,9.989461E-06,431982.5,0,4.23E+10,6.253775
61.5,6.253566,0.0008375784,9.979592E-06,431621.5,0,4.23E+10,6.253566
61.75,6.253356,0.0008400721,9.969715E-06,431260.3,0,4.23E+10,6.253356
62,6.253146,0.0008425632,9.959808E-06,430897.9,0,4.23E+10,6.253146
62.25,6.252935,0.000845052,9.949878E-06,430534.6,0,4.23E+10,6.252935
62.5,6.252724,0.0008475382,9.939934E-06,430170.9,0,4.23E+10,6.252724
62.75,6.252512,0.0008500219,9.929965E-06,429806.2,0,4.23E+10,6.252512
63,6.252299,0.0008525031,9.919976E-06,429440.8,0,4.23E+10,6.252299
63.25,6.252085,0.0008549819,9.909972E-06,429074.8,0,4.23E+10,6.252085
63.5,6.251871,0.0008574582,9.899938E-06,428707.8,0,4.23E+10,6.251871
63.75,6.251657,0.0008599319,9.889888E-06,428340.1,0,4.23E+10,6.251657
64,6.251441,0.0008624031,9.879827E-06,427972,0,4.23E+10,6.251441
64.25,6.251225,0.0008648718,9.869748E-06,427603.3,0,4.23E+10,6.251225
64.5,6.251009,0.000867338,9.859634E-06,427233.3,0,4.23E+10,6.251009
64.75,6.250792,0.0008698016,9.849516E-06,426863.1,0,4.23E+10,6.250792
65,6.250574,0.0008722628,9.839385E-06,426492.5,0,4.23E+10,6.250574
65.25,6.250356,0.0008747213,9.829214E-06,426120.4,0,4.23E+10,6.250356
65.5,6.250137,0.0008771773,9.819031E-06,425747.8,0,4.23E+10,6.250137
65.75,6.249917,0.0008796309,9.808844E-06,425375.2,0,4.23E+10,6.249917
66,6.249697,0.0008820818,9.798617E-06,425000.9,0,4.23E+10,6.249697
66.25,6.249476,0.0008845302,9.788379E-06,424626.4,0,4.23E+10,6.249476
66.5,6.249255,0.000886976,9.778128E-06,424251.3,0,4.23E+10,6.249255
66.75,6.249032,0.0008894193,9.767867E-06,423876,0,4.23E+10,6.249032
67,6.24881,0.00089186,9.757573E-06,423499.3,0,4.23E+10,6.24881
67.25,6.248587,0.0008942981,9.747261E-06,423122,0,4.23E+10,6.248587
67.5,6.248363,0.0008967336,9.736945E-06,422744.6,0,4.23E+10,6.248363
67.75,6.248138,0.0008991666,9.726598E-06,422366,0,4.23E+10,6.248138
68,6.247913,0.0009015969,9.716235E-06,421986.8,0,4.23E+10,6.247913
68.25,6.247687,0.0009040247,9.705869E-06,421607.6,0,4.23E+10,6.247687
68.5,6.247461,0.0009064499,9.695484E-06,421227.7,0,4.23E+10,6.247461
68.75,6.247234,0.0009088724,9.685064E-06,420846.4,0,4.23E+10,6.247234
69,6.247006,0.0009112924,9.67464E-06,420465,0,4.23E+10,6.247006
69.25,6.246778,0.0009137098,9.664204E-06,420083.2,0,4.23E+10,6.246778
69.5,6.24655,0.0009161245,9.653766E-06,419701.4,0,4.23E+10,6.24655
69.75,6.24632,0.0009185366,9.64328E-06,419317.7,0,4.23E+10,6.24632
70,6.24609,0.0009209461,9.632795E-06,418934.1,0,4.23E+10,6.24609
70.25,6.24586,0.000923353,9.6223E-06,418550.2,0,4.23E+10,6.24586
70.5,6.245629,0.0009257573,9.611797E-06,418166,0,4.23E+10,6.245629
70.75,6.245397,0.0009281589,9.601251E-06,417780.1,0,4.23E+10,6.245397
71,6.245165,0.0009305579,9.590706E-06,417394.3,0,4.23E+10,6.245165
71.25,6.244932,0.0009329543,9.580155E-06,417008.4,0,4.23E+10,6.244932
71.5,6.244698,0.000935348,9.569563E-06,416620.8,0,4.23E+10,6.244698
71.75,6.244464,0.000937739,9.558965E-06,416233.1,0,4.23E+10,6.244464
72,6.244229,0.0009401275,9.548354E-06,415844.9,0,4.23E+10,6.244229
72.25,6.243994,0.0009425132,9.537749E-06,415457,0,4.23E+10,6.243994
72.5,6.243758,0.0009448964,9.527101E-06,415067.4,0,4.23E+10,6.243758
72.75,6.243521,0.0009472768,9.516444E-06,414677.5,0,4.23E+10,6.243521
73,6.243284,0.0009496546,9.505781E-06,414287.5,0,4.23E+10,6.243284
73.25,6.243046,0.0009520297,9.49511E-06,413897.1,0,4.23E+10,6.243046
73.5,6.242808,0.0009544021,9.484403E-06,413505.4,0,4.23E+10,6.242808
73.75,6.242569,0.0009567719,9.473692E-06,413113.5,0,4.23E+10,6.242569
74,6.24233,0.000959139,9.462978E-06,412721.6,0,4.23E+10,6.24233
74.25,6.24209,0.0009615034,9.452246E-06,412329.1,0,4.23E+10,6.24209
74.5,6.241849,0.0009638651,9.441515E-06,411936.6,0,4.23E+10,6.241849
74.75,6.241608,0.0009662241,9.430749E-06,411542.8,0,4.23E+10,6.241608
75,6.241366,0.0009685805,9.41998E-06,411148.9,0,4.23E+10,6.241366
75.25,6.241124,0.0009709341,9.409198E-06,410754.6,0,4.23E+10,6.241124
75.5,6.24088,0.0009732851,9.398411E-06,410360,0,4.23E+10,6.24088
75.75,6.240637,0.0009756333,9.38759E-06,409964.2,0,4.23E+10,6.240637
76,6.240393,0.0009779789,9.376775E-06,409568.7,0,4.23E+10,6.240393
76.25,6.240148,0.0009803218,9.365946E-06,409172.6,0,4.23E+10,6.240148
76.5,6.239902,0.000982662,9.355106E-06,408776.2,0,4.23E+10,6.239902
76.75,6.239656,0.0009849994,9.344228E-06,408378.3,0,4.23E+10,6.239656
77,6.23941,0.0009873341,9.333354E-06,407980.5,0,4.23E+10,6.23941
77.25,6.239163,0.0009896661,9.322474E-06,407582.7,0,4.23E+10,6.239163
77.5,6.238915,0.0009919953,9.31159E-06,407184.7,0,4.23E+10,6.238915
77.75,6.238667,0.0009943219,9.30069E-06,406786.1,0,4.23E+10,6.238667
78,6.238418,0.0009966457,9.289769E-06,406386.7,0,4.23E+10,6.238418
78.25,6.238169,0.0009989667,9.278832E-06,405986.7,0,4.23E+10,6.238169
78.5,6.237919,0.001001285,9.2679E-06,405586.9,0,4.23E+10,6.237919
78.75,6.237668,0.001003601,9.256955E-06,405186.7,0,4.23E+10,6.237668
79,6.237417,0.001005913,9.245978E-06,404785.2,0,4.23E+10,6.237417
79.25,6.237165,0.001008224,9.235007E-06,404384.1,0,4.23E+10,6.237165
79.5,6.236913,0.001010531,9.224019E-06,403982.3,0,4.23E+10,6.236913
79.75,6.23666,0.001012836,9.213026E-06,403580.3,0,4.23E+10,6.23666
80,6.236406,0.001015138,9.202033E-06,403178.4,0,4.23E+10,6.236406
80.25,6.236152,0.001017437,9.191002E-06,402775,0,4.23E+10,6.236152
80.5,6.235898,0.001019733,9.179975E-06,402371.8,0,4.23E+10,6.235898
80.75,6.235642,0.001022027,9.168936E-06,401968.2,0,4.23E+10,6.235642
81,6.235387,0.001024317,9.157888E-06,401564.2,0,4.23E+10,6.235387
81.25,6.23513,0.001026606,9.146843E-06,401160.4,0,4.23E+10,6.23513
81.5,6.234873,0.001028891,9.135768E-06,400755.5,0,4.23E+10,6.234873
81.75,6.234616,0.001031174,9.124687E-06,400350.3,0,4.23E+10,6.234616
82,6.234358,0.001033453,9.113594E-06,399944.7,0,4.23E+10,6.234358
82.25,6.234099,0.00103573,9.102507E-06,399539.4,0,4.23E+10,6.234099
82.5,6.23384,0.001038005,9.091403E-06,399133.5,0,4.23E+10,6.23384
82.75,6.23358,0.001040276,9.080271E-06,398726.5,0,4.23E+10,6.23358
83,6.23332,0.001042545,9.069145E-06,398319.7,0,4.23E+10,6.23332
83.25,6.233059,0.001044811,9.058002E-06,397912.3,0,4.23E+10,6.233059
83.5,6.232798,0.001047074,9.046862E-06,397505.1,0,4.23E+10,6.232798
83.75,6.232535,0.001049334,9.035711E-06,397097.4,0,4.23E+10,6.232535
84,6.232273,0.001051592,9.024542E-06,396689.1,0,4.23E+10,6.232273
84.25,6.232009,0.001053846,9.01336E-06,396280.3,0,4.23E+10,6.232009
84.5,6.231746,0.001056098,9.002174E-06,395871.4,0,4.23E+10,6.231746
84.75,6.231482,0.001058347,8.990974E-06,395461.9,0,4.23E+10,6.231482
85,6.231217,0.001060594,8.979781E-06,395052.8,0,4.23E+10,6.231217
85.25,6.230951,0.001062837,8.968587E-06,394643.7,0,4.23E+10,6.230951
85.5,6.230685,0.001065078,8.957356E-06,394233.1,0,4.23E+10,6.230685
85.75,6.230419,0.001067316,8.946126E-06,393822.6,0,4.23E+10,6.230419
86,6.230152,0.001069551,8.934881E-06,393411.5,0,4.23E+10,6.230152
86.25,6.229884,0.001071783,8.923644E-06,393000.8,0,4.23E+10,6.229884
86.5,6.229616,0.001074013,8.912401E-06,392589.9,0,4.23E+10,6.229616
86.75,6.229347,0.00107624,8.901119E-06,392177.4,0,4.23E+10,6.229347
87,6.229077,0.001078464,8.889845E-06,391765.3,0,4.23E+10,6.229077
87.25,6.228807,0.001080685,8.878553E-06,391352.5,0,4.23E+10,6.228807
87.5,6.228537,0.001082903,8.867259E-06,390939.6,0,4.23E+10,6.228537
87.75,6.228266,0.001085118,8.855975E-06,390527.3,0,4.23E+10,6.228266
88,6.227995,0.001087331,8.844675E-06,390114.3,0,4.23E+10,6.227995
88.25,6.227723,0.001089541,8.833375E-06,389701.3,0,4.23E+10,6.227723
88.5,6.22745,0.001091747,8.822043E-06,389287.1,0,4.23E+10,6.22745
88.75,6.227177,0.001093952,8.810714E-06,388873,0,4.23E+10,6.227177
89,6.226903,0.001096153,8.799373E-06,388458.4,0,4.23E+10,6.226903
89.25,6.226629,0.001098351,8.788033E-06,388044,0,4.23E+10,6.226629
89.5,6.226354,0.001100547,8.776687E-06,387629.3,0,4.23E+10,6.226354
89.75,6.226079,0.00110274,8.765336E-06,387214.5,0,4.23E+10,6.226079
90,6.225802,0.001104929,8.753956E-06,386798.5,0,4.23E+10,6.225802
90.25,6.225526,0.001107117,8.742569E-06,386382.2,0,4.23E+10,6.225526
90.5,6.225249,0.001109301,8.731174E-06,385965.6,0,4.23E+10,6.225249
90.75,6.224971,0.001111482,8.719783E-06,385549.3,0,4.23E+10,6.224971
91,6.224693,0.001113661,8.708385E-06,385132.8,0,4.23E+10,6.224693
91.25,6.224415,0.001115836,8.69699E-06,384716.3,0,4.23E+10,6.224415
91.5,6.224135,0.001118009,8.685582E-06,384299.3,0,4.23E+10,6.224135
91.75,6.223855,0.001120179,8.674148E-06,383881.4,0,4.23E+10,6.223855
92,6.223575,0.001122346,8.662711E-06,383463.3,0,4.23E+10,6.223575
92.25,6.223294,0.00112451,8.651262E-06,383044.7,0,4.23E+10,6.223294
92.5,6.223013,0.001126672,8.63982E-06,382626.5,0,4.23E+10,6.223013
92.75,6.222731,0.00112883,8.628368E-06,382207.9,0,4.23E+10,6.222731
93,6.222449,0.001130986,8.616918E-06,381789.4,0,4.23E+10,6.222449
93.25,6.222166,0.001133139,8.605456E-06,381370.5,0,4.23E+10,6.222166
93.5,6.221882,0.001135289,8.593959E-06,380950.1,0,4.23E+10,6.221882
93.75,6.221598,0.001137436,8.582473E-06,380530.3,0,4.23E+10,6.221598
94,6.221313,0.00113958,8.57097E-06,380109.7,0,4.23E+10,6.221313
94.25,6.221028,0.001141721,8.559464E-06,379689,0,4.23E+10,6.221028
94.5,6.220742,0.00114386,8.547959E-06,379268.4,0,4.23E+10,6.220742
94.75,6.220456,0.001145995,8.536446E-06,378847.6,0,4.23E+10,6.220456
95,6.22017,0.001148128,8.524942E-06,378427.1,0,4.23E+10,6.22017
95.25,6.219882,0.001150258,8.513425E-06,378006.1,0,4.23E+10,6.219882
95.5,6.219594,0.001152385,8.501872E-06,377583.6,0,4.23E+10,6.219594
95.75,6.219306,0.001154509,8.490315E-06,377161,0,4.23E+10,6.219306
96,6.219017,0.00115663,8.478756E-06,376738.3,0,4.23E+10,6.219017
96.25,6.218727,0.001158748,8.467191E-06,376315.4,0,4.23E+10,6.218727
96.5,6.218437,0.001160863,8.455625E-06,375892.5,0,4.23E+10,6.218437
96.75,6.218147,0.001162976,8.444058E-06,375469.6,0,4.23E+10,6.218147
97,6.217856,0.001165085,8.432484E-06,375046.4,0,4.23E+10,6.217856
97.25,6.217565,0.001167192,8.420898E-06,374622.8,0,4.23E+10,6.217565
97.5,6.217273,0.001169296,8.409317E-06,374199.3,0,4.23E+10,6.217273
97.75,6.21698,0.001171397,8.397733E-06,373775.8,0,4.23E+10,6.21698
98,6.216687,0.001173495,8.386113E-06,373350.8,0,4.23E+10,6.216687
98.25,6.216393,0.00117559,8.37448E-06,372925.3,0,4.23E+10,6.216393
98.5,6.216099,0.001177682,8.362851E-06,372499.9,0,4.23E+10,6.216099
98.75,6.215804,0.001179771,8.351219E-06,372074.5,0,4.23E+10,6.215804
99,6.215509,0.001181858,8.339573E-06,371648.5,0,4.23E+10,6.215509
99.25,6.215213,0.001183941,8.327936E-06,371222.9,0,4.23E+10,6.215213
99.5,6.214917,0.001186022,8.316294E-06,370797.1,0,4.23E+10,6.214917
99.75,6.214621,0.0011881,8.304638E-06,370370.8,0,4.23E+10,6.214621
