0,0,0,0,0,0,0,0.05337243,172.974,23.755953125,0
0.25,0.002223819,-1.194407E-05,0,-6.369052E-05,-0.01185819,0.01185836,0.0511658,172.974,15.6225673828125,2.82429662079626E-05
0.5,0.008803336,-4.714848E-05,0,-0.0001028347,-0.01927339,0.01927366,0.05082145,171.972015625,15.355248046875,0.000111804198750936
0.75,0.01852035,-9.903643E-05,0,-0.0001433073,-0.0267755,0.02677589,0.05056567,171.3509375,15.0335087890625,0.000235212293560202
1,0.03139583,-0.0001679324,0,-0.0001837495,-0.03424628,0.03424678,0.05030495,170.726828125,14.6966162109375,0.000398733565838833
1.25,0.04741542,-0.000253787,0,-0.000224247,-0.04167808,0.04167869,0.05004746,170.109609375,14.364736328125,0.000602185701563905
1.5,0.06656288,-0.0003565609,0,-0.0002647998,-0.04907198,0.04907269,0.04979311,169.499828125,14.03695703125,0.000845362328925895
1.75,0.08882228,-0.000476204,0,-0.0003054212,-0.05642843,0.05642926,0.04954183,168.89734375,13.7132021484375,0.00112806142875317
2,0.1141779,-0.0006126571,0,-0.0003461156,-0.06374789,0.06374883,0.04929357,168.302046875,13.393408203125,0.00145008367861713
2.25,0.1426143,-0.0007658516,0,-0.0003868957,-0.0710308,0.07103185,0.04904829,167.71384375,13.0775166015625,0.00181123197971942
2.5,0.1741162,-0.0009357102,0,-0.0004277648,-0.0782776,0.07827877,0.04880596,167.13265625,12.765455078125,0.0022113116934483
2.75,0.2086682,-0.001122146,0,-0.0004687367,-0.08548872,0.08549001,0.04856652,166.55834375,12.4571806640625,0.00265013026288841
3,0.2462556,-0.001325063,0,-0.0005098162,-0.09266459,0.09266599,0.04832994,165.990859375,12.1526279296875,0.00312749787517874
3.25,0.2868635,-0.001544358,0,-0.0005510143,-0.09980563,0.09980715,0.04809617,165.4300625,11.851740234375,0.00364322642066438
3.5,0.3304773,-0.001779917,0,-0.0005923354,-0.1069122,0.1069139,0.04786518,164.87590625,11.554470703125,0.00419713138534782
3.75,0.3770826,-0.002031619,0,-0.0006337925,-0.1139849,0.1139866,0.04763693,164.32828125,11.260755859375,0.00478902844447668
4,0.4266651,-0.002299333,359.9889,-0.0006753912,-0.1210238,0.1210257,0.04741138,163.787109375,10.970544921875,0.00541873630122058
4.25,0.4792107,-0.002582947,359.9875,-0.0007171378,-0.1280296,0.1280316,0.04718849,163.25228125,10.68379296875,0.00608607668667116
4.5,0.5347055,-0.002882314,359.9861,-0.0007590392,-0.1350026,0.1350047,0.04696823,162.72375,10.400435546875,0.00679087133192005
4.75,0.5931357,-0.00319728,359.9846,-0.0008011018,-0.1419432,0.1419454,0.04675056,162.20140625,10.12043359375,0.00753294764541266
5,0.6544877,-0.003527683,359.983,-0.0008433369,-0.1488516,0.148854,0.04653544,161.68515625,9.84373828125,0.00831213114314313
5.25,0.718748,-0.003873385,359.9813,-0.0008857511,-0.1557284,0.155731,0.04632285,161.174984375,9.570287109375,0.00912825074751788
5.5,0.7859035,-0.004234207,359.9796,-0.0009283454,-0.1625739,0.1625766,0.04611274,160.670734375,9.300052734375,0.00998113916584584
5.75,0.8559409,-0.004609966,359.9778,-0.0009711326,-0.1693885,0.1693913,0.04590507,160.172359375,9.032974609375,0.0108706291054359
6,0.9288473,-0.005000502,359.9759,-0.001014119,-0.1761725,0.1761754,0.04569984,159.6798125,8.7690126953125,0.0117965555445385
6.25,1.00461,-0.005405619,359.9739,-0.001057309,-0.1829263,0.1829293,0.04549699,159.192984375,8.5081181640625,0.0127587549753652
6.5,1.083216,-0.005825108,359.9719,-0.001100711,-0.1896502,0.1896534,0.04529649,158.7118125,8.2502509765625,0.0137570669180492
6.75,1.164653,-0.006258793,359.9698,-0.00114433,-0.1963446,0.1963479,0.04509832,158.23625,7.9953681640625,0.0147913339206462
7,1.248908,-0.006706454,359.9676,-0.001188172,-0.2030097,0.2030132,0.04490244,157.76615625,7.74342333984375,0.0158613970172505
7.25,1.33597,-0.007167904,359.9654,-0.001232247,-0.2096461,0.2096497,0.04470883,157.30153125,7.49437744140625,0.0169671002698786
7.5,1.425826,-0.007642908,359.9631,-0.001276556,-0.2162539,0.2162577,0.04451745,156.842296875,7.24819189453125,0.018108290768469
7.75,1.518465,-0.008131268,359.9607,-0.00132111,-0.2228335,0.2228375,0.04432828,156.388359375,7.004828125,0.0192848171169212
8,1.613873,-0.008632737,359.9583,-0.001365911,-0.2293853,0.2293894,0.04414128,155.939671875,6.76423388671875,0.0204965279191346
8.25,1.712041,-0.009147107,359.9558,-0.001410968,-0.2359096,0.2359138,0.04395644,155.49615625,6.52638720703125,0.0217432748069308
8.5,1.812956,-0.009674114,359.9532,-0.001456283,-0.2424066,0.242411,0.04377371,155.057765625,6.29124169921875,0.0230249124400532
8.75,1.916606,-0.01021354,359.9506,-0.001501866,-0.2488767,0.2488812,0.04359307,154.62440625,6.05875927734375,0.0243412939642843
9,2.022981,-0.01076511,359.9478,-0.001547719,-0.2553202,0.2553249,0.04341451,154.196078125,5.82890576171875,0.0256922785812506
9.25,2.13207,-0.0113286,359.9451,-0.001593852,-0.2617374,0.2617423,0.043238,153.7726875,5.60164990234375,0.0270777224646567
9.5,2.24386,-0.01190372,359.9422,-0.001640269,-0.2681286,0.2681336,0.04306348,153.354140625,5.3769462890625,0.028497484816129
9.75,2.358343,-0.01249022,359.9393,-0.001686977,-0.2744941,0.2744993,0.04289097,152.940421875,5.1547666015625,0.0299514324070991
10,2.475505,-0.01308787,359.9363,-0.001733977,-0.2808342,0.2808396,0.04272042,152.53146875,4.935080078125,0.0314394198973106
10.25,2.595338,-0.01369636,359.9333,-0.001781278,-0.2871492,0.2871547,0.04255182,152.12721875,4.71784326171875,0.0329613201140389
10.5,2.71783,-0.01431543,359.9302,-0.001828884,-0.2934394,0.2934451,0.04238513,151.72759375,4.50303173828125,0.0345169907449495
10.75,2.842971,-0.01494483,359.9271,-0.001876799,-0.2997049,0.2997108,0.04222034,151.332609375,4.290615234375,0.0361063076452401
11,2.970751,-0.01558424,359.9238,-0.00192503,-0.3059463,0.3059523,0.04205742,150.94215625,4.080556640625,0.0377291315304982
11.25,3.101159,-0.01623338,359.9206,-0.001973582,-0.3121636,0.3121699,0.04189635,150.556171875,3.8728251953125,0.0393853412838433
11.5,3.234186,-0.01689197,359.9172,-0.002022459,-0.3183572,0.3183637,0.04173711,150.174625,3.66739477539062,0.041074806704629
11.75,3.369822,-0.0175597,359.9138,-0.002071664,-0.3245274,0.324534,0.04157967,149.7975,3.46423120117188,0.0427974006201308
12,3.508055,-0.01823626,359.9103,-0.002121209,-0.3306744,0.3306812,0.04142402,149.4246875,3.2633076171875,0.0445529958576244
12.25,3.648878,-0.01892137,359.9068,-0.002171094,-0.3367984,0.3368054,0.04127013,149.05615625,3.06459765625,0.0463414713002293
12.5,3.792281,-0.01961474,359.9032,-0.002221321,-0.3428998,0.342907,0.04111798,148.691875,2.86807104492188,0.048162705831065
12.75,3.938253,-0.02031602,359.8995,-0.002271897,-0.3489787,0.3489861,0.04096755,148.33178125,2.67370068359375,0.0500165753053293
13,4.086785,-0.02102489,359.8958,-0.002322831,-0.3550355,0.3550431,0.04081882,147.97584375,2.48146508789063,0.0519029616340635
13.25,4.237869,-0.02174105,359.892,-0.002374123,-0.3610704,0.3610782,0.04067177,147.624,2.29133374023438,0.0538217497562314
13.5,4.391494,-0.02246421,359.8882,-0.002425776,-0.3670836,0.3670916,0.04052639,147.276203125,2.10328686523438,0.0557728155270306
13.75,4.547653,-0.02319404,359.8843,-0.002477797,-0.3730755,0.3730837,0.04038264,146.932421875,1.917294921875,0.0577560559971126
14,4.706335,-0.02393023,359.8804,-0.002530189,-0.3790461,0.3790545,0.04024052,146.592625,1.7333447265625,0.0597713500495971
14.25,4.867532,-0.02467238,359.8763,-0.002582955,-0.3849958,0.3850044,0.04010001,146.25671875,1.55141394042969,0.0618185765676036
14.5,5.031236,-0.02542016,359.8723,-0.002636107,-0.3909248,0.3909337,0.03996108,145.92471875,1.371494140625,0.0638976386576278
14.75,5.197437,-0.02617326,359.8682,-0.002689643,-0.3968333,0.3968424,0.03982373,145.596578125,1.19356945800781,0.0660084152027893
15,5.366127,-0.02693134,359.864,-0.002743567,-0.4027216,0.402731,0.03968792,145.2721875,1.01764318847656,0.0681508093095837
15.25,5.537297,-0.02769406,359.8597,-0.002797883,-0.4085899,0.4085995,0.03955365,144.9515625,0.843750366210937,0.0703246938052867
15.5,5.71094,-0.02846107,359.8554,-0.002852596,-0.4144385,0.4144483,0.0394209,144.634703125,0.671957397460938,0.0725299839080818
15.75,5.887046,-0.02923205,359.8511,-0.00290771,-0.4202674,0.4202775,0.03928964,144.321484375,0.502475677490234,0.0747665585010888
16,6.065608,-0.03000662,359.8467,-0.002963227,-0.426077,0.4260873,0.03915988,144.0119375,0.335961364746094,0.0770343206908032
16.25,6.246617,-0.03078446,359.8423,-0.003019151,-0.4318676,0.4318781,0.03903158,143.705984375,0.175580093383789,0.0793331614720328
16.5,6.430066,-0.03156519,359.8377,-0.003075488,-0.4376392,0.43765,0.03890473,143.403578125,0.067468864440918,0.0816629839512731
16.75,6.615946,-0.03234847,359.8332,-0.003132241,-0.4433921,0.4434032,0.03877932,143.10475,0.179659332275391,0.0840236912350198
17,6.80425,-0.03313392,359.8286,-0.00318941,-0.4491265,0.4491379,0.03865533,142.809375,0.335097930908203,0.0864151743180806
17.25,6.99497,-0.03392117,359.8239,-0.003247004,-0.4548427,0.4548543,0.03853275,142.51746875,0.492869110107422,0.0888373423627951
17.5,7.188098,-0.03470987,359.8192,-0.003305021,-0.4605409,0.4605528,0.03841155,142.228984375,0.650027465820313,0.091290098475659
17.75,7.383627,-0.03549963,359.8144,-0.003363469,-0.4662212,0.4662333,0.03829173,141.943890625,0.805954406738281,0.0937733397073239
18,7.58155,-0.03629007,359.8095,-0.00342235,-0.4718838,0.4718962,0.03817328,141.662171875,0.960442443847656,0.0962869752201296
18.25,7.781857,-0.03708082,359.8047,-0.003481667,-0.477529,0.4775416,0.03805618,141.38378125,1.11341491699219,0.0988309081205717
18.5,7.984544,-0.03787148,359.7997,-0.003541426,-0.4831569,0.4831699,0.03794041,141.1086875,1.264845703125,0.10140504757099
18.75,8.189602,-0.03866167,359.7947,-0.003601628,-0.4887678,0.4887811,0.03782596,140.836828125,1.41472485351562,0.104009314845412
19,8.397023,-0.03945099,359.7896,-0.003662277,-0.4943618,0.4943753,0.03771281,140.5681875,1.56305456542969,0.106643582771113
19.25,8.606802,-0.04023905,359.7845,-0.003723376,-0.4999391,0.499953,0.03760096,140.302765625,1.70983874511719,0.109307802901342
19.5,8.818931,-0.04102544,359.7794,-0.003784928,-0.5055,0.5055141,0.0374904,140.04053125,1.85509350585937,0.112001854119217
19.75,9.033402,-0.04180976,359.7742,-0.003846938,-0.5110446,0.511059,0.03738109,139.78140625,1.99883068847656,0.114725663754611
20,9.250211,-0.04259161,359.7689,-0.003909411,-0.516573,0.5165878,0.03727304,139.525390625,2.1410595703125,0.117479159137395
20.25,9.469349,-0.04337056,359.7636,-0.003972347,-0.5220856,0.5221007,0.03716624,139.272453125,2.2817978515625,0.120262231262378
20.5,9.690809,-0.0441462,359.7582,-0.004035749,-0.5275824,0.5275978,0.03706067,139.022578125,2.4210615234375,0.123074795347741
20.75,9.914586,-0.04491823,359.7528,-0.004099625,-0.5330637,0.5330794,0.03695631,138.775703125,2.55885913085937,0.125916790835047
21,10.14067,-0.04568621,359.7473,-0.004163971,-0.5385296,0.5385457,0.03685316,138.531828125,2.69521044921875,0.128788108719101
21.25,10.36906,-0.04644973,359.7418,-0.00422879,-0.5439802,0.5439967,0.0367512,138.29090625,2.83012939453125,0.131688676329776
21.5,10.59975,-0.04720835,359.7362,-0.004294089,-0.5494159,0.5494328,0.03665043,138.052953125,2.9636298828125,0.134618420996943
21.75,10.83273,-0.04796164,359.7306,-0.004359867,-0.5548368,0.5548539,0.03655084,137.81790625,3.095732421875,0.137577257938787
22,11.06799,-0.04870917,359.725,-0.004426131,-0.560243,0.5602604,0.03645238,137.58571875,3.22647875976563,0.140565102373491
22.25,11.30553,-0.04945059,359.7192,-0.004492884,-0.5656346,0.5656524,0.03635507,137.3564375,3.35591455078125,0.143581881630926
22.5,11.54534,-0.05018549,359.7135,-0.004560124,-0.5710119,0.5710301,0.03625887,137.12996875,3.48408764648438,0.146627510929277
22.75,11.78742,-0.0509134,359.7077,-0.004627855,-0.5763751,0.5763936,0.03616376,136.906296875,3.61103930664063,0.149701929710103
23,12.03176,-0.05163387,359.7018,-0.004696083,-0.5817242,0.5817431,0.03606973,136.685421875,3.73681127929688,0.152805053191588
23.25,12.27835,-0.05234646,359.6959,-0.004764807,-0.5870594,0.5870788,0.03597676,136.467296875,3.86144750976562,0.155936808703604
23.5,12.52719,-0.05305082,359.6899,-0.004834034,-0.5923811,0.5924008,0.03588483,136.251953125,3.98498901367188,0.159097111464334
23.75,12.77828,-0.05374649,359.6839,-0.004903763,-0.5976891,0.5977092,0.03579392,136.03928125,4.1074765625,0.162285900915338
24,13.0316,-0.05443301,359.6779,-0.004973995,-0.6029837,0.6030042,0.03570402,135.829328125,4.228947265625,0.1655030922748
24.25,13.28715,-0.05510991,359.6718,-0.005044735,-0.6082651,0.608286,0.03561511,135.622046875,4.349439453125,0.168748637095968
24.5,13.54493,-0.05577684,359.6656,-0.005115988,-0.6135333,0.6135547,0.03552717,135.417390625,4.4689921875,0.172022438485337
24.75,13.80493,-0.05643333,359.6594,-0.005187749,-0.6187887,0.6188104,0.03544019,135.215375,4.58764111328125,0.175324447996156
25,14.06715,-0.0570789,359.6532,-0.005260028,-0.6240311,0.6240534,0.03535415,135.01596875,4.705421875,0.178654580846607
25.25,14.33157,-0.05771319,359.6469,-0.005332822,-0.629261,0.6292836,0.03526905,134.819140625,4.82237060546875,0.182012788589939
25.5,14.5982,-0.05833573,359.6406,-0.005406134,-0.6344783,0.6345013,0.03518486,134.624890625,4.9385205078125,0.185398974332647
25.75,14.86703,-0.05894602,359.6342,-0.005479968,-0.6396831,0.6397066,0.03510156,134.4331875,5.0539072265625,0.188813101739668
26,15.13805,-0.05954357,359.6277,-0.005554326,-0.6448756,0.6448996,0.03501915,134.243984375,5.168560546875,0.192255073917496
26.25,15.41126,-0.06012803,359.6213,-0.005629213,-0.650056,0.6500804,0.03493761,134.057296875,5.28251513671875,0.195724842419381
26.5,15.68665,-0.06069888,359.6147,-0.005704625,-0.6552244,0.6552493,0.03485692,133.873125,5.39580224609375,0.199222346686881
26.75,15.96422,-0.06125563,359.6082,-0.005780568,-0.660381,0.6604062,0.03477708,133.691390625,5.508453125,0.202747514049868
27,16.24397,-0.06179791,359.6016,-0.005857044,-0.6655257,0.6655515,0.03469806,133.512109375,5.62049755859375,0.206300296061591
27.25,16.52588,-0.06232522,359.5949,-0.005934053,-0.6706588,0.6706851,0.03461987,133.335265625,5.731966796875,0.209880607940232
27.5,16.80996,-0.06283703,359.5882,-0.006011598,-0.6757803,0.6758071,0.03454247,133.160859375,5.84288916015625,0.213488413350728
27.75,17.0962,-0.06333298,359.5815,-0.006089682,-0.6808904,0.6809177,0.03446588,132.988828125,5.953294921875,0.217123615399575
28,17.38459,-0.06381255,359.5747,-0.006168307,-0.6859893,0.686017,0.03439005,132.81915625,6.06321044921875,0.220786165640019
28.25,17.67513,-0.06427521,359.5678,-0.006247473,-0.6910769,0.6911052,0.03431499,132.651875,6.1726630859375,0.224476039848686
28.5,17.96781,-0.06472057,359.5609,-0.006327187,-0.6961535,0.6961823,0.03424069,132.4869375,6.28168310546875,0.228193141132071
28.75,18.26264,-0.06514812,359.554,-0.006407445,-0.7012191,0.7012483,0.03416712,132.324296875,6.39029443359375,0.231937421043421
29,18.5596,-0.06555746,359.5471,-0.006488251,-0.7062739,0.7063037,0.0340943,132.163984375,6.498525390625,0.235708831135985
29.25,18.85869,-0.06594807,359.5401,-0.006569606,-0.7113178,0.7113482,0.03402218,132.00596875,6.60640234375,0.239507274516258
29.5,19.15991,-0.0663194,359.533,-0.006651513,-0.7163513,0.7163821,0.03395078,131.850234375,6.71394873046875,0.24333275118424
29.75,19.46325,-0.06667105,359.5259,-0.006733975,-0.7213741,0.7214055,0.03388008,131.696765625,6.82118994140625,0.247185164246427
30,19.7687,-0.06700249,359.5188,-0.006816991,-0.7263865,0.7264186,0.03381005,131.54553125,6.928154296875,0.251064465256067
30.25,20.07627,-0.06731331,359.5116,-0.006900565,-0.7313887,0.7314212,0.03374071,131.3965625,7.034859375,0.254970581543031
30.5,20.38595,-0.06760297,359.5043,-0.006984694,-0.7363806,0.7364137,0.03367203,131.24978125,7.141337890625,0.258903513107319
30.75,20.69773,-0.06787091,359.4971,-0.007069385,-0.7413623,0.741396,0.03360401,131.10521875,7.247607421875,0.262863138832052
31,21.01162,-0.06811672,359.4897,-0.007154638,-0.746334,0.7463683,0.03353663,130.96284375,7.3536923828125,0.266849458717228
31.25,21.32759,-0.06833985,359.4824,-0.007240456,-0.7512957,0.7513306,0.03346989,130.8226484375,7.459615234375,0.270862375869344
31.5,21.64567,-0.06853988,359.475,-0.007326838,-0.7562476,0.7562831,0.03340376,130.6846015625,7.56540185546875,0.2749018902884
31.75,21.96582,-0.06871625,359.4676,-0.007413787,-0.7611898,0.7612259,0.03333826,130.5487265625,7.67107080078125,0.278967880857515
32,22.28807,-0.06886855,359.4601,-0.007501303,-0.7661222,0.766159,0.03327335,130.414984375,7.77664697265625,0.283060371800065
32.25,22.61239,-0.06899619,359.4526,-0.007589389,-0.7710451,0.7710825,0.03320905,130.28334375,7.882150390625,0.28717924199917
32.5,22.93879,-0.06909877,359.445,-0.007678046,-0.7759585,0.7759966,0.03314533,130.153828125,7.9876015625,0.29132449145483
32.75,23.26725,-0.0691757,359.4374,-0.007767275,-0.7808625,0.7809011,0.03308218,130.0263671875,8.09302490234375,0.295496023273541
33,23.59779,-0.0692264,359.4297,-0.007857076,-0.7857571,0.7857964,0.03301961,129.9010390625,8.1984375,0.299693813231926
33.25,23.93039,-0.06925044,359.422,-0.007947455,-0.7906426,0.7906826,0.03295759,129.7777578125,8.3038642578125,0.303917837106609
33.5,24.26505,-0.06924725,359.4143,-0.00803841,-0.7955188,0.7955595,0.03289612,129.65653125,8.409337890625,0.308167998004087
33.75,24.60176,-0.06921637,359.4065,-0.008129947,-0.8003861,0.8004274,0.03283518,129.5373515625,8.5148984375,0.312444271700982
34,24.94053,-0.06915723,359.3987,-0.008222061,-0.8052443,0.8052862,0.03277476,129.420203125,8.620583984375,0.316746609750544
34.25,25.28135,-0.06906939,359.3908,-0.008314758,-0.8100935,0.8101362,0.03271485,129.305109375,8.7264287109375,0.321074963706019
34.5,25.62421,-0.06895223,359.3829,-0.008408037,-0.8149339,0.8149773,0.03265542,129.191984375,8.8324697265625,0.325429309344031
34.75,25.96911,-0.06880534,359.375,-0.0085019,-0.8197656,0.8198096,0.03259648,129.0808671875,8.938736328125,0.329809549771077
35,26.31605,-0.0686281,359.367,-0.008596349,-0.8245885,0.8246333,0.032538,128.971734375,9.045259765625,0.33421566076378
35.25,26.66502,-0.06842005,359.359,-0.008691382,-0.8294028,0.8294484,0.03247999,128.864578125,9.152072265625,0.338647593875388
35.5,27.01603,-0.06818061,359.3509,-0.008787002,-0.8342085,0.8342548,0.03242242,128.7593984375,9.2592001953125,0.343105300659149
35.75,27.36905,-0.0679093,359.3428,-0.008883214,-0.8390058,0.8390528,0.03236529,128.656171875,9.3666728515625,0.34758873266831
36,27.7241,-0.06760553,359.3347,-0.008980014,-0.8437945,0.8438423,0.03230858,128.554859375,9.474513671875,0.352097865679496
36.25,28.08117,-0.06726882,359.3264,-0.009077405,-0.8485749,0.8486234,0.03225229,128.4554921875,9.58275,0.356632651245954
36.5,28.44026,-0.06689856,359.3182,-0.009175389,-0.8533469,0.8533962,0.03219642,128.3580703125,9.6914052734375,0.361193016697557
36.75,28.80136,-0.06649429,359.31,-0.009273968,-0.8581108,0.8581609,0.03214093,128.26253125,9.8005078125,0.365778937810927
37,29.16446,-0.06605538,359.3017,-0.00937314,-0.8628664,0.8629173,0.03208584,128.16890625,9.910072265625,0.370390366139314
37.25,29.52958,-0.06558137,359.2933,-0.009472907,-0.8676139,0.8676655,0.03203113,128.077171875,10.0201298828125,0.37502727745934
37.5,29.89669,-0.06507178,359.2849,-0.00957327,-0.8723533,0.8724058,0.0319768,127.9873203125,10.1306943359375,0.379689599100878
37.75,30.2658,-0.064526,359.2765,-0.00967423,-0.8770846,0.8771379,0.03192281,127.8993046875,10.2417919921875,0.384377306840551
38,30.63691,-0.06394354,359.268,-0.009775788,-0.8818079,0.8818621,0.0318692,127.8131796875,10.353439453125,0.389090352231608
38.25,31.01001,-0.06332375,359.2596,-0.009877945,-0.8865234,0.8865784,0.03181593,127.7289296875,10.4656591796875,0.393828686827296
38.5,31.38509,-0.06266618,359.251,-0.009980705,-0.8912309,0.8912867,0.031763,127.646484375,10.5784697265625,0.398592286404238
38.75,31.76217,-0.06197016,359.2424,-0.01008406,-0.8959306,0.8959873,0.03171039,127.5658828125,10.691888671875,0.403381078292308
39,32.14122,-0.06123523,359.2338,-0.01018803,-0.9006225,0.9006801,0.03165812,127.487109375,10.8059345703125,0.408195038268128
39.25,32.52225,-0.06046071,359.2251,-0.01029259,-0.9053068,0.9053652,0.03160617,127.41015625,10.9206279296875,0.413034142108323
39.5,32.90526,-0.05964614,359.2164,-0.01039776,-0.9099833,0.9100426,0.03155452,127.3349765625,11.0359833984375,0.417898292919389
39.75,33.29024,-0.05879103,359.2077,-0.01050354,-0.914652,0.9147124,0.03150317,127.2616015625,11.1520185546875,0.422787539148076
40,33.67719,-0.05789471,359.1989,-0.01060992,-0.9193134,0.9193746,0.03145213,127.1900546875,11.268748046875,0.42770173545413
40.25,34.0661,-0.0569567,359.1901,-0.0107169,-0.9239671,0.9240292,0.03140137,127.12025,11.38618359375,0.43264088183755
40.5,34.45697,-0.05597632,359.1812,-0.0108245,-0.9286133,0.9286764,0.0313509,127.052234375,11.5043408203125,0.437605026745088
40.75,34.84981,-0.05495309,359.1723,-0.0109327,-0.933252,0.9333161,0.03130071,126.9859609375,11.62323046875,0.442593976389735
41,35.2446,-0.05388632,359.1634,-0.01104152,-0.9378833,0.9379483,0.03125079,126.921453125,11.7428662109375,0.447607827664996
41.25,35.64134,-0.05277552,359.1544,-0.01115094,-0.9425073,0.9425732,0.03120114,126.8586796875,11.863263671875,0.452646435230615
41.5,36.04004,-0.05162019,359.1454,-0.01126097,-0.9471238,0.9471908,0.03115175,126.79765625,11.9844296875,0.457709847533343
41.75,36.44068,-0.05041965,359.1364,-0.01137162,-0.9517331,0.951801,0.03110261,126.7383359375,12.1063828125,0.462797967679676
42,36.84326,-0.0491734,359.1273,-0.01148288,-0.9563349,0.9564039,0.03105373,126.6807421875,12.2291318359375,0.467910795669614
42.25,37.24779,-0.04788074,359.1182,-0.01159475,-0.9609297,0.9609996,0.03100509,126.6248671875,12.352693359375,0.473048234609653
42.5,37.65425,-0.04654117,359.109,-0.01170724,-0.9655172,0.9655882,0.03095669,126.5706875,12.4770810546875,0.478210332946545
42.75,38.06265,-0.04515417,359.0998,-0.01182034,-0.9700975,0.9701696,0.03090853,126.51821875,12.602302734375,0.483396945340033
43,38.47298,-0.04371906,359.0906,-0.01193405,-0.9746708,0.9747438,0.03086058,126.4674140625,12.728375,0.48860812023687
43.25,38.88523,-0.04223532,359.0813,-0.01204838,-0.9792369,0.979311,0.03081286,126.41828125,12.85530859375,0.493843760743552
43.5,39.29942,-0.04070224,359.072,-0.01216333,-0.9837959,0.9838712,0.03076536,126.370828125,12.983119140625,0.499103866860077
43.75,39.71552,-0.0391193,359.0626,-0.0122789,-0.9883479,0.9884242,0.03071806,126.325015625,13.1118154296875,0.504388341692943
44,40.13354,-0.037486,359.0532,-0.01239509,-0.992893,0.9929703,0.03067097,126.2808671875,13.241412109375,0.509697282135653
44.25,40.55349,-0.03580162,359.0438,-0.01251189,-0.997431,0.9975095,0.03062407,126.2383359375,13.371923828125,0.515030494401199
44.5,40.97534,-0.03406563,359.0343,-0.01262931,-1.001962,1.002042,0.03057737,126.197453125,13.503359375,0.520388075383084
44.75,41.39911,-0.03227731,359.0248,-0.01274736,-1.006486,1.006567,0.03053083,126.158140625,13.635736328125,0.525769831294301
45,41.82478,-0.03043614,359.0153,-0.01286603,-1.011003,1.011085,0.03048448,126.1204140625,13.769060546875,0.531175907475106
45.25,42.25236,-0.0285416,359.0057,-0.01298533,-1.015514,1.015597,0.03043828,126.084234375,13.903349609375,0.536606158585242
45.5,42.68184,-0.02659296,358.9961,-0.01310526,-1.020018,1.020102,0.03039221,126.0495,14.0386123046875,0.542060536177957
45.75,43.11322,-0.0245897,358.9864,-0.01322582,-1.024514,1.0246,0.03034628,126.01628125,14.1748583984375,0.547539040253251
46,43.54649,-0.02253107,358.9767,-0.013347,-1.029004,1.029091,0.03030051,125.9846484375,14.312103515625,0.553041622364373
46.25,43.98166,-0.02041654,358.967,-0.0134688,-1.033487,1.033575,0.03025486,125.9544375,14.450361328125,0.558568234064569
46.5,44.41872,-0.01824559,358.9572,-0.01359124,-1.037963,1.038052,0.0302091,125.9248515625,14.5896455078125,0.56411887535384
46.75,44.85766,-0.01601747,358.9474,-0.01371438,-1.042433,1.042523,0.03016268,125.8938828125,14.729962890625,0.569693497785433
47,45.29849,-0.0137317,358.9376,-0.01383822,-1.046896,1.046987,0.03011563,125.8615625,14.8712880859375,0.575292052912597
47.25,45.74121,-0.01138775,358.9277,-0.01396275,-1.051351,1.051444,0.0300679,125.8278046875,15.0136669921875,0.580914492288579
47.5,46.1858,-0.008984919,358.9178,-0.01408797,-1.055799,1.055893,0.03001951,125.7927265625,15.157158203125,0.58656081591338
47.75,46.63227,-0.006522676,358.9078,-0.01421388,-1.060241,1.060336,0.02997044,125.756328125,15.3018544921875,0.592230975340247
48,47.08061,-0.0040003,358.8978,-0.01434048,-1.064674,1.064771,0.02992065,125.718546875,15.44780078125,0.597924922122427
48.25,47.53082,-0.001417278,358.8878,-0.01446778,-1.069101,1.069199,0.02987016,125.67940625,15.5949921875,0.60364260781317
48.5,47.98289,0.001226901,358.8777,-0.01459579,-1.07352,1.073619,0.02981896,125.6388828125,15.743421875,0.609383983965722
48.75,48.43683,0.003932964,358.8676,-0.01472449,-1.077931,1.078031,0.02976705,125.5969921875,15.8930810546875,0.615149002133331
49,48.89263,0.006701422,358.8574,-0.0148539,-1.082334,1.082436,0.02971444,125.5537421875,16.043962890625,0.620937662315998
49.25,49.35029,0.009532788,358.8472,-0.01498402,-1.08673,1.086833,0.02966113,125.5091015625,16.19606640625,0.626749916066971
49.5,49.8098,0.01242779,358.837,-0.01511484,-1.091117,1.091222,0.02960712,125.46309375,16.3493779296875,0.632585714939496
49.75,50.27116,0.01538694,358.8268,-0.01524638,-1.095497,1.095603,0.02955242,125.4157421875,16.503892578125,0.638445010486823
50,50.73436,0.01841097,358.8164,-0.01537863,-1.099868,1.099975,0.02949703,125.3670546875,16.659609375,0.644327705815446
50.25,51.19941,0.02150039,358.8061,-0.01551159,-1.104231,1.10434,0.02944095,125.3170234375,16.816515625,0.650233849372118
50.5,51.6663,0.02465572,358.7957,-0.01564527,-1.108585,1.108696,0.0293842,125.2656796875,16.974607421875,0.656163392710086
50.75,52.13502,0.02787768,358.7853,-0.01577966,-1.112931,1.113043,0.02932676,125.2129765625,17.133876953125,0.662116190489095
51,52.60558,0.03116678,358.7749,-0.01591477,-1.117269,1.117383,0.02926866,125.158984375,17.294314453125,0.668092242709144
51.25,53.07796,0.03452354,358.7644,-0.0160506,-1.121598,1.121713,0.02920989,125.1036953125,17.45591796875,0.674091597816985
51.5,53.55217,0.03794869,358.7539,-0.01618715,-1.125918,1.126034,0.02915045,125.047109375,17.618677734375,0.680114110472362
51.75,54.0282,0.04144274,358.7433,-0.01632443,-1.130229,1.130347,0.02909035,124.9892421875,17.7825859375,0.68615968378177
52,54.50605,0.04500621,358.7327,-0.01646243,-1.134531,1.134651,0.0290296,124.9301015625,17.947638671875,0.692228414638714
52.25,54.98571,0.04863982,358.7221,-0.01660115,-1.138825,1.138946,0.0289682,124.8696875,18.113826171875,0.698320157702937
52.5,55.46718,0.05234408,358.7114,-0.0167406,-1.143109,1.143231,0.02890616,124.80803125,18.281138671875,0.704434864527688
52.75,55.95045,0.05611974,358.7007,-0.01688078,-1.147383,1.147508,0.02884348,124.745140625,18.449568359375,0.710572535112966
53,56.43554,0.05996731,358.69,-0.01702169,-1.151649,1.151775,0.02878015,124.6809921875,18.61911328125,0.716733121012018
53.25,56.92241,0.06388728,358.6792,-0.01716333,-1.155905,1.156032,0.02871621,124.6156640625,18.7897578125,0.722916525331342
53.5,57.41108,0.06788039,358.6684,-0.0173057,-1.160151,1.16028,0.02865164,124.5490859375,18.96150390625,0.729122748070936
53.75,57.90154,0.07194716,358.6575,-0.01744881,-1.164388,1.164518,0.02858644,124.4813046875,19.134333984375,0.735351643890544
54,58.39379,0.07608809,358.6466,-0.01759265,-1.168615,1.168747,0.02852063,124.4123515625,19.30824609375,0.741603212790166
54.25,58.88782,0.08030392,358.6357,-0.01773722,-1.172832,1.172966,0.02845422,124.34221875,19.483228515625,0.747877454769802
54.5,59.38362,0.08459515,358.6247,-0.01788254,-1.177039,1.177175,0.02838719,124.2708984375,19.659279296875,0.754174272935948
54.75,59.8812,0.08896229,358.6137,-0.01802859,-1.181236,1.181374,0.02831957,124.1984453125,19.836380859375,0.7604935703951
55,60.38055,0.09340607,358.6027,-0.01817538,-1.185423,1.185563,0.02825135,124.124828125,20.01453515625,0.766835395594009
55.25,60.88166,0.09792701,358.5916,-0.01832291,-1.1896,1.189741,0.02818255,124.0500859375,20.193724609375,0.773199651639171
55.5,61.38453,0.1025256,358.5805,-0.01847119,-1.193767,1.19391,0.02811316,123.9742265625,20.373943359375,0.779586193190331
55.75,61.88916,0.1072026,358.5693,-0.01862021,-1.197924,1.198068,0.02804319,123.8972265625,20.5551875,0.785995117140991
56,62.39555,0.1119584,358.5582,-0.01876997,-1.202069,1.202216,0.02797266,123.819171875,20.7374453125,0.792426278150896
56.25,62.90368,0.1167937,358.5469,-0.01892048,-1.206205,1.206353,0.02790155,123.73996875,20.920708984375,0.798879627773294
56.5,63.41355,0.1217091,358.5357,-0.01907173,-1.21033,1.21048,0.02782988,123.65971875,21.104966796875,0.805355166008184
56.75,63.92516,0.1267051,358.5244,-0.01922373,-1.214444,1.214596,0.02775765,123.5783984375,21.2902109375,0.811852699068557
57,64.4385,0.1317822,358.5131,-0.01937648,-1.218547,1.218701,0.02768488,123.49603125,21.476431640625,0.818372323847919
57.25,64.95358,0.1369412,358.5017,-0.01952999,-1.222639,1.222795,0.02761156,123.41259375,21.66362890625,0.824913895006013
57.5,65.47038,0.1421826,358.4903,-0.01968423,-1.226721,1.226879,0.0275377,123.328140625,21.851783203125,0.831477364096086
57.75,65.98889,0.1475068,358.4789,-0.01983923,-1.230791,1.230951,0.02746331,123.24265625,22.040890625,0.838062731118138
58,66.50912,0.1529146,358.4674,-0.01999499,-1.234851,1.235013,0.02738838,123.15615625,22.230939453125,0.844669802285161
58.25,67.03107,0.1584065,358.4559,-0.0201515,-1.238899,1.239063,0.02731294,123.068671875,22.421923828125,0.851298674490659
58.5,67.55472,0.1639829,358.4443,-0.02030876,-1.242936,1.243102,0.02723698,122.980203125,22.613830078125,0.857949153947624
58.75,68.08007,0.1696447,358.4327,-0.02046677,-1.246961,1.247129,0.0271605,122.890765625,22.80665234375,0.86462133754956
59,68.60712,0.1753923,358.4211,-0.02062555,-1.250976,1.251146,0.02708353,122.800359375,23.000384765625,0.871314934615953
59.25,69.13586,0.1812261,358.4095,-0.02078508,-1.254979,1.255151,0.02700605,122.7090078125,23.19501171875,0.878030138933813
59.5,69.66628,0.1871469,358.3978,-0.02094537,-1.25897,1.259144,0.02692807,122.6166875,23.39052734375,0.884766756716131
59.75,70.19839,0.1931553,358.386,-0.02110641,-1.262949,1.263126,0.02684962,122.52346875,23.586921875,0.891524691069402
60,70.73217,0.1992517,358.3743,-0.02126822,-1.266917,1.267096,0.02677068,122.4293515625,23.78418359375,0.898303941993626
60.25,71.26762,0.2054367,358.3625,-0.02143079,-1.270873,1.271054,0.02669126,122.3343046875,23.982306640625,0.9051044125953
60.5,71.80474,0.211711,358.3506,-0.02159412,-1.274817,1.275,0.02661138,122.2383984375,24.18127734375,0.911926005980918
60.75,72.34352,0.2180749,358.3388,-0.02175821,-1.27875,1.278935,0.02653103,122.141609375,24.38108984375,0.918768722150481
61,72.88396,0.2245293,358.3268,-0.02192306,-1.28267,1.282858,0.02645022,122.043953125,24.581736328125,0.925632464210485
61.25,73.42605,0.2310746,358.3149,-0.02208867,-1.286579,1.286768,0.02636896,121.9454296875,24.783203125,0.932517329054433
61.5,73.96979,0.2377112,358.3029,-0.02225506,-1.290475,1.290667,0.02628725,121.8460859375,24.985484375,0.939423026001814
61.75,74.51517,0.2444397,358.2909,-0.0224222,-1.294359,1.294553,0.0262051,121.7458984375,25.18856640625,0.94634965194613
62,75.06218,0.2512607,358.2789,-0.02259011,-1.298231,1.298427,0.02612252,121.6448984375,25.39244140625,0.95329691620687
62.25,75.61082,0.2581748,358.2668,-0.02275879,-1.30209,1.302289,0.02603951,121.54309375,25.597099609375,0.960265012571041
62.5,76.16109,0.2651823,358.2547,-0.02292823,-1.305937,1.306139,0.02595608,121.440515625,25.80253515625,0.967253747251635
62.75,76.71299,0.2722842,358.2425,-0.02309844,-1.309772,1.309976,0.02587223,121.3371640625,26.0087265625,0.974263023355148
63,77.26649,0.2794807,358.2303,-0.02326942,-1.313594,1.3138,0.02578797,121.23303125,26.2156796875,0.98129284088158
63.25,77.82161,0.2867723,358.2181,-0.02344117,-1.317404,1.317612,0.02570331,121.1281640625,26.423375,0.988343102937427
63.5,78.37833,0.2941599,358.2058,-0.02361368,-1.321201,1.321412,0.02561825,121.022546875,26.631806640625,0.995413809522687
63.75,78.93665,0.3016438,358.1935,-0.02378697,-1.324985,1.325198,0.02553279,120.9161875,26.840962890625,1.00250486374386
64,79.49657,0.3092246,358.1812,-0.02396102,-1.328757,1.328973,0.02544695,120.8091328125,27.0508359375,1.00961607181393
64.25,80.05807,0.3169026,358.1688,-0.02413585,-1.332515,1.332734,0.02536073,120.70134375,27.261412109375,1.01674753062641
64.5,80.62116,0.3246786,358.1564,-0.02431144,-1.336261,1.336482,0.02527414,120.592890625,27.472689453125,1.02389914328779
64.75,81.18583,0.332553,358.144,-0.02448781,-1.339994,1.340218,0.02518718,120.4837734375,27.68464453125,1.03107071601106
65,81.75207,0.3405263,358.1315,-0.02466495,-1.343714,1.343941,0.02509985,120.3739765625,27.89728515625,1.03826234568973
65.25,82.31987,0.3485993,358.119,-0.02484286,-1.347421,1.34765,0.02501218,120.2635390625,28.11058984375,1.04547383853679
65.5,82.88924,0.3567723,358.1064,-0.02502154,-1.351115,1.351347,0.02492415,120.1524609375,28.324548828125,1.05270519455223
65.75,83.46016,0.3650458,358.0939,-0.025201,-1.354796,1.355031,0.02483578,120.0407578125,28.539158203125,1.05995631684257
66,84.03263,0.3734206,358.0812,-0.02538123,-1.358464,1.358701,0.02474707,119.92840625,28.75440625,1.06722710851428
66.25,84.60665,0.381897,358.0686,-0.02556223,-1.362119,1.362359,0.02465803,119.8154921875,28.970279296875,1.07451756956737
66.5,85.18221,0.3904755,358.0559,-0.02574401,-1.36576,1.366003,0.02456866,119.7019609375,29.1867734375,1.08182750621483
66.75,85.75929,0.3991566,358.0432,-0.02592656,-1.369388,1.369633,0.02447898,119.587859375,29.403869140625,1.08915701535016
67,86.33791,0.407941,358.0304,-0.02610989,-1.373003,1.373251,0.02438899,119.473203125,29.621568359375,1.09650590318637
67.25,86.91805,0.416829,358.0176,-0.02629399,-1.376604,1.376855,0.02429868,119.3579921875,29.839853515625,1.10387416972344
67.5,87.49971,0.4258212,358.0048,-0.02647887,-1.380191,1.380445,0.02420808,119.24225,30.05871875,1.11126171806787
67.75,88.08288,0.4349182,357.9919,-0.02666452,-1.383765,1.384022,0.02411718,119.1259609375,30.278154296875,1.11866845132616
68,88.66755,0.4441205,357.979,-0.02685095,-1.387326,1.387586,0.024026,119.0091796875,30.498142578125,1.1260942726048
68.25,89.25372,0.4534284,357.9661,-0.02703815,-1.390873,1.391136,0.02393452,118.891875,30.7186875,1.1335391819038
68.5,89.84138,0.4628425,357.9531,-0.02722613,-1.394407,1.394672,0.02384278,118.77409375,30.939767578125,1.14100298543615
68.75,90.43053,0.4723634,357.9401,-0.02741489,-1.397926,1.398195,0.02375075,118.6558046875,31.1613828125,1.14848578009534
69,91.02117,0.4819916,357.9271,-0.02760442,-1.401432,1.401704,0.02365848,118.5371015625,31.383509765625,1.15598737209437
69.25,91.61328,0.4917274,357.914,-0.02779473,-1.404925,1.4052,0.02356594,118.4179140625,31.606158203125,1.16350776143325
69.5,92.20686,0.5015713,357.9009,-0.02798581,-1.408403,1.408681,0.02347314,118.298296875,31.82930078125,1.17104685121846
69.75,92.80191,0.511524,357.8878,-0.02817767,-1.411868,1.412149,0.0233801,118.1782265625,32.0529375,1.1786045445565
70,93.39841,0.5215858,357.8746,-0.02837031,-1.415319,1.415603,0.02328682,118.0577578125,32.27705078125,1.18618074455387
70.25,93.99637,0.5317573,357.8614,-0.02856373,-1.418756,1.419043,0.02319331,117.93690625,32.501640625,1.19377535431707
70.5,94.59577,0.5420387,357.8482,-0.02875792,-1.422179,1.422469,0.02309956,117.8156484375,32.7266953125,1.20138847073959
70.75,95.19662,0.5524309,357.8349,-0.02895288,-1.425588,1.425882,0.02300559,117.693984375,32.95219921875,1.20901980314092
71,95.7989,0.5629342,357.8216,-0.02914863,-1.428983,1.42928,0.02291141,117.571984375,33.1781484375,1.21666944841458
71.25,96.4026,0.573549,357.8082,-0.02934514,-1.432364,1.432664,0.02281701,117.4495859375,33.40453125,1.22433721277355
71.5,97.00774,0.584276,357.7948,-0.02954243,-1.435731,1.436035,0.02272241,117.326890625,33.63133984375,1.23202309621782
71.75,97.61429,0.5951155,357.7814,-0.02974051,-1.439084,1.439391,0.02262762,117.203859375,33.8585625,1.23972700185391
72,98.22225,0.606068,357.768,-0.02993936,-1.442422,1.442733,0.02253263,117.0804921875,34.0861875,1.24744883278829
72.25,98.83162,0.6171339,357.7545,-0.03013898,-1.445747,1.446061,0.02243744,116.9568125,34.31421484375,1.25518858902098
72.5,99.44238,0.6283139,357.741,-0.03033938,-1.449057,1.449375,0.02234208,116.8328359375,34.542625,1.26294597987145
72.75,100.0545,0.6396083,357.7274,-0.03054056,-1.452353,1.452674,0.02224653,116.7085703125,34.7714140625,1.27072119912672
73,100.6681,0.6510175,357.7138,-0.03074251,-1.455635,1.45596,0.02215083,116.5840546875,35.0005703125,1.27851405299979
73.25,101.283,0.662542,357.7002,-0.03094523,-1.458903,1.459231,0.02205495,116.4592578125,35.2300859375,1.28632444459713
73.5,101.8993,0.6741824,357.6865,-0.03114874,-1.462156,1.462488,0.02195893,116.3342421875,35.459953125,1.29415227702526
73.75,102.517,0.685939,357.6729,-0.03135301,-1.465395,1.465731,0.02186273,116.2089296875,35.69015625,1.30199764717767
74,103.136,0.6978122,357.6591,-0.03155807,-1.46862,1.468959,0.0217664,116.0834296875,35.9206953125,1.30986016748034
74.25,103.7564,0.7098024,357.6454,-0.03176389,-1.47183,1.472173,0.02166992,115.957703125,36.15155078125,1.3177400317203
74.5,104.3782,0.7219101,357.6316,-0.03197049,-1.475026,1.475373,0.02157331,115.8317734375,36.3827265625,1.32563704611052
74.75,105.0013,0.7341359,357.6178,-0.03217787,-1.478208,1.478558,0.02147657,115.705671875,36.61420703125,1.33355121065101
75,105.6257,0.74648,357.6039,-0.03238601,-1.481375,1.481729,0.02137969,115.57934375,36.84598046875,1.34148242844826
75.25,106.2514,0.7589429,357.59,-0.03259493,-1.484528,1.484885,0.02128271,115.4528828125,37.0780390625,1.34943050571526
75.5,106.8785,0.771525,357.5761,-0.03280463,-1.487666,1.488027,0.0211856,115.32625,37.31037890625,1.35739553934552
75.75,107.507,0.7842268,357.5621,-0.03301509,-1.49079,1.491155,0.02108838,115.199453125,37.542984375,1.36537733555203
76,108.1367,0.7970489,357.5482,-0.03322633,-1.493899,1.494268,0.02099107,115.0725390625,37.77584765625,1.37337579744129
76.25,108.7677,0.8099915,357.5341,-0.03343833,-1.496994,1.497367,0.02089366,114.9455078125,38.00896484375,1.3813909250133
76.5,109.4,0.8230549,357.5201,-0.03365111,-1.500074,1.500451,0.02079615,114.8183515625,38.24232421875,1.38942262137454
76.75,110.0337,0.8362399,357.506,-0.03386466,-1.50314,1.503521,0.02069856,114.691078125,38.4759140625,1.39747069273802
77,110.6686,0.8495467,357.4919,-0.03407898,-1.506191,1.506576,0.02060088,114.5637109375,38.70973828125,1.40553523599723
77.25,111.3048,0.8629758,357.4777,-0.03429407,-1.509227,1.509617,0.02050313,114.436265625,38.94376953125,1.41361615425868
77.5,111.9423,0.8765275,357.4635,-0.03450993,-1.512249,1.512643,0.0204053,114.3087421875,39.178015625,1.42171335062885
77.75,112.581,0.890202,357.4493,-0.03472655,-1.515257,1.515655,0.02030741,114.1811484375,39.412453125,1.42982663132074
78,113.221,0.9040002,357.435,-0.03494395,-1.51825,1.518652,0.02020946,114.05353125,39.64708203125,1.43795599633436
78.25,113.8623,0.9179221,357.4207,-0.03516211,-1.521228,1.521634,0.02011145,113.92584375,39.88190234375,1.44610144566969
78.5,114.5049,0.9319683,357.4064,-0.03538104,-1.524191,1.524602,0.02001339,113.798140625,40.11688671875,1.45426278553973
78.75,115.1486,0.9461391,357.392,-0.03560073,-1.52714,1.527555,0.01991529,113.6704296875,40.35204296875,1.46243991905098
79,115.7937,0.960435,357.3777,-0.0358212,-1.530075,1.530494,0.01981715,113.5426796875,40.5873515625,1.47063294309694
79.25,116.4399,0.9748564,357.3632,-0.03604242,-1.532994,1.533418,0.01971897,113.4149453125,40.8228125,1.4788416638906
79.5,117.0874,0.9894037,357.3488,-0.03626441,-1.535899,1.536327,0.01962076,113.28721875,41.05841796875,1.48706598453846
79.75,117.7361,1.004077,357.3343,-0.03648717,-1.53879,1.539222,0.01952253,113.1595,41.29415234375,1.49530580814702
80,118.386,1.018877,357.3198,-0.03671069,-1.541666,1.542103,0.01942427,113.03184375,41.530015625,1.50356113471626
80.25,119.0371,1.033804,357.3052,-0.03693496,-1.544527,1.544968,0.019326,112.9041796875,41.76599609375,1.5118317704592
80.5,119.6895,1.048858,357.2906,-0.03716001,-1.547373,1.547819,0.01922772,112.77659375,42.0020859375,1.52011771537581
80.75,120.343,1.064041,357.276,-0.03738581,-1.550205,1.550656,0.01912943,112.6490625,42.23826953125,1.52841896946611
81,120.9977,1.079351,357.2614,-0.03761237,-1.553022,1.553477,0.01903114,112.52159375,42.47455078125,1.53673524204959
81.25,121.6536,1.094789,357.2466,-0.0378397,-1.555825,1.556285,0.01893286,112.394203125,42.71092578125,1.54506672691324
81.5,122.3107,1.110357,357.2319,-0.03806778,-1.558612,1.559077,0.01883458,112.2668984375,42.94737109375,1.55341313337656
81.75,122.969,1.126053,357.2172,-0.03829662,-1.561385,1.561855,0.01873632,112.1396875,43.183890625,1.56177446143955
82,123.6284,1.141879,357.2024,-0.03852621,-1.564144,1.564618,0.01863807,112.012578125,43.42047265625,1.5701506142087
82.25,124.289,1.157835,357.1876,-0.03875657,-1.566887,1.567367,0.01853985,111.885609375,43.65710546875,1.57854159168401
82.5,124.9507,1.173922,357.1727,-0.03898767,-1.569617,1.570101,0.01844166,111.758734375,43.8937890625,1.58694720007848
82.75,125.6136,1.190139,357.1578,-0.03921954,-1.572331,1.57282,0.01834349,111.632,44.13051953125,1.59536743939211
83,126.2776,1.206487,357.1429,-0.03945215,-1.575031,1.575525,0.01824536,111.50540625,44.36728125,1.60380211583787
83.25,126.9428,1.222966,357.128,-0.03968552,-1.577716,1.578215,0.01814727,111.378953125,44.6040625,1.61225132630929
83.5,127.6091,1.239577,357.113,-0.03991964,-1.580387,1.580891,0.01804923,111.2526640625,44.8408671875,1.62071487701935
83.75,128.2765,1.25632,357.098,-0.04015451,-1.583042,1.583552,0.01795124,111.1265546875,45.07768359375,1.62919276796806
84,128.945,1.273195,357.0829,-0.04039013,-1.585684,1.586198,0.0178533,111.000625,45.3145078125,1.63768490226189
84.25,129.6147,1.290203,357.0678,-0.0406265,-1.58831,1.58883,0.01775542,110.8748828125,45.55132421875,1.64619118300737
84.5,130.2854,1.307344,357.0527,-0.04086362,-1.590922,1.591447,0.01765759,110.7493046875,45.788140625,1.65471141641746
84.75,130.9573,1.324618,357.0376,-0.04110149,-1.593519,1.594049,0.01755984,110.623953125,46.0249375,1.66324560249218
85,131.6302,1.342026,357.0224,-0.0413401,-1.596102,1.596637,0.01746216,110.4988125,46.261703125,1.67179354744452
85.25,132.3042,1.359568,357.0072,-0.04157946,-1.59867,1.599211,0.01736455,110.373859375,46.4984453125,1.68035563884848
85.5,132.9793,1.377244,356.9919,-0.04181955,-1.601224,1.60177,0.01726702,110.24915625,46.7351484375,1.68893110155605
85.75,133.6555,1.395055,356.9767,-0.0420604,-1.603763,1.604314,0.01716958,110.1246953125,46.9718125,1.69752051692824
86,134.3327,1.413001,356.9614,-0.04230198,-1.606287,1.606844,0.01707222,110.0004609375,47.20842578125,1.70612349739104
86.25,135.011,1.431082,356.946,-0.04254431,-1.608797,1.60936,0.01697495,109.87646875,47.44498046875,1.71473984915743
86.5,135.6904,1.449298,356.9307,-0.04278737,-1.611293,1.611861,0.01687779,109.7527578125,47.68146875,1.72336957222743
86.75,136.3708,1.467651,356.9153,-0.04303118,-1.613773,1.614347,0.01678072,109.6292890625,47.917890625,1.73201286038803
87,137.0522,1.48614,356.8998,-0.04327572,-1.61624,1.616819,0.01668375,109.5061171875,48.15423046875,1.74066913227821
87.25,137.7347,1.504765,356.8844,-0.043521,-1.618691,1.619276,0.01658689,109.3832265625,48.39050390625,1.74933877547198
87.5,138.4182,1.523527,356.8689,-0.04376702,-1.621129,1.621719,0.01649014,109.260609375,48.62668359375,1.75802140239534
87.75,139.1028,1.542426,356.8534,-0.04401376,-1.623552,1.624148,0.01639351,109.1382890625,48.862765625,1.76671720683529
88,139.7883,1.561462,356.8378,-0.04426125,-1.62596,1.626562,0.016297,109.0162734375,49.0987421875,1.77542618879183
88.25,140.4749,1.580636,356.8222,-0.04450946,-1.628354,1.628962,0.0162006,108.8945625,49.33462109375,1.78414776690393
88.5,141.1625,1.599948,356.8066,-0.0447584,-1.630733,1.631347,0.01610433,108.773171875,49.57038671875,1.79288213495861
88.75,141.8511,1.619398,356.7909,-0.04500807,-1.633098,1.633719,0.01600819,108.65209375,49.80603125,1.80162948674286
89,142.5406,1.638986,356.7752,-0.04525847,-1.635449,1.636075,0.01591219,108.531359375,50.04155859375,1.81038943468268
89.25,143.2312,1.658713,356.7596,-0.04550959,-1.637786,1.638418,0.01581633,108.4109609375,50.27694921875,1.81916159120404
89.5,143.9227,1.67858,356.7438,-0.04576144,-1.640108,1.640746,0.01572059,108.290890625,50.51220703125,1.82794653766798
89.75,144.6152,1.698585,356.728,-0.04601401,-1.642415,1.64306,0.01562501,108.1711875,50.74732421875,1.83674408028748
90,145.3087,1.71873,356.7122,-0.04626731,-1.644709,1.645359,0.01552957,108.051828125,50.9822890625,1.84555363770151
90.25,146.0032,1.739015,356.6964,-0.04652133,-1.646988,1.647645,0.01543429,107.93284375,51.217109375,1.8543755974841
90.5,146.6986,1.75944,356.6805,-0.04677607,-1.649252,1.649916,0.01533916,107.8142421875,51.451765625,1.86320957206123
90.75,147.3949,1.780006,356.6646,-0.04703153,-1.651503,1.652173,0.01524418,107.6959921875,51.68626171875,1.87205594900692
91,148.0923,1.800712,356.6487,-0.0472877,-1.653739,1.654415,0.01514937,107.5781484375,51.92059765625,1.88091434074714
91.25,148.7905,1.821559,356.6327,-0.04754459,-1.655961,1.656644,0.01505473,107.4606796875,52.15475,1.8897847472819
91.5,149.4897,1.842547,356.6167,-0.04780219,-1.658169,1.658858,0.01496024,107.3435859375,52.3887265625,1.89866678103718
91.75,150.1898,1.863676,356.6006,-0.04806051,-1.660363,1.661058,0.01486593,107.226921875,52.62251953125,1.90756082958699
92,150.8908,1.884947,356.5846,-0.04831954,-1.662543,1.663245,0.01477179,107.11065625,52.85612109375,1.91646650535733
92.25,151.5927,1.90636,356.5685,-0.04857928,-1.664708,1.665417,0.01467783,106.9947890625,53.0895234375,1.92538380834818
92.5,152.2956,1.927915,356.5524,-0.04883973,-1.66686,1.667575,0.01458405,106.87934375,53.322734375,1.93431273855956
92.75,152.9993,1.949612,356.5362,-0.04910089,-1.668997,1.669719,0.01449046,106.7643515625,53.5557421875,1.94325310220445
93,153.704,1.971452,356.5201,-0.04936275,-1.67112,1.671849,0.01439704,106.6497578125,53.7885390625,1.95220509306985
93.25,154.4095,1.993435,356.5038,-0.04962531,-1.673229,1.673965,0.01430382,106.53559375,54.02112109375,1.96116832358176
93.5,155.116,2.015561,356.4875,-0.04988858,-1.675325,1.676067,0.01421079,106.421890625,54.253484375,1.97014298752719
93.75,155.8233,2.03783,356.4713,-0.05015255,-1.677406,1.678156,0.01411796,106.308640625,54.4856328125,1.9791286973321
94,156.5315,2.060243,356.455,-0.05041722,-1.679474,1.68023,0.01402532,106.1958203125,54.717546875,1.98812584057053
94.25,157.2405,2.082799,356.4386,-0.05068259,-1.681527,1.682291,0.01393288,106.0834453125,54.949234375,1.99713383588144
94.5,157.9504,2.1055,356.4223,-0.05094865,-1.683567,1.684337,0.01384064,105.971546875,55.18068359375,2.00615287705185
94.75,158.6612,2.128344,356.4059,-0.05121541,-1.685592,1.68637,0.01374862,105.860125,55.41189453125,2.01518257650773
95,159.3728,2.151333,356.3895,-0.05148286,-1.687604,1.68839,0.01365679,105.7491328125,55.64285546875,2.02422351561012
95.25,160.0853,2.174466,356.373,-0.05175101,-1.689602,1.690395,0.01356518,105.6386484375,55.87356640625,2.03327491921097
95.5,160.7986,2.197744,356.3565,-0.05201984,-1.691587,1.692387,0.0134738,105.52865625,56.10402734375,2.0423369810973
95.75,161.5127,2.221168,356.3399,-0.05228937,-1.693558,1.694365,0.01338262,105.4191171875,56.33423046875,2.05140989505612
96,162.2277,2.244736,356.3234,-0.05255958,-1.695515,1.696329,0.01329166,105.310078125,56.564171875,2.0604932735134
96.25,162.9435,2.26845,356.3068,-0.05283048,-1.697458,1.69828,0.01320092,105.2015234375,56.79384765625,2.06958711646916
96.5,163.6601,2.29231,356.2902,-0.05310206,-1.699387,1.700217,0.01311041,105.093484375,57.0232578125,2.07869123013637
96.75,164.3775,2.316315,356.2736,-0.05337432,-1.701303,1.702141,0.01302013,104.985953125,57.25237890625,2.08780600208906
97,165.0957,2.340466,356.2569,-0.05364726,-1.703206,1.704051,0.01293007,104.8789140625,57.48125,2.09693065717919
97.25,165.8148,2.364764,356.2402,-0.05392089,-1.705095,1.705947,0.01284026,104.7723984375,57.70981640625,2.10606577676778
97.5,166.5346,2.389207,356.2235,-0.05419518,-1.70697,1.70783,0.01275067,104.6663671875,57.93809765625,2.11521097328083
97.75,167.2552,2.413797,356.2067,-0.05447016,-1.708832,1.7097,0.01266131,104.560875,58.16610546875,2.12436605293132
98,167.9765,2.438534,356.1899,-0.0547458,-1.71068,1.711556,0.0125722,104.45590625,58.39381640625,2.13353120950627
98.25,168.6987,2.463417,356.1731,-0.05502212,-1.712515,1.713399,0.01248333,104.351453125,58.6212265625,2.14270624921865
98.5,169.4216,2.488448,356.1562,-0.05529912,-1.714337,1.715228,0.0123947,104.24753125,58.84833984375,2.15189117206848
98.75,170.1453,2.513626,356.1393,-0.05557678,-1.716145,1.717044,0.01230633,104.1441640625,59.0751484375,2.16108578426874
99,170.8698,2.538952,356.1224,-0.0558551,-1.717939,1.718847,0.0122182,104.0413359375,59.30165234375,2.17029008581943
99.25,171.595,2.564425,356.1055,-0.05613409,-1.719721,1.720637,0.01213031,103.9390078125,59.5278515625,2.17950407672056
99.5,172.3209,2.590045,356.0885,-0.05641374,-1.721489,1.722414,0.01204268,103.837265625,59.753734375,2.18872756318511
99.75,173.0476,2.615814,356.0715,-0.05669406,-1.723244,1.724177,0.01195531,103.736046875,59.9793046875,2.19796054521308
